GAS LISTING /tmp/ccOTZ7bf.s 			page 1


   1               		.file	"timer0.cpp"
   2               	__SP_H__ = 0x3e
   3               	__SP_L__ = 0x3d
   4               	__SREG__ = 0x3f
   5               	__tmp_reg__ = 0
   6               	__zero_reg__ = 1
   7               		.text
   8               	.Ltext0:
   9               		.cfi_sections	.debug_frame
  10               		.file 1 "funsape/peripheral/timer0.cpp"
  11               		.section	.text._ZN6Timer0C2Ev,"ax",@progbits
  12               	.global	_ZN6Timer0C2Ev
  14               	_ZN6Timer0C2Ev:
  15               	.LVL0:
  16               	.LFB145:
   1:funsape/peripheral/timer0.cpp **** //!
   2:funsape/peripheral/timer0.cpp **** //! ****************************************************************************
   3:funsape/peripheral/timer0.cpp **** //! @file           timer0.cpp
   4:funsape/peripheral/timer0.cpp **** //! @author         Leandro Schwarz (bladabuska+funsapeavr8lib@gmail.com)
   5:funsape/peripheral/timer0.cpp **** //! @brief          TIMER0 peripheral control.
   6:funsape/peripheral/timer0.cpp **** //! @details        This file provides peripheral control for the TIMER0 module
   7:funsape/peripheral/timer0.cpp **** //!                     for the FunSAPE++ AVR8 Library.
   8:funsape/peripheral/timer0.cpp **** //! @date           2026-04-03
   9:funsape/peripheral/timer0.cpp **** //! @version        26.04
  10:funsape/peripheral/timer0.cpp **** //! @copyright      MIT License
  11:funsape/peripheral/timer0.cpp **** //! @note           No notes at this time.
  12:funsape/peripheral/timer0.cpp **** //! @todo           No items in todo list yet.
  13:funsape/peripheral/timer0.cpp **** //! @bug            No bugs detected yet.
  14:funsape/peripheral/timer0.cpp **** //! ****************************************************************************
  15:funsape/peripheral/timer0.cpp **** //! @attention
  16:funsape/peripheral/timer0.cpp **** //!
  17:funsape/peripheral/timer0.cpp **** //! MIT License
  18:funsape/peripheral/timer0.cpp **** //!
  19:funsape/peripheral/timer0.cpp **** //! Copyright (c) 2026 Leandro Schwarz
  20:funsape/peripheral/timer0.cpp **** //!
  21:funsape/peripheral/timer0.cpp **** //! Permission is hereby granted, free of charge, to any person obtaining a copy
  22:funsape/peripheral/timer0.cpp **** //!     of this software and associated documentation files (the "Software"), to
  23:funsape/peripheral/timer0.cpp **** //!     deal in the Software without restriction, including without limitation
  24:funsape/peripheral/timer0.cpp **** //!     the rights to use, copy, modify, merge, publish, distribute, sublicense,
  25:funsape/peripheral/timer0.cpp **** //!     and/or sell copies of the Software, and to permit persons to whom the
  26:funsape/peripheral/timer0.cpp **** //!     Software is furnished to do so, subject to the following conditions:
  27:funsape/peripheral/timer0.cpp **** //!
  28:funsape/peripheral/timer0.cpp **** //! The above copyright notice and this permission notice shall be included in
  29:funsape/peripheral/timer0.cpp **** //!     all copies or substantial portions of the Software.
  30:funsape/peripheral/timer0.cpp **** //!
  31:funsape/peripheral/timer0.cpp **** //! THE SOFTWARE IS PROVIDED "AS IS", WITHOUT WARRANTY OF ANY KIND, EXPRESS OR
  32:funsape/peripheral/timer0.cpp **** //!     IMPLIED, INCLUDING BUT NOT LIMITED TO THE WARRANTIES OF MERCHANTABILITY,
  33:funsape/peripheral/timer0.cpp **** //!     FITNESS FOR A PARTICULAR PURPOSE AND NONINFRINGEMENT. IN NO EVENT SHALL
  34:funsape/peripheral/timer0.cpp **** //!     THE AUTHORS OR COPYRIGHT HOLDERS BE LIABLE FOR ANY CLAIM, DAMAGES OR
  35:funsape/peripheral/timer0.cpp **** //!     OTHER LIABILITY, WHETHER IN AN ACTION OF CONTRACT, TORT OR OTHERWISE,
  36:funsape/peripheral/timer0.cpp **** //!     ARISING FROM, OUT OF OR IN CONNECTION WITH THE SOFTWARE OR THE USE OR
  37:funsape/peripheral/timer0.cpp **** //!     OTHER DEALINGS IN THE SOFTWARE.
  38:funsape/peripheral/timer0.cpp **** //!
  39:funsape/peripheral/timer0.cpp **** //! ****************************************************************************
  40:funsape/peripheral/timer0.cpp **** //!
  41:funsape/peripheral/timer0.cpp **** 
  42:funsape/peripheral/timer0.cpp **** // =============================================================================
GAS LISTING /tmp/ccOTZ7bf.s 			page 2


  43:funsape/peripheral/timer0.cpp **** // System file dependencies
  44:funsape/peripheral/timer0.cpp **** // =============================================================================
  45:funsape/peripheral/timer0.cpp **** 
  46:funsape/peripheral/timer0.cpp **** #include "timer0.hpp"
  47:funsape/peripheral/timer0.cpp **** #if !defined(__TIMER0_HPP)
  48:funsape/peripheral/timer0.cpp **** #    error Error 1 - Header file (timer0.hpp) is missing or corrupted!
  49:funsape/peripheral/timer0.cpp **** #elif __TIMER0_HPP != 2604
  50:funsape/peripheral/timer0.cpp **** #    error Error 6 - Build mismatch between header file (timer0.hpp) and source file (timer0.cpp)!
  51:funsape/peripheral/timer0.cpp **** #endif
  52:funsape/peripheral/timer0.cpp **** 
  53:funsape/peripheral/timer0.cpp **** // =============================================================================
  54:funsape/peripheral/timer0.cpp **** // File exclusive - Constants
  55:funsape/peripheral/timer0.cpp **** // =============================================================================
  56:funsape/peripheral/timer0.cpp **** 
  57:funsape/peripheral/timer0.cpp **** // NONE
  58:funsape/peripheral/timer0.cpp **** 
  59:funsape/peripheral/timer0.cpp **** // =============================================================================
  60:funsape/peripheral/timer0.cpp **** // File exclusive - New data types
  61:funsape/peripheral/timer0.cpp **** // =============================================================================
  62:funsape/peripheral/timer0.cpp **** 
  63:funsape/peripheral/timer0.cpp **** // NONE
  64:funsape/peripheral/timer0.cpp **** 
  65:funsape/peripheral/timer0.cpp **** // =============================================================================
  66:funsape/peripheral/timer0.cpp **** // File exclusive - Macro-functions
  67:funsape/peripheral/timer0.cpp **** // =============================================================================
  68:funsape/peripheral/timer0.cpp **** 
  69:funsape/peripheral/timer0.cpp **** // NONE
  70:funsape/peripheral/timer0.cpp **** 
  71:funsape/peripheral/timer0.cpp **** // =============================================================================
  72:funsape/peripheral/timer0.cpp **** // Global variables
  73:funsape/peripheral/timer0.cpp **** // =============================================================================
  74:funsape/peripheral/timer0.cpp **** 
  75:funsape/peripheral/timer0.cpp **** Timer0 Timer0::_instance;
  76:funsape/peripheral/timer0.cpp **** 
  77:funsape/peripheral/timer0.cpp **** // =============================================================================
  78:funsape/peripheral/timer0.cpp **** // Static functions declarations
  79:funsape/peripheral/timer0.cpp **** // =============================================================================
  80:funsape/peripheral/timer0.cpp **** 
  81:funsape/peripheral/timer0.cpp **** // NONE
  82:funsape/peripheral/timer0.cpp **** 
  83:funsape/peripheral/timer0.cpp **** // =============================================================================
  84:funsape/peripheral/timer0.cpp **** // Public function definitions
  85:funsape/peripheral/timer0.cpp **** // =============================================================================
  86:funsape/peripheral/timer0.cpp **** 
  87:funsape/peripheral/timer0.cpp **** // NONE
  88:funsape/peripheral/timer0.cpp **** 
  89:funsape/peripheral/timer0.cpp **** // =============================================================================
  90:funsape/peripheral/timer0.cpp **** // Class constructors
  91:funsape/peripheral/timer0.cpp **** // =============================================================================
  92:funsape/peripheral/timer0.cpp **** 
  93:funsape/peripheral/timer0.cpp **** Timer0::Timer0() :
  17               		.loc 1 93 1 view -0
  18               		.cfi_startproc
  19               	/* prologue: function */
  20               	/* frame size = 0 */
  21               	/* stack size = 0 */
  22               	.L__stack_usage = 0
GAS LISTING /tmp/ccOTZ7bf.s 			page 3


  23               		.loc 1 93 1 is_stmt 0 view .LVU1
  24 0000 FC01      		movw r30,r24
  25               	.LBB2:
  94:funsape/peripheral/timer0.cpp ****     _isInitialized(false),
  26               		.loc 1 94 5 view .LVU2
  27 0002 8081      		ld r24,Z
  28               	.LVL1:
  29               		.loc 1 94 5 view .LVU3
  30 0004 8E7F      		andi r24,lo8(~(1<<0))
  31 0006 8083      		st Z,r24
  95:funsape/peripheral/timer0.cpp ****     _lastError(Error::NONE),
  32               		.loc 1 95 5 view .LVU4
  33 0008 1282      		std Z+2,__zero_reg__
  34 000a 1182      		std Z+1,__zero_reg__
  96:funsape/peripheral/timer0.cpp ****     _clockSource(Timer0::ClockSource::DISABLED),
  35               		.loc 1 96 5 view .LVU5
  36 000c 1382      		std Z+3,__zero_reg__
  97:funsape/peripheral/timer0.cpp ****     _mode(Timer0::Mode::NORMAL)
  37               		.loc 1 97 5 view .LVU6
  38 000e 1482      		std Z+4,__zero_reg__
  98:funsape/peripheral/timer0.cpp **** {
  99:funsape/peripheral/timer0.cpp ****     // Mark passage for debugging purpose
 100:funsape/peripheral/timer0.cpp ****     debugMark(PSTR("Timer0::Timer0(void)"), Debug::CodeIndex::TIMER0_MODULE);
  39               		.loc 1 100 5 is_stmt 1 view .LVU7
 101:funsape/peripheral/timer0.cpp **** 
 102:funsape/peripheral/timer0.cpp ****     // Returns successfully
 103:funsape/peripheral/timer0.cpp ****     this->_lastError = Error::NONE;
  40               		.loc 1 103 5 view .LVU8
 104:funsape/peripheral/timer0.cpp ****     debugMessage(Error::NONE, Debug::CodeIndex::TIMER0_MODULE);
  41               		.loc 1 104 5 view .LVU9
 105:funsape/peripheral/timer0.cpp ****     return;
  42               		.loc 1 105 5 view .LVU10
  43               	/* epilogue start */
  44               	.LBE2:
 106:funsape/peripheral/timer0.cpp **** }
  45               		.loc 1 106 1 is_stmt 0 view .LVU11
  46 0010 0895      		ret
  47               		.cfi_endproc
  48               	.LFE145:
  50               	.global	_ZN6Timer0C1Ev
  51               		.set	_ZN6Timer0C1Ev,_ZN6Timer0C2Ev
  52               		.section	.text._Z41__static_initialization_and_destruction_0v,"ax",@progbits
  54               	_Z41__static_initialization_and_destruction_0v:
  55               	.LFB160:
 107:funsape/peripheral/timer0.cpp **** 
 108:funsape/peripheral/timer0.cpp **** Timer0::~Timer0()
 109:funsape/peripheral/timer0.cpp **** {
 110:funsape/peripheral/timer0.cpp ****     // Mark passage for debugging purpose
 111:funsape/peripheral/timer0.cpp ****     debugMark(PSTR("Timer0::~Timer0(void)"), Debug::CodeIndex::TIMER0_MODULE);
 112:funsape/peripheral/timer0.cpp **** 
 113:funsape/peripheral/timer0.cpp ****     // Returns successfully
 114:funsape/peripheral/timer0.cpp ****     debugMessage(Error::NONE, Debug::CodeIndex::TIMER0_MODULE);
 115:funsape/peripheral/timer0.cpp ****     return;
 116:funsape/peripheral/timer0.cpp **** }
 117:funsape/peripheral/timer0.cpp **** 
 118:funsape/peripheral/timer0.cpp **** // =============================================================================
 119:funsape/peripheral/timer0.cpp **** // Class own methods - Public
GAS LISTING /tmp/ccOTZ7bf.s 			page 4


 120:funsape/peripheral/timer0.cpp **** // =============================================================================
 121:funsape/peripheral/timer0.cpp **** 
 122:funsape/peripheral/timer0.cpp **** //     ///////////////////     CONTROL AND STATUS     ///////////////////     //
 123:funsape/peripheral/timer0.cpp **** 
 124:funsape/peripheral/timer0.cpp **** bool_t Timer0::init(const Timer0::Mode mode_p, const Timer0::ClockSource clockSource_p)
 125:funsape/peripheral/timer0.cpp **** {
 126:funsape/peripheral/timer0.cpp ****     // Mark passage for debugging purpose
 127:funsape/peripheral/timer0.cpp ****     debugMark(PSTR("Timer0::init(const Timer0::Mode, const Timer0::ClockSource)"), Debug::CodeIndex
 128:funsape/peripheral/timer0.cpp **** 
 129:funsape/peripheral/timer0.cpp ****     // Local variables
 130:funsape/peripheral/timer0.cpp ****     uint8_t auxTccr0A   = MCU_TIMER0_CTRL_A_REG;
 131:funsape/peripheral/timer0.cpp ****     uint8_t auxTccr0B   = MCU_TIMER0_CTRL_B_REG;
 132:funsape/peripheral/timer0.cpp ****     uint8_t aux8        = 0;
 133:funsape/peripheral/timer0.cpp **** 
 134:funsape/peripheral/timer0.cpp ****     // Configure mode
 135:funsape/peripheral/timer0.cpp ****     aux8 = (uint8_t)mode_p;
 136:funsape/peripheral/timer0.cpp ****     clrMaskOffset(auxTccr0A, MCU_TIMER0_MODE_BIT_0_MASK, MCU_TIMER0_MODE_BIT_0_POS);
 137:funsape/peripheral/timer0.cpp ****     clrMaskOffset(auxTccr0B, MCU_TIMER0_MODE_BIT_2_MASK, MCU_TIMER0_MODE_BIT_2_POS);
 138:funsape/peripheral/timer0.cpp ****     setMaskOffset(auxTccr0A, (aux8 & 0x03), MCU_TIMER0_MODE_BIT_0_POS);
 139:funsape/peripheral/timer0.cpp ****     setMaskOffset(auxTccr0B, (aux8 >> 2), MCU_TIMER0_MODE_BIT_2_POS);
 140:funsape/peripheral/timer0.cpp ****     // Configure clock source
 141:funsape/peripheral/timer0.cpp ****     clrMaskOffset(auxTccr0B, MCU_TIMER0_CLOCK_BIT_MASK, MCU_TIMER0_CLOCK_BIT_POS);
 142:funsape/peripheral/timer0.cpp ****     setMaskOffset(auxTccr0B, ((uint8_t)clockSource_p), MCU_TIMER0_CLOCK_BIT_POS);
 143:funsape/peripheral/timer0.cpp **** 
 144:funsape/peripheral/timer0.cpp ****     // Update registers
 145:funsape/peripheral/timer0.cpp ****     MCU_TIMER0_CTRL_A_REG          = auxTccr0A;
 146:funsape/peripheral/timer0.cpp ****     MCU_TIMER0_CTRL_B_REG          = auxTccr0B;
 147:funsape/peripheral/timer0.cpp **** 
 148:funsape/peripheral/timer0.cpp ****     // Update class members
 149:funsape/peripheral/timer0.cpp ****     this->_mode             = mode_p;
 150:funsape/peripheral/timer0.cpp ****     this->_clockSource      = clockSource_p;
 151:funsape/peripheral/timer0.cpp ****     this->_isInitialized    = true;
 152:funsape/peripheral/timer0.cpp **** 
 153:funsape/peripheral/timer0.cpp ****     // Returns successfully
 154:funsape/peripheral/timer0.cpp ****     this->_lastError = Error::NONE;
 155:funsape/peripheral/timer0.cpp ****     debugMessage(Error::NONE, Debug::CodeIndex::TIMER0_MODULE);
 156:funsape/peripheral/timer0.cpp ****     return true;
 157:funsape/peripheral/timer0.cpp **** }
 158:funsape/peripheral/timer0.cpp **** 
 159:funsape/peripheral/timer0.cpp **** bool_t Timer0::setClockSource(const Timer0::ClockSource clockSource_p)
 160:funsape/peripheral/timer0.cpp **** {
 161:funsape/peripheral/timer0.cpp ****     // Mark passage for debugging purpose
 162:funsape/peripheral/timer0.cpp ****     debugMark(PSTR("Timer0::setClockSource(const Timer0::ClockSource)"), Debug::CodeIndex::TIMER0_M
 163:funsape/peripheral/timer0.cpp **** 
 164:funsape/peripheral/timer0.cpp ****     // Local variables
 165:funsape/peripheral/timer0.cpp ****     uint8_t auxTccr0B = MCU_TIMER0_CTRL_B_REG;
 166:funsape/peripheral/timer0.cpp **** 
 167:funsape/peripheral/timer0.cpp ****     // Configure clock source
 168:funsape/peripheral/timer0.cpp ****     clrMaskOffset(auxTccr0B, MCU_TIMER0_CLOCK_BIT_MASK, MCU_TIMER0_CLOCK_BIT_POS);
 169:funsape/peripheral/timer0.cpp ****     setMaskOffset(auxTccr0B, ((uint8_t)clockSource_p), MCU_TIMER0_CLOCK_BIT_POS);
 170:funsape/peripheral/timer0.cpp **** 
 171:funsape/peripheral/timer0.cpp ****     // Update registers
 172:funsape/peripheral/timer0.cpp ****     MCU_TIMER0_CTRL_B_REG          = auxTccr0B;
 173:funsape/peripheral/timer0.cpp **** 
 174:funsape/peripheral/timer0.cpp ****     // Update class members
 175:funsape/peripheral/timer0.cpp ****     this->_clockSource      = clockSource_p;
 176:funsape/peripheral/timer0.cpp **** 
GAS LISTING /tmp/ccOTZ7bf.s 			page 5


 177:funsape/peripheral/timer0.cpp ****     // Returns successfully
 178:funsape/peripheral/timer0.cpp ****     this->_lastError = Error::NONE;
 179:funsape/peripheral/timer0.cpp ****     debugMessage(Error::NONE, Debug::CodeIndex::TIMER0_MODULE);
 180:funsape/peripheral/timer0.cpp ****     return true;
 181:funsape/peripheral/timer0.cpp **** }
 182:funsape/peripheral/timer0.cpp **** 
 183:funsape/peripheral/timer0.cpp **** bool_t Timer0::setMode(const Timer0::Mode mode_p)
 184:funsape/peripheral/timer0.cpp **** {
 185:funsape/peripheral/timer0.cpp ****     // Mark passage for debugging purpose
 186:funsape/peripheral/timer0.cpp ****     debugMark(PSTR("Timer0::setMode(const Timer0::Mode)"), Debug::CodeIndex::TIMER0_MODULE);
 187:funsape/peripheral/timer0.cpp **** 
 188:funsape/peripheral/timer0.cpp ****     // Local variables
 189:funsape/peripheral/timer0.cpp ****     uint8_t auxTccr0A = MCU_TIMER0_CTRL_A_REG;
 190:funsape/peripheral/timer0.cpp ****     uint8_t auxTccr0B = MCU_TIMER0_CTRL_B_REG;
 191:funsape/peripheral/timer0.cpp ****     uint8_t aux8 = 0;
 192:funsape/peripheral/timer0.cpp **** 
 193:funsape/peripheral/timer0.cpp ****     // Configure mode
 194:funsape/peripheral/timer0.cpp ****     aux8 = (uint8_t)mode_p;
 195:funsape/peripheral/timer0.cpp ****     clrMaskOffset(auxTccr0A, MCU_TIMER0_MODE_BIT_0_MASK, MCU_TIMER0_MODE_BIT_0_POS);
 196:funsape/peripheral/timer0.cpp ****     clrMaskOffset(auxTccr0B, MCU_TIMER0_MODE_BIT_2_MASK, MCU_TIMER0_MODE_BIT_2_POS);
 197:funsape/peripheral/timer0.cpp ****     setMaskOffset(auxTccr0A, (aux8 & 0x03), MCU_TIMER0_MODE_BIT_0_POS);
 198:funsape/peripheral/timer0.cpp ****     setMaskOffset(auxTccr0B, (aux8 >> 2), MCU_TIMER0_MODE_BIT_2_POS);
 199:funsape/peripheral/timer0.cpp **** 
 200:funsape/peripheral/timer0.cpp ****     // Update registers
 201:funsape/peripheral/timer0.cpp ****     MCU_TIMER0_CTRL_A_REG          = auxTccr0A;
 202:funsape/peripheral/timer0.cpp ****     MCU_TIMER0_CTRL_B_REG          = auxTccr0B;
 203:funsape/peripheral/timer0.cpp **** 
 204:funsape/peripheral/timer0.cpp ****     // Update class members
 205:funsape/peripheral/timer0.cpp ****     this->_mode     = mode_p;
 206:funsape/peripheral/timer0.cpp **** 
 207:funsape/peripheral/timer0.cpp ****     // Returns successfully
 208:funsape/peripheral/timer0.cpp ****     this->_lastError = Error::NONE;
 209:funsape/peripheral/timer0.cpp ****     debugMessage(Error::NONE, Debug::CodeIndex::TIMER0_MODULE);
 210:funsape/peripheral/timer0.cpp ****     return true;
 211:funsape/peripheral/timer0.cpp **** }
 212:funsape/peripheral/timer0.cpp **** 
 213:funsape/peripheral/timer0.cpp **** bool_t Timer0::setOutputMode(const Timer0::OutputMode compA_p, const Timer0::OutputMode compB_p)
 214:funsape/peripheral/timer0.cpp **** {
 215:funsape/peripheral/timer0.cpp ****     // Mark passage for debugging purpose
 216:funsape/peripheral/timer0.cpp ****     debugMark(PSTR("Timer0::setOutputMode(const Timer0::OutputMode, const Timer0::OutputMode)"),
 217:funsape/peripheral/timer0.cpp ****             Debug::CodeIndex::TIMER0_MODULE);
 218:funsape/peripheral/timer0.cpp **** 
 219:funsape/peripheral/timer0.cpp ****     // Local variables
 220:funsape/peripheral/timer0.cpp ****     uint8_t auxTccr0A = MCU_TIMER0_CTRL_A_REG;
 221:funsape/peripheral/timer0.cpp **** 
 222:funsape/peripheral/timer0.cpp ****     // Configure outputs
 223:funsape/peripheral/timer0.cpp ****     clrMaskOffset(auxTccr0A, MCU_TIMER0_OUTPUT_A_MODE_BIT_MASK, MCU_TIMER0_OUTPUT_A_MODE_BIT_POS);
 224:funsape/peripheral/timer0.cpp ****     setMaskOffset(auxTccr0A, ((uint8_t)compA_p), MCU_TIMER0_OUTPUT_A_MODE_BIT_POS);
 225:funsape/peripheral/timer0.cpp ****     clrMaskOffset(auxTccr0A, MCU_TIMER0_OUTPUT_B_MODE_BIT_MASK, MCU_TIMER0_OUTPUT_B_MODE_BIT_POS);
 226:funsape/peripheral/timer0.cpp ****     setMaskOffset(auxTccr0A, ((uint8_t)compB_p), MCU_TIMER0_OUTPUT_B_MODE_BIT_POS);
 227:funsape/peripheral/timer0.cpp **** 
 228:funsape/peripheral/timer0.cpp ****     // Update registers
 229:funsape/peripheral/timer0.cpp ****     MCU_TIMER0_CTRL_A_REG          = auxTccr0A;
 230:funsape/peripheral/timer0.cpp **** 
 231:funsape/peripheral/timer0.cpp ****     // Returns successfully
 232:funsape/peripheral/timer0.cpp ****     this->_lastError = Error::NONE;
 233:funsape/peripheral/timer0.cpp ****     debugMessage(Error::NONE, Debug::CodeIndex::TIMER0_MODULE);
GAS LISTING /tmp/ccOTZ7bf.s 			page 6


 234:funsape/peripheral/timer0.cpp ****     return true;
 235:funsape/peripheral/timer0.cpp **** }
 236:funsape/peripheral/timer0.cpp **** 
 237:funsape/peripheral/timer0.cpp **** // =============================================================================
 238:funsape/peripheral/timer0.cpp **** // Class own methods - Private
 239:funsape/peripheral/timer0.cpp **** // =============================================================================
 240:funsape/peripheral/timer0.cpp **** 
 241:funsape/peripheral/timer0.cpp **** // NONE
 242:funsape/peripheral/timer0.cpp **** 
 243:funsape/peripheral/timer0.cpp **** // =============================================================================
 244:funsape/peripheral/timer0.cpp **** // Class own methods - Protected
 245:funsape/peripheral/timer0.cpp **** // =============================================================================
 246:funsape/peripheral/timer0.cpp **** 
 247:funsape/peripheral/timer0.cpp **** // NONE
 248:funsape/peripheral/timer0.cpp **** 
 249:funsape/peripheral/timer0.cpp **** // =============================================================================
 250:funsape/peripheral/timer0.cpp **** // Static functions definitions
 251:funsape/peripheral/timer0.cpp **** // =============================================================================
 252:funsape/peripheral/timer0.cpp **** 
 253:funsape/peripheral/timer0.cpp **** // NONE
 254:funsape/peripheral/timer0.cpp **** 
 255:funsape/peripheral/timer0.cpp **** // =============================================================================
 256:funsape/peripheral/timer0.cpp **** // Interrupt callback functions
 257:funsape/peripheral/timer0.cpp **** // =============================================================================
 258:funsape/peripheral/timer0.cpp **** 
 259:funsape/peripheral/timer0.cpp **** void weakened timer0CompareACallback(void)
 260:funsape/peripheral/timer0.cpp **** {
 261:funsape/peripheral/timer0.cpp ****     return;
 262:funsape/peripheral/timer0.cpp **** }
 263:funsape/peripheral/timer0.cpp **** 
 264:funsape/peripheral/timer0.cpp **** void weakened timer0CompareBCallback(void)
 265:funsape/peripheral/timer0.cpp **** {
 266:funsape/peripheral/timer0.cpp ****     return;
 267:funsape/peripheral/timer0.cpp **** }
 268:funsape/peripheral/timer0.cpp **** 
 269:funsape/peripheral/timer0.cpp **** void weakened timer0OverflowCallback(void)
 270:funsape/peripheral/timer0.cpp **** {
 271:funsape/peripheral/timer0.cpp ****     return;
 272:funsape/peripheral/timer0.cpp **** }
 273:funsape/peripheral/timer0.cpp **** 
 274:funsape/peripheral/timer0.cpp **** // =============================================================================
 275:funsape/peripheral/timer0.cpp **** // Interrupt handlers
 276:funsape/peripheral/timer0.cpp **** // =============================================================================
 277:funsape/peripheral/timer0.cpp **** 
 278:funsape/peripheral/timer0.cpp **** //!
 279:funsape/peripheral/timer0.cpp **** //! @cond
 280:funsape/peripheral/timer0.cpp **** //!
 281:funsape/peripheral/timer0.cpp **** 
 282:funsape/peripheral/timer0.cpp **** ISR(TIMER0_COMPA_vect)
 283:funsape/peripheral/timer0.cpp **** {
 284:funsape/peripheral/timer0.cpp ****     timer0CompareACallback();
 285:funsape/peripheral/timer0.cpp **** }
 286:funsape/peripheral/timer0.cpp **** 
 287:funsape/peripheral/timer0.cpp **** ISR(TIMER0_COMPB_vect)
 288:funsape/peripheral/timer0.cpp **** {
 289:funsape/peripheral/timer0.cpp ****     timer0CompareBCallback();
 290:funsape/peripheral/timer0.cpp **** }
GAS LISTING /tmp/ccOTZ7bf.s 			page 7


 291:funsape/peripheral/timer0.cpp **** 
 292:funsape/peripheral/timer0.cpp **** ISR(TIMER0_OVF_vect)
 293:funsape/peripheral/timer0.cpp **** {
 294:funsape/peripheral/timer0.cpp ****     timer0OverflowCallback();
 295:funsape/peripheral/timer0.cpp **** }
  56               		.loc 1 295 1 is_stmt 1 view -0
  57               		.cfi_startproc
  58               	/* prologue: function */
  59               	/* frame size = 0 */
  60               	/* stack size = 0 */
  61               	.L__stack_usage = 0
  75:funsape/peripheral/timer0.cpp **** 
  62               		.loc 1 75 16 is_stmt 0 view .LVU13
  63 0000 80E0      		ldi r24,lo8(_ZN6Timer09_instanceE)
  64 0002 90E0      		ldi r25,hi8(_ZN6Timer09_instanceE)
  65 0004 0E94 0000 		call _ZN6Timer0C1Ev
  66               	.LVL2:
  67               	/* epilogue start */
  68               		.loc 1 295 1 view .LVU14
  69 0008 0895      		ret
  70               		.cfi_endproc
  71               	.LFE160:
  73               		.section	.text._ZN6Timer0D2Ev,"ax",@progbits
  74               	.global	_ZN6Timer0D2Ev
  76               	_ZN6Timer0D2Ev:
  77               	.LVL3:
  78               	.LFB148:
 108:funsape/peripheral/timer0.cpp **** {
  79               		.loc 1 108 1 is_stmt 1 view -0
  80               		.cfi_startproc
  81               	/* prologue: function */
  82               	/* frame size = 0 */
  83               	/* stack size = 0 */
  84               	.L__stack_usage = 0
  85               	.LBB3:
 111:funsape/peripheral/timer0.cpp **** 
  86               		.loc 1 111 5 view .LVU16
 114:funsape/peripheral/timer0.cpp ****     return;
  87               		.loc 1 114 5 view .LVU17
 115:funsape/peripheral/timer0.cpp **** }
  88               		.loc 1 115 5 view .LVU18
  89               	/* epilogue start */
  90               	.LBE3:
 116:funsape/peripheral/timer0.cpp **** 
  91               		.loc 1 116 1 is_stmt 0 view .LVU19
  92 0000 0895      		ret
  93               		.cfi_endproc
  94               	.LFE148:
  96               	.global	_ZN6Timer0D1Ev
  97               		.set	_ZN6Timer0D1Ev,_ZN6Timer0D2Ev
  98               		.section	.text._ZN6Timer04initENS_4ModeENS_11ClockSourceE,"ax",@progbits
  99               	.global	_ZN6Timer04initENS_4ModeENS_11ClockSourceE
 101               	_ZN6Timer04initENS_4ModeENS_11ClockSourceE:
 102               	.LVL4:
 103               	.LFB150:
 125:funsape/peripheral/timer0.cpp ****     // Mark passage for debugging purpose
 104               		.loc 1 125 1 is_stmt 1 view -0
GAS LISTING /tmp/ccOTZ7bf.s 			page 8


 105               		.cfi_startproc
 106               	/* prologue: function */
 107               	/* frame size = 0 */
 108               	/* stack size = 0 */
 109               	.L__stack_usage = 0
 125:funsape/peripheral/timer0.cpp ****     // Mark passage for debugging purpose
 110               		.loc 1 125 1 is_stmt 0 view .LVU21
 111 0000 FC01      		movw r30,r24
 127:funsape/peripheral/timer0.cpp **** 
 112               		.loc 1 127 5 is_stmt 1 view .LVU22
 130:funsape/peripheral/timer0.cpp ****     uint8_t auxTccr0B   = MCU_TIMER0_CTRL_B_REG;
 113               		.loc 1 130 5 view .LVU23
 130:funsape/peripheral/timer0.cpp ****     uint8_t auxTccr0B   = MCU_TIMER0_CTRL_B_REG;
 114               		.loc 1 130 27 is_stmt 0 view .LVU24
 115 0002 94B5      		in r25,0x24
 116               	.LVL5:
 131:funsape/peripheral/timer0.cpp ****     uint8_t aux8        = 0;
 117               		.loc 1 131 5 is_stmt 1 view .LVU25
 131:funsape/peripheral/timer0.cpp ****     uint8_t aux8        = 0;
 118               		.loc 1 131 27 is_stmt 0 view .LVU26
 119 0004 25B5      		in r18,0x25
 120               	.LVL6:
 132:funsape/peripheral/timer0.cpp **** 
 121               		.loc 1 132 5 is_stmt 1 view .LVU27
 135:funsape/peripheral/timer0.cpp ****     clrMaskOffset(auxTccr0A, MCU_TIMER0_MODE_BIT_0_MASK, MCU_TIMER0_MODE_BIT_0_POS);
 122               		.loc 1 135 5 view .LVU28
 136:funsape/peripheral/timer0.cpp ****     clrMaskOffset(auxTccr0B, MCU_TIMER0_MODE_BIT_2_MASK, MCU_TIMER0_MODE_BIT_2_POS);
 123               		.loc 1 136 5 view .LVU29
 136:funsape/peripheral/timer0.cpp ****     clrMaskOffset(auxTccr0B, MCU_TIMER0_MODE_BIT_2_MASK, MCU_TIMER0_MODE_BIT_2_POS);
 124               		.loc 1 136 5 view .LVU30
 125 0006 9C7F      		andi r25,lo8(-4)
 126               	.LVL7:
 136:funsape/peripheral/timer0.cpp ****     clrMaskOffset(auxTccr0B, MCU_TIMER0_MODE_BIT_2_MASK, MCU_TIMER0_MODE_BIT_2_POS);
 127               		.loc 1 136 5 view .LVU31
 137:funsape/peripheral/timer0.cpp ****     setMaskOffset(auxTccr0A, (aux8 & 0x03), MCU_TIMER0_MODE_BIT_0_POS);
 128               		.loc 1 137 5 view .LVU32
 137:funsape/peripheral/timer0.cpp ****     setMaskOffset(auxTccr0A, (aux8 & 0x03), MCU_TIMER0_MODE_BIT_0_POS);
 129               		.loc 1 137 5 view .LVU33
 130 0008 277F      		andi r18,lo8(-9)
 131               	.LVL8:
 137:funsape/peripheral/timer0.cpp ****     setMaskOffset(auxTccr0A, (aux8 & 0x03), MCU_TIMER0_MODE_BIT_0_POS);
 132               		.loc 1 137 5 view .LVU34
 138:funsape/peripheral/timer0.cpp ****     setMaskOffset(auxTccr0B, (aux8 >> 2), MCU_TIMER0_MODE_BIT_2_POS);
 133               		.loc 1 138 5 view .LVU35
 138:funsape/peripheral/timer0.cpp ****     setMaskOffset(auxTccr0B, (aux8 >> 2), MCU_TIMER0_MODE_BIT_2_POS);
 134               		.loc 1 138 5 view .LVU36
 135 000a 862F      		mov r24,r22
 136               	.LVL9:
 138:funsape/peripheral/timer0.cpp ****     setMaskOffset(auxTccr0B, (aux8 >> 2), MCU_TIMER0_MODE_BIT_2_POS);
 137               		.loc 1 138 5 is_stmt 0 view .LVU37
 138 000c 8370      		andi r24,lo8(3)
 139 000e 892B      		or r24,r25
 140               	.LVL10:
 138:funsape/peripheral/timer0.cpp ****     setMaskOffset(auxTccr0B, (aux8 >> 2), MCU_TIMER0_MODE_BIT_2_POS);
 141               		.loc 1 138 5 is_stmt 1 view .LVU38
 139:funsape/peripheral/timer0.cpp ****     // Configure clock source
 142               		.loc 1 139 5 view .LVU39
GAS LISTING /tmp/ccOTZ7bf.s 			page 9


 139:funsape/peripheral/timer0.cpp ****     // Configure clock source
 143               		.loc 1 139 5 view .LVU40
 144 0010 962F      		mov r25,r22
 145 0012 9695      		lsr r25
 146 0014 9695      		lsr r25
 147 0016 990F      		lsl r25
 148 0018 990F      		lsl r25
 149 001a 990F      		lsl r25
 150 001c 922B      		or r25,r18
 151               	.LVL11:
 139:funsape/peripheral/timer0.cpp ****     // Configure clock source
 152               		.loc 1 139 5 view .LVU41
 141:funsape/peripheral/timer0.cpp ****     setMaskOffset(auxTccr0B, ((uint8_t)clockSource_p), MCU_TIMER0_CLOCK_BIT_POS);
 153               		.loc 1 141 5 view .LVU42
 141:funsape/peripheral/timer0.cpp ****     setMaskOffset(auxTccr0B, ((uint8_t)clockSource_p), MCU_TIMER0_CLOCK_BIT_POS);
 154               		.loc 1 141 5 view .LVU43
 155 001e 987F      		andi r25,lo8(-8)
 156               	.LVL12:
 141:funsape/peripheral/timer0.cpp ****     setMaskOffset(auxTccr0B, ((uint8_t)clockSource_p), MCU_TIMER0_CLOCK_BIT_POS);
 157               		.loc 1 141 5 view .LVU44
 142:funsape/peripheral/timer0.cpp **** 
 158               		.loc 1 142 5 view .LVU45
 142:funsape/peripheral/timer0.cpp **** 
 159               		.loc 1 142 5 view .LVU46
 160 0020 942B      		or r25,r20
 161               	.LVL13:
 142:funsape/peripheral/timer0.cpp **** 
 162               		.loc 1 142 5 view .LVU47
 145:funsape/peripheral/timer0.cpp ****     MCU_TIMER0_CTRL_B_REG          = auxTccr0B;
 163               		.loc 1 145 5 view .LVU48
 145:funsape/peripheral/timer0.cpp ****     MCU_TIMER0_CTRL_B_REG          = auxTccr0B;
 164               		.loc 1 145 36 is_stmt 0 view .LVU49
 165 0022 84BD      		out 0x24,r24
 146:funsape/peripheral/timer0.cpp **** 
 166               		.loc 1 146 5 is_stmt 1 view .LVU50
 146:funsape/peripheral/timer0.cpp **** 
 167               		.loc 1 146 36 is_stmt 0 view .LVU51
 168 0024 95BD      		out 0x25,r25
 149:funsape/peripheral/timer0.cpp ****     this->_clockSource      = clockSource_p;
 169               		.loc 1 149 5 is_stmt 1 view .LVU52
 149:funsape/peripheral/timer0.cpp ****     this->_clockSource      = clockSource_p;
 170               		.loc 1 149 29 is_stmt 0 view .LVU53
 171 0026 6483      		std Z+4,r22
 150:funsape/peripheral/timer0.cpp ****     this->_isInitialized    = true;
 172               		.loc 1 150 5 is_stmt 1 view .LVU54
 150:funsape/peripheral/timer0.cpp ****     this->_isInitialized    = true;
 173               		.loc 1 150 29 is_stmt 0 view .LVU55
 174 0028 4383      		std Z+3,r20
 151:funsape/peripheral/timer0.cpp **** 
 175               		.loc 1 151 5 is_stmt 1 view .LVU56
 151:funsape/peripheral/timer0.cpp **** 
 176               		.loc 1 151 29 is_stmt 0 view .LVU57
 177 002a 8081      		ld r24,Z
 178               	.LVL14:
 151:funsape/peripheral/timer0.cpp **** 
 179               		.loc 1 151 29 view .LVU58
 180 002c 8160      		ori r24,lo8(1<<0)
GAS LISTING /tmp/ccOTZ7bf.s 			page 10


 181 002e 8083      		st Z,r24
 154:funsape/peripheral/timer0.cpp ****     debugMessage(Error::NONE, Debug::CodeIndex::TIMER0_MODULE);
 182               		.loc 1 154 5 is_stmt 1 view .LVU59
 154:funsape/peripheral/timer0.cpp ****     debugMessage(Error::NONE, Debug::CodeIndex::TIMER0_MODULE);
 183               		.loc 1 154 22 is_stmt 0 view .LVU60
 184 0030 1282      		std Z+2,__zero_reg__
 185 0032 1182      		std Z+1,__zero_reg__
 155:funsape/peripheral/timer0.cpp ****     return true;
 186               		.loc 1 155 5 is_stmt 1 view .LVU61
 156:funsape/peripheral/timer0.cpp **** }
 187               		.loc 1 156 5 view .LVU62
 157:funsape/peripheral/timer0.cpp **** 
 188               		.loc 1 157 1 is_stmt 0 view .LVU63
 189 0034 81E0      		ldi r24,lo8(1)
 190               	/* epilogue start */
 191 0036 0895      		ret
 192               		.cfi_endproc
 193               	.LFE150:
 195               		.section	.text._ZN6Timer014setClockSourceENS_11ClockSourceE,"ax",@progbits
 196               	.global	_ZN6Timer014setClockSourceENS_11ClockSourceE
 198               	_ZN6Timer014setClockSourceENS_11ClockSourceE:
 199               	.LVL15:
 200               	.LFB151:
 160:funsape/peripheral/timer0.cpp ****     // Mark passage for debugging purpose
 201               		.loc 1 160 1 is_stmt 1 view -0
 202               		.cfi_startproc
 203               	/* prologue: function */
 204               	/* frame size = 0 */
 205               	/* stack size = 0 */
 206               	.L__stack_usage = 0
 160:funsape/peripheral/timer0.cpp ****     // Mark passage for debugging purpose
 207               		.loc 1 160 1 is_stmt 0 view .LVU65
 208 0000 FC01      		movw r30,r24
 162:funsape/peripheral/timer0.cpp **** 
 209               		.loc 1 162 5 is_stmt 1 view .LVU66
 165:funsape/peripheral/timer0.cpp **** 
 210               		.loc 1 165 5 view .LVU67
 165:funsape/peripheral/timer0.cpp **** 
 211               		.loc 1 165 25 is_stmt 0 view .LVU68
 212 0002 95B5      		in r25,0x25
 213               	.LVL16:
 168:funsape/peripheral/timer0.cpp ****     setMaskOffset(auxTccr0B, ((uint8_t)clockSource_p), MCU_TIMER0_CLOCK_BIT_POS);
 214               		.loc 1 168 5 is_stmt 1 view .LVU69
 168:funsape/peripheral/timer0.cpp ****     setMaskOffset(auxTccr0B, ((uint8_t)clockSource_p), MCU_TIMER0_CLOCK_BIT_POS);
 215               		.loc 1 168 5 view .LVU70
 216 0004 987F      		andi r25,lo8(-8)
 217               	.LVL17:
 168:funsape/peripheral/timer0.cpp ****     setMaskOffset(auxTccr0B, ((uint8_t)clockSource_p), MCU_TIMER0_CLOCK_BIT_POS);
 218               		.loc 1 168 5 view .LVU71
 169:funsape/peripheral/timer0.cpp **** 
 219               		.loc 1 169 5 view .LVU72
 169:funsape/peripheral/timer0.cpp **** 
 220               		.loc 1 169 5 view .LVU73
 221 0006 892F      		mov r24,r25
 222               	.LVL18:
 169:funsape/peripheral/timer0.cpp **** 
 223               		.loc 1 169 5 is_stmt 0 view .LVU74
GAS LISTING /tmp/ccOTZ7bf.s 			page 11


 224 0008 862B      		or r24,r22
 225               	.LVL19:
 169:funsape/peripheral/timer0.cpp **** 
 226               		.loc 1 169 5 is_stmt 1 view .LVU75
 172:funsape/peripheral/timer0.cpp **** 
 227               		.loc 1 172 5 view .LVU76
 172:funsape/peripheral/timer0.cpp **** 
 228               		.loc 1 172 36 is_stmt 0 view .LVU77
 229 000a 85BD      		out 0x25,r24
 175:funsape/peripheral/timer0.cpp **** 
 230               		.loc 1 175 5 is_stmt 1 view .LVU78
 175:funsape/peripheral/timer0.cpp **** 
 231               		.loc 1 175 29 is_stmt 0 view .LVU79
 232 000c 6383      		std Z+3,r22
 178:funsape/peripheral/timer0.cpp ****     debugMessage(Error::NONE, Debug::CodeIndex::TIMER0_MODULE);
 233               		.loc 1 178 5 is_stmt 1 view .LVU80
 178:funsape/peripheral/timer0.cpp ****     debugMessage(Error::NONE, Debug::CodeIndex::TIMER0_MODULE);
 234               		.loc 1 178 22 is_stmt 0 view .LVU81
 235 000e 1282      		std Z+2,__zero_reg__
 236 0010 1182      		std Z+1,__zero_reg__
 179:funsape/peripheral/timer0.cpp ****     return true;
 237               		.loc 1 179 5 is_stmt 1 view .LVU82
 180:funsape/peripheral/timer0.cpp **** }
 238               		.loc 1 180 5 view .LVU83
 181:funsape/peripheral/timer0.cpp **** 
 239               		.loc 1 181 1 is_stmt 0 view .LVU84
 240 0012 81E0      		ldi r24,lo8(1)
 241               	.LVL20:
 242               	/* epilogue start */
 181:funsape/peripheral/timer0.cpp **** 
 243               		.loc 1 181 1 view .LVU85
 244 0014 0895      		ret
 245               		.cfi_endproc
 246               	.LFE151:
 248               		.section	.text._ZN6Timer07setModeENS_4ModeE,"ax",@progbits
 249               	.global	_ZN6Timer07setModeENS_4ModeE
 251               	_ZN6Timer07setModeENS_4ModeE:
 252               	.LVL21:
 253               	.LFB152:
 184:funsape/peripheral/timer0.cpp ****     // Mark passage for debugging purpose
 254               		.loc 1 184 1 is_stmt 1 view -0
 255               		.cfi_startproc
 256               	/* prologue: function */
 257               	/* frame size = 0 */
 258               	/* stack size = 0 */
 259               	.L__stack_usage = 0
 184:funsape/peripheral/timer0.cpp ****     // Mark passage for debugging purpose
 260               		.loc 1 184 1 is_stmt 0 view .LVU87
 261 0000 FC01      		movw r30,r24
 186:funsape/peripheral/timer0.cpp **** 
 262               		.loc 1 186 5 is_stmt 1 view .LVU88
 189:funsape/peripheral/timer0.cpp ****     uint8_t auxTccr0B = MCU_TIMER0_CTRL_B_REG;
 263               		.loc 1 189 5 view .LVU89
 189:funsape/peripheral/timer0.cpp ****     uint8_t auxTccr0B = MCU_TIMER0_CTRL_B_REG;
 264               		.loc 1 189 25 is_stmt 0 view .LVU90
 265 0002 94B5      		in r25,0x24
 266               	.LVL22:
GAS LISTING /tmp/ccOTZ7bf.s 			page 12


 190:funsape/peripheral/timer0.cpp ****     uint8_t aux8 = 0;
 267               		.loc 1 190 5 is_stmt 1 view .LVU91
 190:funsape/peripheral/timer0.cpp ****     uint8_t aux8 = 0;
 268               		.loc 1 190 25 is_stmt 0 view .LVU92
 269 0004 35B5      		in r19,0x25
 270               	.LVL23:
 191:funsape/peripheral/timer0.cpp **** 
 271               		.loc 1 191 5 is_stmt 1 view .LVU93
 194:funsape/peripheral/timer0.cpp ****     clrMaskOffset(auxTccr0A, MCU_TIMER0_MODE_BIT_0_MASK, MCU_TIMER0_MODE_BIT_0_POS);
 272               		.loc 1 194 5 view .LVU94
 195:funsape/peripheral/timer0.cpp ****     clrMaskOffset(auxTccr0B, MCU_TIMER0_MODE_BIT_2_MASK, MCU_TIMER0_MODE_BIT_2_POS);
 273               		.loc 1 195 5 view .LVU95
 195:funsape/peripheral/timer0.cpp ****     clrMaskOffset(auxTccr0B, MCU_TIMER0_MODE_BIT_2_MASK, MCU_TIMER0_MODE_BIT_2_POS);
 274               		.loc 1 195 5 view .LVU96
 275 0006 9C7F      		andi r25,lo8(-4)
 276               	.LVL24:
 195:funsape/peripheral/timer0.cpp ****     clrMaskOffset(auxTccr0B, MCU_TIMER0_MODE_BIT_2_MASK, MCU_TIMER0_MODE_BIT_2_POS);
 277               		.loc 1 195 5 view .LVU97
 196:funsape/peripheral/timer0.cpp ****     setMaskOffset(auxTccr0A, (aux8 & 0x03), MCU_TIMER0_MODE_BIT_0_POS);
 278               		.loc 1 196 5 view .LVU98
 196:funsape/peripheral/timer0.cpp ****     setMaskOffset(auxTccr0A, (aux8 & 0x03), MCU_TIMER0_MODE_BIT_0_POS);
 279               		.loc 1 196 5 view .LVU99
 280 0008 377F      		andi r19,lo8(-9)
 281               	.LVL25:
 196:funsape/peripheral/timer0.cpp ****     setMaskOffset(auxTccr0A, (aux8 & 0x03), MCU_TIMER0_MODE_BIT_0_POS);
 282               		.loc 1 196 5 view .LVU100
 197:funsape/peripheral/timer0.cpp ****     setMaskOffset(auxTccr0B, (aux8 >> 2), MCU_TIMER0_MODE_BIT_2_POS);
 283               		.loc 1 197 5 view .LVU101
 197:funsape/peripheral/timer0.cpp ****     setMaskOffset(auxTccr0B, (aux8 >> 2), MCU_TIMER0_MODE_BIT_2_POS);
 284               		.loc 1 197 5 view .LVU102
 285 000a 262F      		mov r18,r22
 286 000c 2370      		andi r18,lo8(3)
 287 000e 292B      		or r18,r25
 288               	.LVL26:
 197:funsape/peripheral/timer0.cpp ****     setMaskOffset(auxTccr0B, (aux8 >> 2), MCU_TIMER0_MODE_BIT_2_POS);
 289               		.loc 1 197 5 view .LVU103
 198:funsape/peripheral/timer0.cpp **** 
 290               		.loc 1 198 5 view .LVU104
 198:funsape/peripheral/timer0.cpp **** 
 291               		.loc 1 198 5 view .LVU105
 292 0010 962F      		mov r25,r22
 293 0012 9695      		lsr r25
 294 0014 9695      		lsr r25
 295 0016 990F      		lsl r25
 296 0018 990F      		lsl r25
 297 001a 990F      		lsl r25
 298 001c 932B      		or r25,r19
 299               	.LVL27:
 198:funsape/peripheral/timer0.cpp **** 
 300               		.loc 1 198 5 view .LVU106
 201:funsape/peripheral/timer0.cpp ****     MCU_TIMER0_CTRL_B_REG          = auxTccr0B;
 301               		.loc 1 201 5 view .LVU107
 201:funsape/peripheral/timer0.cpp ****     MCU_TIMER0_CTRL_B_REG          = auxTccr0B;
 302               		.loc 1 201 36 is_stmt 0 view .LVU108
 303 001e 24BD      		out 0x24,r18
 202:funsape/peripheral/timer0.cpp **** 
 304               		.loc 1 202 5 is_stmt 1 view .LVU109
GAS LISTING /tmp/ccOTZ7bf.s 			page 13


 202:funsape/peripheral/timer0.cpp **** 
 305               		.loc 1 202 36 is_stmt 0 view .LVU110
 306 0020 95BD      		out 0x25,r25
 205:funsape/peripheral/timer0.cpp **** 
 307               		.loc 1 205 5 is_stmt 1 view .LVU111
 205:funsape/peripheral/timer0.cpp **** 
 308               		.loc 1 205 21 is_stmt 0 view .LVU112
 309 0022 6483      		std Z+4,r22
 208:funsape/peripheral/timer0.cpp ****     debugMessage(Error::NONE, Debug::CodeIndex::TIMER0_MODULE);
 310               		.loc 1 208 5 is_stmt 1 view .LVU113
 208:funsape/peripheral/timer0.cpp ****     debugMessage(Error::NONE, Debug::CodeIndex::TIMER0_MODULE);
 311               		.loc 1 208 22 is_stmt 0 view .LVU114
 312 0024 1282      		std Z+2,__zero_reg__
 313 0026 1182      		std Z+1,__zero_reg__
 209:funsape/peripheral/timer0.cpp ****     return true;
 314               		.loc 1 209 5 is_stmt 1 view .LVU115
 210:funsape/peripheral/timer0.cpp **** }
 315               		.loc 1 210 5 view .LVU116
 211:funsape/peripheral/timer0.cpp **** 
 316               		.loc 1 211 1 is_stmt 0 view .LVU117
 317 0028 81E0      		ldi r24,lo8(1)
 318               	.LVL28:
 319               	/* epilogue start */
 211:funsape/peripheral/timer0.cpp **** 
 320               		.loc 1 211 1 view .LVU118
 321 002a 0895      		ret
 322               		.cfi_endproc
 323               	.LFE152:
 325               		.section	.text._ZN6Timer013setOutputModeENS_10OutputModeES0_,"ax",@progbits
 326               	.global	_ZN6Timer013setOutputModeENS_10OutputModeES0_
 328               	_ZN6Timer013setOutputModeENS_10OutputModeES0_:
 329               	.LVL29:
 330               	.LFB153:
 214:funsape/peripheral/timer0.cpp ****     // Mark passage for debugging purpose
 331               		.loc 1 214 1 is_stmt 1 view -0
 332               		.cfi_startproc
 333               	/* prologue: function */
 334               	/* frame size = 0 */
 335               	/* stack size = 0 */
 336               	.L__stack_usage = 0
 214:funsape/peripheral/timer0.cpp ****     // Mark passage for debugging purpose
 337               		.loc 1 214 1 is_stmt 0 view .LVU120
 338 0000 FC01      		movw r30,r24
 216:funsape/peripheral/timer0.cpp ****             Debug::CodeIndex::TIMER0_MODULE);
 339               		.loc 1 216 5 is_stmt 1 view .LVU121
 220:funsape/peripheral/timer0.cpp **** 
 340               		.loc 1 220 5 view .LVU122
 220:funsape/peripheral/timer0.cpp **** 
 341               		.loc 1 220 25 is_stmt 0 view .LVU123
 342 0002 94B5      		in r25,0x24
 343               	.LVL30:
 223:funsape/peripheral/timer0.cpp ****     setMaskOffset(auxTccr0A, ((uint8_t)compA_p), MCU_TIMER0_OUTPUT_A_MODE_BIT_POS);
 344               		.loc 1 223 5 is_stmt 1 view .LVU124
 223:funsape/peripheral/timer0.cpp ****     setMaskOffset(auxTccr0A, ((uint8_t)compA_p), MCU_TIMER0_OUTPUT_A_MODE_BIT_POS);
 345               		.loc 1 223 5 view .LVU125
 346 0004 9F73      		andi r25,lo8(63)
 347               	.LVL31:
GAS LISTING /tmp/ccOTZ7bf.s 			page 14


 223:funsape/peripheral/timer0.cpp ****     setMaskOffset(auxTccr0A, ((uint8_t)compA_p), MCU_TIMER0_OUTPUT_A_MODE_BIT_POS);
 348               		.loc 1 223 5 view .LVU126
 224:funsape/peripheral/timer0.cpp ****     clrMaskOffset(auxTccr0A, MCU_TIMER0_OUTPUT_B_MODE_BIT_MASK, MCU_TIMER0_OUTPUT_B_MODE_BIT_POS);
 349               		.loc 1 224 5 view .LVU127
 224:funsape/peripheral/timer0.cpp ****     clrMaskOffset(auxTccr0A, MCU_TIMER0_OUTPUT_B_MODE_BIT_MASK, MCU_TIMER0_OUTPUT_B_MODE_BIT_POS);
 350               		.loc 1 224 5 view .LVU128
 351 0006 6295      		swap r22
 352               	.LVL32:
 224:funsape/peripheral/timer0.cpp ****     clrMaskOffset(auxTccr0A, MCU_TIMER0_OUTPUT_B_MODE_BIT_MASK, MCU_TIMER0_OUTPUT_B_MODE_BIT_POS);
 353               		.loc 1 224 5 is_stmt 0 view .LVU129
 354 0008 660F      		lsl r22
 355 000a 660F      		lsl r22
 356 000c 607C      		andi r22,lo8(-64)
 357 000e 692B      		or r22,r25
 358               	.LVL33:
 224:funsape/peripheral/timer0.cpp ****     clrMaskOffset(auxTccr0A, MCU_TIMER0_OUTPUT_B_MODE_BIT_MASK, MCU_TIMER0_OUTPUT_B_MODE_BIT_POS);
 359               		.loc 1 224 5 is_stmt 1 view .LVU130
 225:funsape/peripheral/timer0.cpp ****     setMaskOffset(auxTccr0A, ((uint8_t)compB_p), MCU_TIMER0_OUTPUT_B_MODE_BIT_POS);
 360               		.loc 1 225 5 view .LVU131
 225:funsape/peripheral/timer0.cpp ****     setMaskOffset(auxTccr0A, ((uint8_t)compB_p), MCU_TIMER0_OUTPUT_B_MODE_BIT_POS);
 361               		.loc 1 225 5 view .LVU132
 362 0010 6F7C      		andi r22,lo8(-49)
 363               	.LVL34:
 225:funsape/peripheral/timer0.cpp ****     setMaskOffset(auxTccr0A, ((uint8_t)compB_p), MCU_TIMER0_OUTPUT_B_MODE_BIT_POS);
 364               		.loc 1 225 5 view .LVU133
 226:funsape/peripheral/timer0.cpp **** 
 365               		.loc 1 226 5 view .LVU134
 226:funsape/peripheral/timer0.cpp **** 
 366               		.loc 1 226 5 view .LVU135
 367 0012 4295      		swap r20
 368               	.LVL35:
 226:funsape/peripheral/timer0.cpp **** 
 369               		.loc 1 226 5 is_stmt 0 view .LVU136
 370 0014 407F      		andi r20,lo8(-16)
 371 0016 462B      		or r20,r22
 372               	.LVL36:
 226:funsape/peripheral/timer0.cpp **** 
 373               		.loc 1 226 5 is_stmt 1 view .LVU137
 229:funsape/peripheral/timer0.cpp **** 
 374               		.loc 1 229 5 view .LVU138
 229:funsape/peripheral/timer0.cpp **** 
 375               		.loc 1 229 36 is_stmt 0 view .LVU139
 376 0018 44BD      		out 0x24,r20
 232:funsape/peripheral/timer0.cpp ****     debugMessage(Error::NONE, Debug::CodeIndex::TIMER0_MODULE);
 377               		.loc 1 232 5 is_stmt 1 view .LVU140
 232:funsape/peripheral/timer0.cpp ****     debugMessage(Error::NONE, Debug::CodeIndex::TIMER0_MODULE);
 378               		.loc 1 232 22 is_stmt 0 view .LVU141
 379 001a 1282      		std Z+2,__zero_reg__
 380 001c 1182      		std Z+1,__zero_reg__
 233:funsape/peripheral/timer0.cpp ****     return true;
 381               		.loc 1 233 5 is_stmt 1 view .LVU142
 234:funsape/peripheral/timer0.cpp **** }
 382               		.loc 1 234 5 view .LVU143
 235:funsape/peripheral/timer0.cpp **** 
 383               		.loc 1 235 1 is_stmt 0 view .LVU144
 384 001e 81E0      		ldi r24,lo8(1)
 385               	.LVL37:
GAS LISTING /tmp/ccOTZ7bf.s 			page 15


 386               	/* epilogue start */
 235:funsape/peripheral/timer0.cpp **** 
 387               		.loc 1 235 1 view .LVU145
 388 0020 0895      		ret
 389               		.cfi_endproc
 390               	.LFE153:
 392               		.section	.text._Z22timer0CompareACallbackv,"ax",@progbits
 393               		.weak	_Z22timer0CompareACallbackv
 395               	_Z22timer0CompareACallbackv:
 396               	.LFB154:
 260:funsape/peripheral/timer0.cpp ****     return;
 397               		.loc 1 260 1 is_stmt 1 view -0
 398               		.cfi_startproc
 399               	/* prologue: function */
 400               	/* frame size = 0 */
 401               	/* stack size = 0 */
 402               	.L__stack_usage = 0
 261:funsape/peripheral/timer0.cpp **** }
 403               		.loc 1 261 5 view .LVU147
 404               	/* epilogue start */
 262:funsape/peripheral/timer0.cpp **** 
 405               		.loc 1 262 1 is_stmt 0 view .LVU148
 406 0000 0895      		ret
 407               		.cfi_endproc
 408               	.LFE154:
 410               		.section	.text._Z22timer0CompareBCallbackv,"ax",@progbits
 411               		.weak	_Z22timer0CompareBCallbackv
 413               	_Z22timer0CompareBCallbackv:
 414               	.LFB155:
 265:funsape/peripheral/timer0.cpp ****     return;
 415               		.loc 1 265 1 is_stmt 1 view -0
 416               		.cfi_startproc
 417               	/* prologue: function */
 418               	/* frame size = 0 */
 419               	/* stack size = 0 */
 420               	.L__stack_usage = 0
 266:funsape/peripheral/timer0.cpp **** }
 421               		.loc 1 266 5 view .LVU150
 422               	/* epilogue start */
 267:funsape/peripheral/timer0.cpp **** 
 423               		.loc 1 267 1 is_stmt 0 view .LVU151
 424 0000 0895      		ret
 425               		.cfi_endproc
 426               	.LFE155:
 428               		.section	.text._Z22timer0OverflowCallbackv,"ax",@progbits
 429               		.weak	_Z22timer0OverflowCallbackv
 431               	_Z22timer0OverflowCallbackv:
 432               	.LFB156:
 270:funsape/peripheral/timer0.cpp ****     return;
 433               		.loc 1 270 1 is_stmt 1 view -0
 434               		.cfi_startproc
 435               	/* prologue: function */
 436               	/* frame size = 0 */
 437               	/* stack size = 0 */
 438               	.L__stack_usage = 0
 271:funsape/peripheral/timer0.cpp **** }
 439               		.loc 1 271 5 view .LVU153
GAS LISTING /tmp/ccOTZ7bf.s 			page 16


 440               	/* epilogue start */
 272:funsape/peripheral/timer0.cpp **** 
 441               		.loc 1 272 1 is_stmt 0 view .LVU154
 442 0000 0895      		ret
 443               		.cfi_endproc
 444               	.LFE156:
 446               		.section	.text.__vector_14,"ax",@progbits
 447               	.global	__vector_14
 449               	__vector_14:
 450               	.LFB157:
 283:funsape/peripheral/timer0.cpp ****     timer0CompareACallback();
 451               		.loc 1 283 1 is_stmt 1 view -0
 452               		.cfi_startproc
 453 0000 1F92      		push r1
 454               	.LCFI0:
 455               		.cfi_def_cfa_offset 3
 456               		.cfi_offset 1, -2
 457 0002 0F92      		push r0
 458               	.LCFI1:
 459               		.cfi_def_cfa_offset 4
 460               		.cfi_offset 0, -3
 461 0004 0FB6      		in r0,__SREG__
 462 0006 0F92      		push r0
 463 0008 1124      		clr __zero_reg__
 464 000a 2F93      		push r18
 465               	.LCFI2:
 466               		.cfi_def_cfa_offset 5
 467               		.cfi_offset 18, -4
 468 000c 3F93      		push r19
 469               	.LCFI3:
 470               		.cfi_def_cfa_offset 6
 471               		.cfi_offset 19, -5
 472 000e 4F93      		push r20
 473               	.LCFI4:
 474               		.cfi_def_cfa_offset 7
 475               		.cfi_offset 20, -6
 476 0010 5F93      		push r21
 477               	.LCFI5:
 478               		.cfi_def_cfa_offset 8
 479               		.cfi_offset 21, -7
 480 0012 6F93      		push r22
 481               	.LCFI6:
 482               		.cfi_def_cfa_offset 9
 483               		.cfi_offset 22, -8
 484 0014 7F93      		push r23
 485               	.LCFI7:
 486               		.cfi_def_cfa_offset 10
 487               		.cfi_offset 23, -9
 488 0016 8F93      		push r24
 489               	.LCFI8:
 490               		.cfi_def_cfa_offset 11
 491               		.cfi_offset 24, -10
 492 0018 9F93      		push r25
 493               	.LCFI9:
 494               		.cfi_def_cfa_offset 12
 495               		.cfi_offset 25, -11
 496 001a AF93      		push r26
GAS LISTING /tmp/ccOTZ7bf.s 			page 17


 497               	.LCFI10:
 498               		.cfi_def_cfa_offset 13
 499               		.cfi_offset 26, -12
 500 001c BF93      		push r27
 501               	.LCFI11:
 502               		.cfi_def_cfa_offset 14
 503               		.cfi_offset 27, -13
 504 001e EF93      		push r30
 505               	.LCFI12:
 506               		.cfi_def_cfa_offset 15
 507               		.cfi_offset 30, -14
 508 0020 FF93      		push r31
 509               	.LCFI13:
 510               		.cfi_def_cfa_offset 16
 511               		.cfi_offset 31, -15
 512               	/* prologue: Signal */
 513               	/* frame size = 0 */
 514               	/* stack size = 15 */
 515               	.L__stack_usage = 15
 284:funsape/peripheral/timer0.cpp **** }
 516               		.loc 1 284 5 view .LVU156
 284:funsape/peripheral/timer0.cpp **** }
 517               		.loc 1 284 27 is_stmt 0 view .LVU157
 518 0022 0E94 0000 		call _Z22timer0CompareACallbackv
 519               	.LVL38:
 520               	/* epilogue start */
 285:funsape/peripheral/timer0.cpp **** 
 521               		.loc 1 285 1 view .LVU158
 522 0026 FF91      		pop r31
 523 0028 EF91      		pop r30
 524 002a BF91      		pop r27
 525 002c AF91      		pop r26
 526 002e 9F91      		pop r25
 527 0030 8F91      		pop r24
 528 0032 7F91      		pop r23
 529 0034 6F91      		pop r22
 530 0036 5F91      		pop r21
 531 0038 4F91      		pop r20
 532 003a 3F91      		pop r19
 533 003c 2F91      		pop r18
 534 003e 0F90      		pop r0
 535 0040 0FBE      		out __SREG__,r0
 536 0042 0F90      		pop r0
 537 0044 1F90      		pop r1
 538 0046 1895      		reti
 539               		.cfi_endproc
 540               	.LFE157:
 542               		.section	.text.__vector_15,"ax",@progbits
 543               	.global	__vector_15
 545               	__vector_15:
 546               	.LFB158:
 288:funsape/peripheral/timer0.cpp ****     timer0CompareBCallback();
 547               		.loc 1 288 1 is_stmt 1 view -0
 548               		.cfi_startproc
 549 0000 1F92      		push r1
 550               	.LCFI14:
 551               		.cfi_def_cfa_offset 3
GAS LISTING /tmp/ccOTZ7bf.s 			page 18


 552               		.cfi_offset 1, -2
 553 0002 0F92      		push r0
 554               	.LCFI15:
 555               		.cfi_def_cfa_offset 4
 556               		.cfi_offset 0, -3
 557 0004 0FB6      		in r0,__SREG__
 558 0006 0F92      		push r0
 559 0008 1124      		clr __zero_reg__
 560 000a 2F93      		push r18
 561               	.LCFI16:
 562               		.cfi_def_cfa_offset 5
 563               		.cfi_offset 18, -4
 564 000c 3F93      		push r19
 565               	.LCFI17:
 566               		.cfi_def_cfa_offset 6
 567               		.cfi_offset 19, -5
 568 000e 4F93      		push r20
 569               	.LCFI18:
 570               		.cfi_def_cfa_offset 7
 571               		.cfi_offset 20, -6
 572 0010 5F93      		push r21
 573               	.LCFI19:
 574               		.cfi_def_cfa_offset 8
 575               		.cfi_offset 21, -7
 576 0012 6F93      		push r22
 577               	.LCFI20:
 578               		.cfi_def_cfa_offset 9
 579               		.cfi_offset 22, -8
 580 0014 7F93      		push r23
 581               	.LCFI21:
 582               		.cfi_def_cfa_offset 10
 583               		.cfi_offset 23, -9
 584 0016 8F93      		push r24
 585               	.LCFI22:
 586               		.cfi_def_cfa_offset 11
 587               		.cfi_offset 24, -10
 588 0018 9F93      		push r25
 589               	.LCFI23:
 590               		.cfi_def_cfa_offset 12
 591               		.cfi_offset 25, -11
 592 001a AF93      		push r26
 593               	.LCFI24:
 594               		.cfi_def_cfa_offset 13
 595               		.cfi_offset 26, -12
 596 001c BF93      		push r27
 597               	.LCFI25:
 598               		.cfi_def_cfa_offset 14
 599               		.cfi_offset 27, -13
 600 001e EF93      		push r30
 601               	.LCFI26:
 602               		.cfi_def_cfa_offset 15
 603               		.cfi_offset 30, -14
 604 0020 FF93      		push r31
 605               	.LCFI27:
 606               		.cfi_def_cfa_offset 16
 607               		.cfi_offset 31, -15
 608               	/* prologue: Signal */
GAS LISTING /tmp/ccOTZ7bf.s 			page 19


 609               	/* frame size = 0 */
 610               	/* stack size = 15 */
 611               	.L__stack_usage = 15
 289:funsape/peripheral/timer0.cpp **** }
 612               		.loc 1 289 5 view .LVU160
 289:funsape/peripheral/timer0.cpp **** }
 613               		.loc 1 289 27 is_stmt 0 view .LVU161
 614 0022 0E94 0000 		call _Z22timer0CompareBCallbackv
 615               	.LVL39:
 616               	/* epilogue start */
 290:funsape/peripheral/timer0.cpp **** 
 617               		.loc 1 290 1 view .LVU162
 618 0026 FF91      		pop r31
 619 0028 EF91      		pop r30
 620 002a BF91      		pop r27
 621 002c AF91      		pop r26
 622 002e 9F91      		pop r25
 623 0030 8F91      		pop r24
 624 0032 7F91      		pop r23
 625 0034 6F91      		pop r22
 626 0036 5F91      		pop r21
 627 0038 4F91      		pop r20
 628 003a 3F91      		pop r19
 629 003c 2F91      		pop r18
 630 003e 0F90      		pop r0
 631 0040 0FBE      		out __SREG__,r0
 632 0042 0F90      		pop r0
 633 0044 1F90      		pop r1
 634 0046 1895      		reti
 635               		.cfi_endproc
 636               	.LFE158:
 638               		.section	.text.__vector_16,"ax",@progbits
 639               	.global	__vector_16
 641               	__vector_16:
 642               	.LFB159:
 293:funsape/peripheral/timer0.cpp ****     timer0OverflowCallback();
 643               		.loc 1 293 1 is_stmt 1 view -0
 644               		.cfi_startproc
 645 0000 1F92      		push r1
 646               	.LCFI28:
 647               		.cfi_def_cfa_offset 3
 648               		.cfi_offset 1, -2
 649 0002 0F92      		push r0
 650               	.LCFI29:
 651               		.cfi_def_cfa_offset 4
 652               		.cfi_offset 0, -3
 653 0004 0FB6      		in r0,__SREG__
 654 0006 0F92      		push r0
 655 0008 1124      		clr __zero_reg__
 656 000a 2F93      		push r18
 657               	.LCFI30:
 658               		.cfi_def_cfa_offset 5
 659               		.cfi_offset 18, -4
 660 000c 3F93      		push r19
 661               	.LCFI31:
 662               		.cfi_def_cfa_offset 6
 663               		.cfi_offset 19, -5
GAS LISTING /tmp/ccOTZ7bf.s 			page 20


 664 000e 4F93      		push r20
 665               	.LCFI32:
 666               		.cfi_def_cfa_offset 7
 667               		.cfi_offset 20, -6
 668 0010 5F93      		push r21
 669               	.LCFI33:
 670               		.cfi_def_cfa_offset 8
 671               		.cfi_offset 21, -7
 672 0012 6F93      		push r22
 673               	.LCFI34:
 674               		.cfi_def_cfa_offset 9
 675               		.cfi_offset 22, -8
 676 0014 7F93      		push r23
 677               	.LCFI35:
 678               		.cfi_def_cfa_offset 10
 679               		.cfi_offset 23, -9
 680 0016 8F93      		push r24
 681               	.LCFI36:
 682               		.cfi_def_cfa_offset 11
 683               		.cfi_offset 24, -10
 684 0018 9F93      		push r25
 685               	.LCFI37:
 686               		.cfi_def_cfa_offset 12
 687               		.cfi_offset 25, -11
 688 001a AF93      		push r26
 689               	.LCFI38:
 690               		.cfi_def_cfa_offset 13
 691               		.cfi_offset 26, -12
 692 001c BF93      		push r27
 693               	.LCFI39:
 694               		.cfi_def_cfa_offset 14
 695               		.cfi_offset 27, -13
 696 001e EF93      		push r30
 697               	.LCFI40:
 698               		.cfi_def_cfa_offset 15
 699               		.cfi_offset 30, -14
 700 0020 FF93      		push r31
 701               	.LCFI41:
 702               		.cfi_def_cfa_offset 16
 703               		.cfi_offset 31, -15
 704               	/* prologue: Signal */
 705               	/* frame size = 0 */
 706               	/* stack size = 15 */
 707               	.L__stack_usage = 15
 294:funsape/peripheral/timer0.cpp **** }
 708               		.loc 1 294 5 view .LVU164
 294:funsape/peripheral/timer0.cpp **** }
 709               		.loc 1 294 27 is_stmt 0 view .LVU165
 710 0022 0E94 0000 		call _Z22timer0OverflowCallbackv
 711               	.LVL40:
 712               	/* epilogue start */
 713               		.loc 1 295 1 view .LVU166
 714 0026 FF91      		pop r31
 715 0028 EF91      		pop r30
 716 002a BF91      		pop r27
 717 002c AF91      		pop r26
 718 002e 9F91      		pop r25
GAS LISTING /tmp/ccOTZ7bf.s 			page 21


 719 0030 8F91      		pop r24
 720 0032 7F91      		pop r23
 721 0034 6F91      		pop r22
 722 0036 5F91      		pop r21
 723 0038 4F91      		pop r20
 724 003a 3F91      		pop r19
 725 003c 2F91      		pop r18
 726 003e 0F90      		pop r0
 727 0040 0FBE      		out __SREG__,r0
 728 0042 0F90      		pop r0
 729 0044 1F90      		pop r1
 730 0046 1895      		reti
 731               		.cfi_endproc
 732               	.LFE159:
 734               		.section	.text._GLOBAL__sub_I__ZN6Timer09_instanceE,"ax",@progbits
 736               	_GLOBAL__sub_I__ZN6Timer09_instanceE:
 737               	.LFB162:
 738               		.loc 1 295 1 is_stmt 1 view -0
 739               		.cfi_startproc
 740               	/* prologue: function */
 741               	/* frame size = 0 */
 742               	/* stack size = 0 */
 743               	.L__stack_usage = 0
 744               		.loc 1 295 1 is_stmt 0 view .LVU168
 745 0000 0E94 0000 		call _Z41__static_initialization_and_destruction_0v
 746               	.LVL41:
 747               	/* epilogue start */
 748 0004 0895      		ret
 749               		.cfi_endproc
 750               	.LFE162:
 752               		.global __do_global_ctors
 753               		.section .ctors,"a",@progbits
 754               		.p2align	1
 755 0000 0000      		.word	gs(_GLOBAL__sub_I__ZN6Timer09_instanceE)
 756               	.global	_ZN6Timer09_instanceE
 757               		.section	.bss._ZN6Timer09_instanceE,"aw",@nobits
 760               	_ZN6Timer09_instanceE:
 761 0000 0000 0000 		.zero	5
 761      00
 762               		.text
 763               	.Letext0:
 764               		.file 2 "/usr/avr/include/stdint.h"
 765               		.file 3 "funsape/peripheral/../config/atmega328p.hpp"
 766               		.file 4 "funsape/peripheral/../globalDefines.hpp"
 767               		.file 5 "funsape/peripheral/timer0.hpp"
GAS LISTING /tmp/ccOTZ7bf.s 			page 22


DEFINED SYMBOLS
                            *ABS*:00000000 timer0.cpp
     /tmp/ccOTZ7bf.s:2      *ABS*:0000003e __SP_H__
     /tmp/ccOTZ7bf.s:3      *ABS*:0000003d __SP_L__
     /tmp/ccOTZ7bf.s:4      *ABS*:0000003f __SREG__
     /tmp/ccOTZ7bf.s:5      *ABS*:00000000 __tmp_reg__
     /tmp/ccOTZ7bf.s:6      *ABS*:00000001 __zero_reg__
     /tmp/ccOTZ7bf.s:14     .text._ZN6Timer0C2Ev:00000000 _ZN6Timer0C2Ev
     /tmp/ccOTZ7bf.s:17     .text._ZN6Timer0C2Ev:00000000 .Loc.0
     /tmp/ccOTZ7bf.s:18     .text._ZN6Timer0C2Ev:00000000 L0
     /tmp/ccOTZ7bf.s:23     .text._ZN6Timer0C2Ev:00000000 .Loc.1
     /tmp/ccOTZ7bf.s:26     .text._ZN6Timer0C2Ev:00000002 .Loc.2
     /tmp/ccOTZ7bf.s:29     .text._ZN6Timer0C2Ev:00000004 .Loc.3
     /tmp/ccOTZ7bf.s:32     .text._ZN6Timer0C2Ev:00000008 .Loc.4
     /tmp/ccOTZ7bf.s:35     .text._ZN6Timer0C2Ev:0000000c .Loc.5
     /tmp/ccOTZ7bf.s:37     .text._ZN6Timer0C2Ev:0000000e .Loc.6
     /tmp/ccOTZ7bf.s:39     .text._ZN6Timer0C2Ev:00000010 .Loc.7
     /tmp/ccOTZ7bf.s:40     .text._ZN6Timer0C2Ev:00000010 .Loc.8
     /tmp/ccOTZ7bf.s:41     .text._ZN6Timer0C2Ev:00000010 .Loc.9
     /tmp/ccOTZ7bf.s:42     .text._ZN6Timer0C2Ev:00000010 .Loc.10
     /tmp/ccOTZ7bf.s:45     .text._ZN6Timer0C2Ev:00000010 .Loc.11
     /tmp/ccOTZ7bf.s:47     .text._ZN6Timer0C2Ev:00000012 L0
     /tmp/ccOTZ7bf.s:14     .text._ZN6Timer0C2Ev:00000000 _ZN6Timer0C1Ev
     /tmp/ccOTZ7bf.s:54     .text._Z41__static_initialization_and_destruction_0v:00000000 _Z41__static_initialization_and_destruction_0v
     /tmp/ccOTZ7bf.s:56     .text._Z41__static_initialization_and_destruction_0v:00000000 .Loc.12
     /tmp/ccOTZ7bf.s:57     .text._Z41__static_initialization_and_destruction_0v:00000000 L0
     /tmp/ccOTZ7bf.s:62     .text._Z41__static_initialization_and_destruction_0v:00000000 .Loc.13
     /tmp/ccOTZ7bf.s:760    .bss._ZN6Timer09_instanceE:00000000 _ZN6Timer09_instanceE
     /tmp/ccOTZ7bf.s:68     .text._Z41__static_initialization_and_destruction_0v:00000008 .Loc.14
     /tmp/ccOTZ7bf.s:70     .text._Z41__static_initialization_and_destruction_0v:0000000a L0
     /tmp/ccOTZ7bf.s:76     .text._ZN6Timer0D2Ev:00000000 _ZN6Timer0D2Ev
     /tmp/ccOTZ7bf.s:79     .text._ZN6Timer0D2Ev:00000000 .Loc.15
     /tmp/ccOTZ7bf.s:80     .text._ZN6Timer0D2Ev:00000000 L0
     /tmp/ccOTZ7bf.s:86     .text._ZN6Timer0D2Ev:00000000 .Loc.16
     /tmp/ccOTZ7bf.s:87     .text._ZN6Timer0D2Ev:00000000 .Loc.17
     /tmp/ccOTZ7bf.s:88     .text._ZN6Timer0D2Ev:00000000 .Loc.18
     /tmp/ccOTZ7bf.s:91     .text._ZN6Timer0D2Ev:00000000 .Loc.19
     /tmp/ccOTZ7bf.s:93     .text._ZN6Timer0D2Ev:00000002 L0
     /tmp/ccOTZ7bf.s:76     .text._ZN6Timer0D2Ev:00000000 _ZN6Timer0D1Ev
     /tmp/ccOTZ7bf.s:101    .text._ZN6Timer04initENS_4ModeENS_11ClockSourceE:00000000 _ZN6Timer04initENS_4ModeENS_11ClockSourceE
     /tmp/ccOTZ7bf.s:104    .text._ZN6Timer04initENS_4ModeENS_11ClockSourceE:00000000 .Loc.20
     /tmp/ccOTZ7bf.s:105    .text._ZN6Timer04initENS_4ModeENS_11ClockSourceE:00000000 L0
     /tmp/ccOTZ7bf.s:110    .text._ZN6Timer04initENS_4ModeENS_11ClockSourceE:00000000 .Loc.21
     /tmp/ccOTZ7bf.s:112    .text._ZN6Timer04initENS_4ModeENS_11ClockSourceE:00000002 .Loc.22
     /tmp/ccOTZ7bf.s:113    .text._ZN6Timer04initENS_4ModeENS_11ClockSourceE:00000002 .Loc.23
     /tmp/ccOTZ7bf.s:114    .text._ZN6Timer04initENS_4ModeENS_11ClockSourceE:00000002 .Loc.24
     /tmp/ccOTZ7bf.s:117    .text._ZN6Timer04initENS_4ModeENS_11ClockSourceE:00000004 .Loc.25
     /tmp/ccOTZ7bf.s:118    .text._ZN6Timer04initENS_4ModeENS_11ClockSourceE:00000004 .Loc.26
     /tmp/ccOTZ7bf.s:121    .text._ZN6Timer04initENS_4ModeENS_11ClockSourceE:00000006 .Loc.27
     /tmp/ccOTZ7bf.s:122    .text._ZN6Timer04initENS_4ModeENS_11ClockSourceE:00000006 .Loc.28
     /tmp/ccOTZ7bf.s:123    .text._ZN6Timer04initENS_4ModeENS_11ClockSourceE:00000006 .Loc.29
     /tmp/ccOTZ7bf.s:124    .text._ZN6Timer04initENS_4ModeENS_11ClockSourceE:00000006 .Loc.30
     /tmp/ccOTZ7bf.s:127    .text._ZN6Timer04initENS_4ModeENS_11ClockSourceE:00000008 .Loc.31
     /tmp/ccOTZ7bf.s:128    .text._ZN6Timer04initENS_4ModeENS_11ClockSourceE:00000008 .Loc.32
     /tmp/ccOTZ7bf.s:129    .text._ZN6Timer04initENS_4ModeENS_11ClockSourceE:00000008 .Loc.33
     /tmp/ccOTZ7bf.s:132    .text._ZN6Timer04initENS_4ModeENS_11ClockSourceE:0000000a .Loc.34
     /tmp/ccOTZ7bf.s:133    .text._ZN6Timer04initENS_4ModeENS_11ClockSourceE:0000000a .Loc.35
GAS LISTING /tmp/ccOTZ7bf.s 			page 23


     /tmp/ccOTZ7bf.s:134    .text._ZN6Timer04initENS_4ModeENS_11ClockSourceE:0000000a .Loc.36
     /tmp/ccOTZ7bf.s:137    .text._ZN6Timer04initENS_4ModeENS_11ClockSourceE:0000000c .Loc.37
     /tmp/ccOTZ7bf.s:141    .text._ZN6Timer04initENS_4ModeENS_11ClockSourceE:00000010 .Loc.38
     /tmp/ccOTZ7bf.s:142    .text._ZN6Timer04initENS_4ModeENS_11ClockSourceE:00000010 .Loc.39
     /tmp/ccOTZ7bf.s:143    .text._ZN6Timer04initENS_4ModeENS_11ClockSourceE:00000010 .Loc.40
     /tmp/ccOTZ7bf.s:152    .text._ZN6Timer04initENS_4ModeENS_11ClockSourceE:0000001e .Loc.41
     /tmp/ccOTZ7bf.s:153    .text._ZN6Timer04initENS_4ModeENS_11ClockSourceE:0000001e .Loc.42
     /tmp/ccOTZ7bf.s:154    .text._ZN6Timer04initENS_4ModeENS_11ClockSourceE:0000001e .Loc.43
     /tmp/ccOTZ7bf.s:157    .text._ZN6Timer04initENS_4ModeENS_11ClockSourceE:00000020 .Loc.44
     /tmp/ccOTZ7bf.s:158    .text._ZN6Timer04initENS_4ModeENS_11ClockSourceE:00000020 .Loc.45
     /tmp/ccOTZ7bf.s:159    .text._ZN6Timer04initENS_4ModeENS_11ClockSourceE:00000020 .Loc.46
     /tmp/ccOTZ7bf.s:162    .text._ZN6Timer04initENS_4ModeENS_11ClockSourceE:00000022 .Loc.47
     /tmp/ccOTZ7bf.s:163    .text._ZN6Timer04initENS_4ModeENS_11ClockSourceE:00000022 .Loc.48
     /tmp/ccOTZ7bf.s:164    .text._ZN6Timer04initENS_4ModeENS_11ClockSourceE:00000022 .Loc.49
     /tmp/ccOTZ7bf.s:166    .text._ZN6Timer04initENS_4ModeENS_11ClockSourceE:00000024 .Loc.50
     /tmp/ccOTZ7bf.s:167    .text._ZN6Timer04initENS_4ModeENS_11ClockSourceE:00000024 .Loc.51
     /tmp/ccOTZ7bf.s:169    .text._ZN6Timer04initENS_4ModeENS_11ClockSourceE:00000026 .Loc.52
     /tmp/ccOTZ7bf.s:170    .text._ZN6Timer04initENS_4ModeENS_11ClockSourceE:00000026 .Loc.53
     /tmp/ccOTZ7bf.s:172    .text._ZN6Timer04initENS_4ModeENS_11ClockSourceE:00000028 .Loc.54
     /tmp/ccOTZ7bf.s:173    .text._ZN6Timer04initENS_4ModeENS_11ClockSourceE:00000028 .Loc.55
     /tmp/ccOTZ7bf.s:175    .text._ZN6Timer04initENS_4ModeENS_11ClockSourceE:0000002a .Loc.56
     /tmp/ccOTZ7bf.s:176    .text._ZN6Timer04initENS_4ModeENS_11ClockSourceE:0000002a .Loc.57
     /tmp/ccOTZ7bf.s:179    .text._ZN6Timer04initENS_4ModeENS_11ClockSourceE:0000002c .Loc.58
     /tmp/ccOTZ7bf.s:182    .text._ZN6Timer04initENS_4ModeENS_11ClockSourceE:00000030 .Loc.59
     /tmp/ccOTZ7bf.s:183    .text._ZN6Timer04initENS_4ModeENS_11ClockSourceE:00000030 .Loc.60
     /tmp/ccOTZ7bf.s:186    .text._ZN6Timer04initENS_4ModeENS_11ClockSourceE:00000034 .Loc.61
     /tmp/ccOTZ7bf.s:187    .text._ZN6Timer04initENS_4ModeENS_11ClockSourceE:00000034 .Loc.62
     /tmp/ccOTZ7bf.s:188    .text._ZN6Timer04initENS_4ModeENS_11ClockSourceE:00000034 .Loc.63
     /tmp/ccOTZ7bf.s:192    .text._ZN6Timer04initENS_4ModeENS_11ClockSourceE:00000038 L0
     /tmp/ccOTZ7bf.s:198    .text._ZN6Timer014setClockSourceENS_11ClockSourceE:00000000 _ZN6Timer014setClockSourceENS_11ClockSourceE
     /tmp/ccOTZ7bf.s:201    .text._ZN6Timer014setClockSourceENS_11ClockSourceE:00000000 .Loc.64
     /tmp/ccOTZ7bf.s:202    .text._ZN6Timer014setClockSourceENS_11ClockSourceE:00000000 L0
     /tmp/ccOTZ7bf.s:207    .text._ZN6Timer014setClockSourceENS_11ClockSourceE:00000000 .Loc.65
     /tmp/ccOTZ7bf.s:209    .text._ZN6Timer014setClockSourceENS_11ClockSourceE:00000002 .Loc.66
     /tmp/ccOTZ7bf.s:210    .text._ZN6Timer014setClockSourceENS_11ClockSourceE:00000002 .Loc.67
     /tmp/ccOTZ7bf.s:211    .text._ZN6Timer014setClockSourceENS_11ClockSourceE:00000002 .Loc.68
     /tmp/ccOTZ7bf.s:214    .text._ZN6Timer014setClockSourceENS_11ClockSourceE:00000004 .Loc.69
     /tmp/ccOTZ7bf.s:215    .text._ZN6Timer014setClockSourceENS_11ClockSourceE:00000004 .Loc.70
     /tmp/ccOTZ7bf.s:218    .text._ZN6Timer014setClockSourceENS_11ClockSourceE:00000006 .Loc.71
     /tmp/ccOTZ7bf.s:219    .text._ZN6Timer014setClockSourceENS_11ClockSourceE:00000006 .Loc.72
     /tmp/ccOTZ7bf.s:220    .text._ZN6Timer014setClockSourceENS_11ClockSourceE:00000006 .Loc.73
     /tmp/ccOTZ7bf.s:223    .text._ZN6Timer014setClockSourceENS_11ClockSourceE:00000008 .Loc.74
     /tmp/ccOTZ7bf.s:226    .text._ZN6Timer014setClockSourceENS_11ClockSourceE:0000000a .Loc.75
     /tmp/ccOTZ7bf.s:227    .text._ZN6Timer014setClockSourceENS_11ClockSourceE:0000000a .Loc.76
     /tmp/ccOTZ7bf.s:228    .text._ZN6Timer014setClockSourceENS_11ClockSourceE:0000000a .Loc.77
     /tmp/ccOTZ7bf.s:230    .text._ZN6Timer014setClockSourceENS_11ClockSourceE:0000000c .Loc.78
     /tmp/ccOTZ7bf.s:231    .text._ZN6Timer014setClockSourceENS_11ClockSourceE:0000000c .Loc.79
     /tmp/ccOTZ7bf.s:233    .text._ZN6Timer014setClockSourceENS_11ClockSourceE:0000000e .Loc.80
     /tmp/ccOTZ7bf.s:234    .text._ZN6Timer014setClockSourceENS_11ClockSourceE:0000000e .Loc.81
     /tmp/ccOTZ7bf.s:237    .text._ZN6Timer014setClockSourceENS_11ClockSourceE:00000012 .Loc.82
     /tmp/ccOTZ7bf.s:238    .text._ZN6Timer014setClockSourceENS_11ClockSourceE:00000012 .Loc.83
     /tmp/ccOTZ7bf.s:239    .text._ZN6Timer014setClockSourceENS_11ClockSourceE:00000012 .Loc.84
     /tmp/ccOTZ7bf.s:243    .text._ZN6Timer014setClockSourceENS_11ClockSourceE:00000014 .Loc.85
     /tmp/ccOTZ7bf.s:245    .text._ZN6Timer014setClockSourceENS_11ClockSourceE:00000016 L0
     /tmp/ccOTZ7bf.s:251    .text._ZN6Timer07setModeENS_4ModeE:00000000 _ZN6Timer07setModeENS_4ModeE
     /tmp/ccOTZ7bf.s:254    .text._ZN6Timer07setModeENS_4ModeE:00000000 .Loc.86
     /tmp/ccOTZ7bf.s:255    .text._ZN6Timer07setModeENS_4ModeE:00000000 L0
GAS LISTING /tmp/ccOTZ7bf.s 			page 24


     /tmp/ccOTZ7bf.s:260    .text._ZN6Timer07setModeENS_4ModeE:00000000 .Loc.87
     /tmp/ccOTZ7bf.s:262    .text._ZN6Timer07setModeENS_4ModeE:00000002 .Loc.88
     /tmp/ccOTZ7bf.s:263    .text._ZN6Timer07setModeENS_4ModeE:00000002 .Loc.89
     /tmp/ccOTZ7bf.s:264    .text._ZN6Timer07setModeENS_4ModeE:00000002 .Loc.90
     /tmp/ccOTZ7bf.s:267    .text._ZN6Timer07setModeENS_4ModeE:00000004 .Loc.91
     /tmp/ccOTZ7bf.s:268    .text._ZN6Timer07setModeENS_4ModeE:00000004 .Loc.92
     /tmp/ccOTZ7bf.s:271    .text._ZN6Timer07setModeENS_4ModeE:00000006 .Loc.93
     /tmp/ccOTZ7bf.s:272    .text._ZN6Timer07setModeENS_4ModeE:00000006 .Loc.94
     /tmp/ccOTZ7bf.s:273    .text._ZN6Timer07setModeENS_4ModeE:00000006 .Loc.95
     /tmp/ccOTZ7bf.s:274    .text._ZN6Timer07setModeENS_4ModeE:00000006 .Loc.96
     /tmp/ccOTZ7bf.s:277    .text._ZN6Timer07setModeENS_4ModeE:00000008 .Loc.97
     /tmp/ccOTZ7bf.s:278    .text._ZN6Timer07setModeENS_4ModeE:00000008 .Loc.98
     /tmp/ccOTZ7bf.s:279    .text._ZN6Timer07setModeENS_4ModeE:00000008 .Loc.99
     /tmp/ccOTZ7bf.s:282    .text._ZN6Timer07setModeENS_4ModeE:0000000a .Loc.100
     /tmp/ccOTZ7bf.s:283    .text._ZN6Timer07setModeENS_4ModeE:0000000a .Loc.101
     /tmp/ccOTZ7bf.s:284    .text._ZN6Timer07setModeENS_4ModeE:0000000a .Loc.102
     /tmp/ccOTZ7bf.s:289    .text._ZN6Timer07setModeENS_4ModeE:00000010 .Loc.103
     /tmp/ccOTZ7bf.s:290    .text._ZN6Timer07setModeENS_4ModeE:00000010 .Loc.104
     /tmp/ccOTZ7bf.s:291    .text._ZN6Timer07setModeENS_4ModeE:00000010 .Loc.105
     /tmp/ccOTZ7bf.s:300    .text._ZN6Timer07setModeENS_4ModeE:0000001e .Loc.106
     /tmp/ccOTZ7bf.s:301    .text._ZN6Timer07setModeENS_4ModeE:0000001e .Loc.107
     /tmp/ccOTZ7bf.s:302    .text._ZN6Timer07setModeENS_4ModeE:0000001e .Loc.108
     /tmp/ccOTZ7bf.s:304    .text._ZN6Timer07setModeENS_4ModeE:00000020 .Loc.109
     /tmp/ccOTZ7bf.s:305    .text._ZN6Timer07setModeENS_4ModeE:00000020 .Loc.110
     /tmp/ccOTZ7bf.s:307    .text._ZN6Timer07setModeENS_4ModeE:00000022 .Loc.111
     /tmp/ccOTZ7bf.s:308    .text._ZN6Timer07setModeENS_4ModeE:00000022 .Loc.112
     /tmp/ccOTZ7bf.s:310    .text._ZN6Timer07setModeENS_4ModeE:00000024 .Loc.113
     /tmp/ccOTZ7bf.s:311    .text._ZN6Timer07setModeENS_4ModeE:00000024 .Loc.114
     /tmp/ccOTZ7bf.s:314    .text._ZN6Timer07setModeENS_4ModeE:00000028 .Loc.115
     /tmp/ccOTZ7bf.s:315    .text._ZN6Timer07setModeENS_4ModeE:00000028 .Loc.116
     /tmp/ccOTZ7bf.s:316    .text._ZN6Timer07setModeENS_4ModeE:00000028 .Loc.117
     /tmp/ccOTZ7bf.s:320    .text._ZN6Timer07setModeENS_4ModeE:0000002a .Loc.118
     /tmp/ccOTZ7bf.s:322    .text._ZN6Timer07setModeENS_4ModeE:0000002c L0
     /tmp/ccOTZ7bf.s:328    .text._ZN6Timer013setOutputModeENS_10OutputModeES0_:00000000 _ZN6Timer013setOutputModeENS_10OutputModeES0_
     /tmp/ccOTZ7bf.s:331    .text._ZN6Timer013setOutputModeENS_10OutputModeES0_:00000000 .Loc.119
     /tmp/ccOTZ7bf.s:332    .text._ZN6Timer013setOutputModeENS_10OutputModeES0_:00000000 L0
     /tmp/ccOTZ7bf.s:337    .text._ZN6Timer013setOutputModeENS_10OutputModeES0_:00000000 .Loc.120
     /tmp/ccOTZ7bf.s:339    .text._ZN6Timer013setOutputModeENS_10OutputModeES0_:00000002 .Loc.121
     /tmp/ccOTZ7bf.s:340    .text._ZN6Timer013setOutputModeENS_10OutputModeES0_:00000002 .Loc.122
     /tmp/ccOTZ7bf.s:341    .text._ZN6Timer013setOutputModeENS_10OutputModeES0_:00000002 .Loc.123
     /tmp/ccOTZ7bf.s:344    .text._ZN6Timer013setOutputModeENS_10OutputModeES0_:00000004 .Loc.124
     /tmp/ccOTZ7bf.s:345    .text._ZN6Timer013setOutputModeENS_10OutputModeES0_:00000004 .Loc.125
     /tmp/ccOTZ7bf.s:348    .text._ZN6Timer013setOutputModeENS_10OutputModeES0_:00000006 .Loc.126
     /tmp/ccOTZ7bf.s:349    .text._ZN6Timer013setOutputModeENS_10OutputModeES0_:00000006 .Loc.127
     /tmp/ccOTZ7bf.s:350    .text._ZN6Timer013setOutputModeENS_10OutputModeES0_:00000006 .Loc.128
     /tmp/ccOTZ7bf.s:353    .text._ZN6Timer013setOutputModeENS_10OutputModeES0_:00000008 .Loc.129
     /tmp/ccOTZ7bf.s:359    .text._ZN6Timer013setOutputModeENS_10OutputModeES0_:00000010 .Loc.130
     /tmp/ccOTZ7bf.s:360    .text._ZN6Timer013setOutputModeENS_10OutputModeES0_:00000010 .Loc.131
     /tmp/ccOTZ7bf.s:361    .text._ZN6Timer013setOutputModeENS_10OutputModeES0_:00000010 .Loc.132
     /tmp/ccOTZ7bf.s:364    .text._ZN6Timer013setOutputModeENS_10OutputModeES0_:00000012 .Loc.133
     /tmp/ccOTZ7bf.s:365    .text._ZN6Timer013setOutputModeENS_10OutputModeES0_:00000012 .Loc.134
     /tmp/ccOTZ7bf.s:366    .text._ZN6Timer013setOutputModeENS_10OutputModeES0_:00000012 .Loc.135
     /tmp/ccOTZ7bf.s:369    .text._ZN6Timer013setOutputModeENS_10OutputModeES0_:00000014 .Loc.136
     /tmp/ccOTZ7bf.s:373    .text._ZN6Timer013setOutputModeENS_10OutputModeES0_:00000018 .Loc.137
     /tmp/ccOTZ7bf.s:374    .text._ZN6Timer013setOutputModeENS_10OutputModeES0_:00000018 .Loc.138
     /tmp/ccOTZ7bf.s:375    .text._ZN6Timer013setOutputModeENS_10OutputModeES0_:00000018 .Loc.139
     /tmp/ccOTZ7bf.s:377    .text._ZN6Timer013setOutputModeENS_10OutputModeES0_:0000001a .Loc.140
GAS LISTING /tmp/ccOTZ7bf.s 			page 25


     /tmp/ccOTZ7bf.s:378    .text._ZN6Timer013setOutputModeENS_10OutputModeES0_:0000001a .Loc.141
     /tmp/ccOTZ7bf.s:381    .text._ZN6Timer013setOutputModeENS_10OutputModeES0_:0000001e .Loc.142
     /tmp/ccOTZ7bf.s:382    .text._ZN6Timer013setOutputModeENS_10OutputModeES0_:0000001e .Loc.143
     /tmp/ccOTZ7bf.s:383    .text._ZN6Timer013setOutputModeENS_10OutputModeES0_:0000001e .Loc.144
     /tmp/ccOTZ7bf.s:387    .text._ZN6Timer013setOutputModeENS_10OutputModeES0_:00000020 .Loc.145
     /tmp/ccOTZ7bf.s:389    .text._ZN6Timer013setOutputModeENS_10OutputModeES0_:00000022 L0
     /tmp/ccOTZ7bf.s:395    .text._Z22timer0CompareACallbackv:00000000 _Z22timer0CompareACallbackv
     /tmp/ccOTZ7bf.s:397    .text._Z22timer0CompareACallbackv:00000000 .Loc.146
     /tmp/ccOTZ7bf.s:398    .text._Z22timer0CompareACallbackv:00000000 L0
     /tmp/ccOTZ7bf.s:403    .text._Z22timer0CompareACallbackv:00000000 .Loc.147
     /tmp/ccOTZ7bf.s:405    .text._Z22timer0CompareACallbackv:00000000 .Loc.148
     /tmp/ccOTZ7bf.s:407    .text._Z22timer0CompareACallbackv:00000002 L0
     /tmp/ccOTZ7bf.s:413    .text._Z22timer0CompareBCallbackv:00000000 _Z22timer0CompareBCallbackv
     /tmp/ccOTZ7bf.s:415    .text._Z22timer0CompareBCallbackv:00000000 .Loc.149
     /tmp/ccOTZ7bf.s:416    .text._Z22timer0CompareBCallbackv:00000000 L0
     /tmp/ccOTZ7bf.s:421    .text._Z22timer0CompareBCallbackv:00000000 .Loc.150
     /tmp/ccOTZ7bf.s:423    .text._Z22timer0CompareBCallbackv:00000000 .Loc.151
     /tmp/ccOTZ7bf.s:425    .text._Z22timer0CompareBCallbackv:00000002 L0
     /tmp/ccOTZ7bf.s:431    .text._Z22timer0OverflowCallbackv:00000000 _Z22timer0OverflowCallbackv
     /tmp/ccOTZ7bf.s:433    .text._Z22timer0OverflowCallbackv:00000000 .Loc.152
     /tmp/ccOTZ7bf.s:434    .text._Z22timer0OverflowCallbackv:00000000 L0
     /tmp/ccOTZ7bf.s:439    .text._Z22timer0OverflowCallbackv:00000000 .Loc.153
     /tmp/ccOTZ7bf.s:441    .text._Z22timer0OverflowCallbackv:00000000 .Loc.154
     /tmp/ccOTZ7bf.s:443    .text._Z22timer0OverflowCallbackv:00000002 L0
     /tmp/ccOTZ7bf.s:449    .text.__vector_14:00000000 __vector_14
     /tmp/ccOTZ7bf.s:451    .text.__vector_14:00000000 .Loc.155
     /tmp/ccOTZ7bf.s:452    .text.__vector_14:00000000 L0
     /tmp/ccOTZ7bf.s:516    .text.__vector_14:00000022 .Loc.156
     /tmp/ccOTZ7bf.s:517    .text.__vector_14:00000022 .Loc.157
     /tmp/ccOTZ7bf.s:521    .text.__vector_14:00000026 .Loc.158
     /tmp/ccOTZ7bf.s:539    .text.__vector_14:00000048 L0
     /tmp/ccOTZ7bf.s:545    .text.__vector_15:00000000 __vector_15
     /tmp/ccOTZ7bf.s:547    .text.__vector_15:00000000 .Loc.159
     /tmp/ccOTZ7bf.s:548    .text.__vector_15:00000000 L0
     /tmp/ccOTZ7bf.s:612    .text.__vector_15:00000022 .Loc.160
     /tmp/ccOTZ7bf.s:613    .text.__vector_15:00000022 .Loc.161
     /tmp/ccOTZ7bf.s:617    .text.__vector_15:00000026 .Loc.162
     /tmp/ccOTZ7bf.s:635    .text.__vector_15:00000048 L0
     /tmp/ccOTZ7bf.s:641    .text.__vector_16:00000000 __vector_16
     /tmp/ccOTZ7bf.s:643    .text.__vector_16:00000000 .Loc.163
     /tmp/ccOTZ7bf.s:644    .text.__vector_16:00000000 L0
     /tmp/ccOTZ7bf.s:708    .text.__vector_16:00000022 .Loc.164
     /tmp/ccOTZ7bf.s:709    .text.__vector_16:00000022 .Loc.165
     /tmp/ccOTZ7bf.s:713    .text.__vector_16:00000026 .Loc.166
     /tmp/ccOTZ7bf.s:731    .text.__vector_16:00000048 L0
     /tmp/ccOTZ7bf.s:736    .text._GLOBAL__sub_I__ZN6Timer09_instanceE:00000000 _GLOBAL__sub_I__ZN6Timer09_instanceE
     /tmp/ccOTZ7bf.s:738    .text._GLOBAL__sub_I__ZN6Timer09_instanceE:00000000 .Loc.167
     /tmp/ccOTZ7bf.s:739    .text._GLOBAL__sub_I__ZN6Timer09_instanceE:00000000 L0
     /tmp/ccOTZ7bf.s:744    .text._GLOBAL__sub_I__ZN6Timer09_instanceE:00000000 .Loc.168
     /tmp/ccOTZ7bf.s:749    .text._GLOBAL__sub_I__ZN6Timer09_instanceE:00000006 L0
     /tmp/ccOTZ7bf.s:52     .text._ZN6Timer0C2Ev:00000012 L0
     /tmp/ccOTZ7bf.s:73     .text._Z41__static_initialization_and_destruction_0v:0000000a L0
     /tmp/ccOTZ7bf.s:98     .text._ZN6Timer0D2Ev:00000002 L0
     /tmp/ccOTZ7bf.s:195    .text._ZN6Timer04initENS_4ModeENS_11ClockSourceE:00000038 L0
     /tmp/ccOTZ7bf.s:248    .text._ZN6Timer014setClockSourceENS_11ClockSourceE:00000016 L0
     /tmp/ccOTZ7bf.s:325    .text._ZN6Timer07setModeENS_4ModeE:0000002c L0
     /tmp/ccOTZ7bf.s:392    .text._ZN6Timer013setOutputModeENS_10OutputModeES0_:00000022 L0
GAS LISTING /tmp/ccOTZ7bf.s 			page 26


     /tmp/ccOTZ7bf.s:410    .text._Z22timer0CompareACallbackv:00000002 L0
     /tmp/ccOTZ7bf.s:428    .text._Z22timer0CompareBCallbackv:00000002 L0
     /tmp/ccOTZ7bf.s:446    .text._Z22timer0OverflowCallbackv:00000002 L0
     /tmp/ccOTZ7bf.s:542    .text.__vector_14:00000048 L0
     /tmp/ccOTZ7bf.s:638    .text.__vector_15:00000048 L0
     /tmp/ccOTZ7bf.s:734    .text.__vector_16:00000048 L0
     /tmp/ccOTZ7bf.s:753    .text._GLOBAL__sub_I__ZN6Timer09_instanceE:00000006 L0
                     .debug_frame:00000000 L0
     /tmp/ccOTZ7bf.s:2067   .debug_abbrev:00000000 .Ldebug_abbrev0
     /tmp/ccOTZ7bf.s:3483   .debug_ranges:00000000 .Ldebug_ranges0
     /tmp/ccOTZ7bf.s:3515   .debug_line:00000000 .Ldebug_line0
     /tmp/ccOTZ7bf.s:737    .text._GLOBAL__sub_I__ZN6Timer09_instanceE:00000000 .LFB162
     /tmp/ccOTZ7bf.s:750    .text._GLOBAL__sub_I__ZN6Timer09_instanceE:00000006 .LFE162
     /tmp/ccOTZ7bf.s:746    .text._GLOBAL__sub_I__ZN6Timer09_instanceE:00000004 .LVL41
     /tmp/ccOTZ7bf.s:55     .text._Z41__static_initialization_and_destruction_0v:00000000 .LFB160
     /tmp/ccOTZ7bf.s:71     .text._Z41__static_initialization_and_destruction_0v:0000000a .LFE160
     /tmp/ccOTZ7bf.s:66     .text._Z41__static_initialization_and_destruction_0v:00000008 .LVL2
     /tmp/ccOTZ7bf.s:642    .text.__vector_16:00000000 .LFB159
     /tmp/ccOTZ7bf.s:732    .text.__vector_16:00000048 .LFE159
     /tmp/ccOTZ7bf.s:2852   .debug_loc:00000000 .LLST17
     /tmp/ccOTZ7bf.s:711    .text.__vector_16:00000026 .LVL40
     /tmp/ccOTZ7bf.s:546    .text.__vector_15:00000000 .LFB158
     /tmp/ccOTZ7bf.s:636    .text.__vector_15:00000048 .LFE158
     /tmp/ccOTZ7bf.s:2945   .debug_loc:000000cb .LLST16
     /tmp/ccOTZ7bf.s:615    .text.__vector_15:00000026 .LVL39
     /tmp/ccOTZ7bf.s:450    .text.__vector_14:00000000 .LFB157
     /tmp/ccOTZ7bf.s:540    .text.__vector_14:00000048 .LFE157
     /tmp/ccOTZ7bf.s:3038   .debug_loc:00000196 .LLST15
     /tmp/ccOTZ7bf.s:519    .text.__vector_14:00000026 .LVL38
     /tmp/ccOTZ7bf.s:432    .text._Z22timer0OverflowCallbackv:00000000 .LFB156
     /tmp/ccOTZ7bf.s:444    .text._Z22timer0OverflowCallbackv:00000002 .LFE156
     /tmp/ccOTZ7bf.s:414    .text._Z22timer0CompareBCallbackv:00000000 .LFB155
     /tmp/ccOTZ7bf.s:426    .text._Z22timer0CompareBCallbackv:00000002 .LFE155
     /tmp/ccOTZ7bf.s:396    .text._Z22timer0CompareACallbackv:00000000 .LFB154
     /tmp/ccOTZ7bf.s:408    .text._Z22timer0CompareACallbackv:00000002 .LFE154
     /tmp/ccOTZ7bf.s:330    .text._ZN6Timer013setOutputModeENS_10OutputModeES0_:00000000 .LFB153
     /tmp/ccOTZ7bf.s:390    .text._ZN6Timer013setOutputModeENS_10OutputModeES0_:00000022 .LFE153
     /tmp/ccOTZ7bf.s:3136   .debug_loc:00000265 .LLST11
     /tmp/ccOTZ7bf.s:3131   .debug_loc:00000261 .LVUS11
     /tmp/ccOTZ7bf.s:3162   .debug_loc:00000291 .LLST12
     /tmp/ccOTZ7bf.s:3157   .debug_loc:0000028d .LVUS12
     /tmp/ccOTZ7bf.s:3187   .debug_loc:000002bc .LLST13
     /tmp/ccOTZ7bf.s:3182   .debug_loc:000002b8 .LVUS13
     /tmp/ccOTZ7bf.s:3214   .debug_loc:000002e9 .LLST14
     /tmp/ccOTZ7bf.s:3207   .debug_loc:000002e3 .LVUS14
     /tmp/ccOTZ7bf.s:253    .text._ZN6Timer07setModeENS_4ModeE:00000000 .LFB152
     /tmp/ccOTZ7bf.s:323    .text._ZN6Timer07setModeENS_4ModeE:0000002c .LFE152
     /tmp/ccOTZ7bf.s:3234   .debug_loc:00000316 .LLST7
     /tmp/ccOTZ7bf.s:3229   .debug_loc:00000312 .LVUS7
     /tmp/ccOTZ7bf.s:3260   .debug_loc:00000342 .LLST8
     /tmp/ccOTZ7bf.s:3255   .debug_loc:0000033e .LVUS8
     /tmp/ccOTZ7bf.s:3276   .debug_loc:00000364 .LLST9
     /tmp/ccOTZ7bf.s:3271   .debug_loc:00000360 .LVUS9
     /tmp/ccOTZ7bf.s:3290   .debug_loc:00000384 .LLST10
     /tmp/ccOTZ7bf.s:3287   .debug_loc:00000382 .LVUS10
     /tmp/ccOTZ7bf.s:200    .text._ZN6Timer014setClockSourceENS_11ClockSourceE:00000000 .LFB151
     /tmp/ccOTZ7bf.s:246    .text._ZN6Timer014setClockSourceENS_11ClockSourceE:00000016 .LFE151
GAS LISTING /tmp/ccOTZ7bf.s 			page 27


     /tmp/ccOTZ7bf.s:3302   .debug_loc:0000039b .LLST5
     /tmp/ccOTZ7bf.s:3297   .debug_loc:00000397 .LVUS5
     /tmp/ccOTZ7bf.s:3330   .debug_loc:000003c9 .LLST6
     /tmp/ccOTZ7bf.s:3323   .debug_loc:000003c3 .LVUS6
     /tmp/ccOTZ7bf.s:103    .text._ZN6Timer04initENS_4ModeENS_11ClockSourceE:00000000 .LFB150
     /tmp/ccOTZ7bf.s:193    .text._ZN6Timer04initENS_4ModeENS_11ClockSourceE:00000038 .LFE150
     /tmp/ccOTZ7bf.s:3355   .debug_loc:000003fb .LLST1
     /tmp/ccOTZ7bf.s:3350   .debug_loc:000003f7 .LVUS1
     /tmp/ccOTZ7bf.s:3381   .debug_loc:00000427 .LLST2
     /tmp/ccOTZ7bf.s:3376   .debug_loc:00000423 .LVUS2
     /tmp/ccOTZ7bf.s:3397   .debug_loc:00000449 .LLST3
     /tmp/ccOTZ7bf.s:3392   .debug_loc:00000445 .LVUS3
     /tmp/ccOTZ7bf.s:3411   .debug_loc:00000469 .LLST4
     /tmp/ccOTZ7bf.s:3408   .debug_loc:00000467 .LVUS4
     /tmp/ccOTZ7bf.s:78     .text._ZN6Timer0D2Ev:00000000 .LFB148
     /tmp/ccOTZ7bf.s:94     .text._ZN6Timer0D2Ev:00000002 .LFE148
     /tmp/ccOTZ7bf.s:16     .text._ZN6Timer0C2Ev:00000000 .LFB145
     /tmp/ccOTZ7bf.s:48     .text._ZN6Timer0C2Ev:00000012 .LFE145
     /tmp/ccOTZ7bf.s:3423   .debug_loc:00000480 .LLST0
     /tmp/ccOTZ7bf.s:3418   .debug_loc:0000047c .LVUS0
     /tmp/ccOTZ7bf.s:646    .text.__vector_16:00000002 .LCFI28
     /tmp/ccOTZ7bf.s:650    .text.__vector_16:00000004 .LCFI29
     /tmp/ccOTZ7bf.s:657    .text.__vector_16:0000000c .LCFI30
     /tmp/ccOTZ7bf.s:661    .text.__vector_16:0000000e .LCFI31
     /tmp/ccOTZ7bf.s:665    .text.__vector_16:00000010 .LCFI32
     /tmp/ccOTZ7bf.s:669    .text.__vector_16:00000012 .LCFI33
     /tmp/ccOTZ7bf.s:673    .text.__vector_16:00000014 .LCFI34
     /tmp/ccOTZ7bf.s:677    .text.__vector_16:00000016 .LCFI35
     /tmp/ccOTZ7bf.s:681    .text.__vector_16:00000018 .LCFI36
     /tmp/ccOTZ7bf.s:685    .text.__vector_16:0000001a .LCFI37
     /tmp/ccOTZ7bf.s:689    .text.__vector_16:0000001c .LCFI38
     /tmp/ccOTZ7bf.s:693    .text.__vector_16:0000001e .LCFI39
     /tmp/ccOTZ7bf.s:697    .text.__vector_16:00000020 .LCFI40
     /tmp/ccOTZ7bf.s:701    .text.__vector_16:00000022 .LCFI41
     /tmp/ccOTZ7bf.s:550    .text.__vector_15:00000002 .LCFI14
     /tmp/ccOTZ7bf.s:554    .text.__vector_15:00000004 .LCFI15
     /tmp/ccOTZ7bf.s:561    .text.__vector_15:0000000c .LCFI16
     /tmp/ccOTZ7bf.s:565    .text.__vector_15:0000000e .LCFI17
     /tmp/ccOTZ7bf.s:569    .text.__vector_15:00000010 .LCFI18
     /tmp/ccOTZ7bf.s:573    .text.__vector_15:00000012 .LCFI19
     /tmp/ccOTZ7bf.s:577    .text.__vector_15:00000014 .LCFI20
     /tmp/ccOTZ7bf.s:581    .text.__vector_15:00000016 .LCFI21
     /tmp/ccOTZ7bf.s:585    .text.__vector_15:00000018 .LCFI22
     /tmp/ccOTZ7bf.s:589    .text.__vector_15:0000001a .LCFI23
     /tmp/ccOTZ7bf.s:593    .text.__vector_15:0000001c .LCFI24
     /tmp/ccOTZ7bf.s:597    .text.__vector_15:0000001e .LCFI25
     /tmp/ccOTZ7bf.s:601    .text.__vector_15:00000020 .LCFI26
     /tmp/ccOTZ7bf.s:605    .text.__vector_15:00000022 .LCFI27
     /tmp/ccOTZ7bf.s:454    .text.__vector_14:00000002 .LCFI0
     /tmp/ccOTZ7bf.s:458    .text.__vector_14:00000004 .LCFI1
     /tmp/ccOTZ7bf.s:465    .text.__vector_14:0000000c .LCFI2
     /tmp/ccOTZ7bf.s:469    .text.__vector_14:0000000e .LCFI3
     /tmp/ccOTZ7bf.s:473    .text.__vector_14:00000010 .LCFI4
     /tmp/ccOTZ7bf.s:477    .text.__vector_14:00000012 .LCFI5
     /tmp/ccOTZ7bf.s:481    .text.__vector_14:00000014 .LCFI6
     /tmp/ccOTZ7bf.s:485    .text.__vector_14:00000016 .LCFI7
     /tmp/ccOTZ7bf.s:489    .text.__vector_14:00000018 .LCFI8
GAS LISTING /tmp/ccOTZ7bf.s 			page 28


     /tmp/ccOTZ7bf.s:493    .text.__vector_14:0000001a .LCFI9
     /tmp/ccOTZ7bf.s:497    .text.__vector_14:0000001c .LCFI10
     /tmp/ccOTZ7bf.s:501    .text.__vector_14:0000001e .LCFI11
     /tmp/ccOTZ7bf.s:505    .text.__vector_14:00000020 .LCFI12
     /tmp/ccOTZ7bf.s:509    .text.__vector_14:00000022 .LCFI13
     /tmp/ccOTZ7bf.s:329    .text._ZN6Timer013setOutputModeENS_10OutputModeES0_:00000000 .LVL29
     /tmp/ccOTZ7bf.s:385    .text._ZN6Timer013setOutputModeENS_10OutputModeES0_:00000020 .LVL37
     /tmp/ccOTZ7bf.s:352    .text._ZN6Timer013setOutputModeENS_10OutputModeES0_:00000008 .LVL32
     /tmp/ccOTZ7bf.s:368    .text._ZN6Timer013setOutputModeENS_10OutputModeES0_:00000014 .LVL35
     /tmp/ccOTZ7bf.s:343    .text._ZN6Timer013setOutputModeENS_10OutputModeES0_:00000004 .LVL30
     /tmp/ccOTZ7bf.s:358    .text._ZN6Timer013setOutputModeENS_10OutputModeES0_:00000010 .LVL33
     /tmp/ccOTZ7bf.s:372    .text._ZN6Timer013setOutputModeENS_10OutputModeES0_:00000018 .LVL36
     /tmp/ccOTZ7bf.s:252    .text._ZN6Timer07setModeENS_4ModeE:00000000 .LVL21
     /tmp/ccOTZ7bf.s:318    .text._ZN6Timer07setModeENS_4ModeE:0000002a .LVL28
     /tmp/ccOTZ7bf.s:266    .text._ZN6Timer07setModeENS_4ModeE:00000004 .LVL22
     /tmp/ccOTZ7bf.s:288    .text._ZN6Timer07setModeENS_4ModeE:00000010 .LVL26
     /tmp/ccOTZ7bf.s:270    .text._ZN6Timer07setModeENS_4ModeE:00000006 .LVL23
     /tmp/ccOTZ7bf.s:299    .text._ZN6Timer07setModeENS_4ModeE:0000001e .LVL27
     /tmp/ccOTZ7bf.s:199    .text._ZN6Timer014setClockSourceENS_11ClockSourceE:00000000 .LVL15
     /tmp/ccOTZ7bf.s:222    .text._ZN6Timer014setClockSourceENS_11ClockSourceE:00000008 .LVL18
     /tmp/ccOTZ7bf.s:213    .text._ZN6Timer014setClockSourceENS_11ClockSourceE:00000004 .LVL16
     /tmp/ccOTZ7bf.s:225    .text._ZN6Timer014setClockSourceENS_11ClockSourceE:0000000a .LVL19
     /tmp/ccOTZ7bf.s:241    .text._ZN6Timer014setClockSourceENS_11ClockSourceE:00000014 .LVL20
     /tmp/ccOTZ7bf.s:102    .text._ZN6Timer04initENS_4ModeENS_11ClockSourceE:00000000 .LVL4
     /tmp/ccOTZ7bf.s:136    .text._ZN6Timer04initENS_4ModeENS_11ClockSourceE:0000000c .LVL9
     /tmp/ccOTZ7bf.s:116    .text._ZN6Timer04initENS_4ModeENS_11ClockSourceE:00000004 .LVL5
     /tmp/ccOTZ7bf.s:140    .text._ZN6Timer04initENS_4ModeENS_11ClockSourceE:00000010 .LVL10
     /tmp/ccOTZ7bf.s:178    .text._ZN6Timer04initENS_4ModeENS_11ClockSourceE:0000002c .LVL14
     /tmp/ccOTZ7bf.s:120    .text._ZN6Timer04initENS_4ModeENS_11ClockSourceE:00000006 .LVL6
     /tmp/ccOTZ7bf.s:151    .text._ZN6Timer04initENS_4ModeENS_11ClockSourceE:0000001e .LVL11
     /tmp/ccOTZ7bf.s:15     .text._ZN6Timer0C2Ev:00000000 .LVL0
     /tmp/ccOTZ7bf.s:28     .text._ZN6Timer0C2Ev:00000004 .LVL1
     /tmp/ccOTZ7bf.s:769    .debug_info:00000000 .Ldebug_info0

UNDEFINED SYMBOLS
__do_global_ctors
__do_clear_bss
