GAS LISTING /tmp/ccsecC98.s 			page 1


   1               		.file	"timer2.cpp"
   2               	__SP_H__ = 0x3e
   3               	__SP_L__ = 0x3d
   4               	__SREG__ = 0x3f
   5               	__tmp_reg__ = 0
   6               	__zero_reg__ = 1
   7               		.text
   8               	.Ltext0:
   9               		.cfi_sections	.debug_frame
  10               		.file 1 "funsape/peripheral/timer2.cpp"
  11               		.section	.text._ZN6Timer2C2Ev,"ax",@progbits
  12               	.global	_ZN6Timer2C2Ev
  14               	_ZN6Timer2C2Ev:
  15               	.LVL0:
  16               	.LFB145:
   1:funsape/peripheral/timer2.cpp **** //!
   2:funsape/peripheral/timer2.cpp **** //! ****************************************************************************
   3:funsape/peripheral/timer2.cpp **** //! @file           timer2.cpp
   4:funsape/peripheral/timer2.cpp **** //! @author         Leandro Schwarz (bladabuska+funsapeavr8lib@gmail.com)
   5:funsape/peripheral/timer2.cpp **** //! @brief          TIMER2 peripheral control.
   6:funsape/peripheral/timer2.cpp **** //! @details        This file provides peripheral control for the TIMER2 module
   7:funsape/peripheral/timer2.cpp **** //!                     for the FunSAPE++ AVR8 Library.
   8:funsape/peripheral/timer2.cpp **** //! @date           2026-04-03
   9:funsape/peripheral/timer2.cpp **** //! @version        26.04
  10:funsape/peripheral/timer2.cpp **** //! @copyright      MIT License
  11:funsape/peripheral/timer2.cpp **** //! @note           No notes at this time.
  12:funsape/peripheral/timer2.cpp **** //! @todo           No items in todo list yet.
  13:funsape/peripheral/timer2.cpp **** //! @bug            No bugs detected yet.
  14:funsape/peripheral/timer2.cpp **** //! ****************************************************************************
  15:funsape/peripheral/timer2.cpp **** //! @attention
  16:funsape/peripheral/timer2.cpp **** //!
  17:funsape/peripheral/timer2.cpp **** //! MIT License
  18:funsape/peripheral/timer2.cpp **** //!
  19:funsape/peripheral/timer2.cpp **** //! Copyright (c) 2026 Leandro Schwarz
  20:funsape/peripheral/timer2.cpp **** //!
  21:funsape/peripheral/timer2.cpp **** //! Permission is hereby granted, free of charge, to any person obtaining a copy
  22:funsape/peripheral/timer2.cpp **** //!     of this software and associated documentation files (the "Software"), to
  23:funsape/peripheral/timer2.cpp **** //!     deal in the Software without restriction, including without limitation
  24:funsape/peripheral/timer2.cpp **** //!     the rights to use, copy, modify, merge, publish, distribute, sublicense,
  25:funsape/peripheral/timer2.cpp **** //!     and/or sell copies of the Software, and to permit persons to whom the
  26:funsape/peripheral/timer2.cpp **** //!     Software is furnished to do so, subject to the following conditions:
  27:funsape/peripheral/timer2.cpp **** //!
  28:funsape/peripheral/timer2.cpp **** //! The above copyright notice and this permission notice shall be included in
  29:funsape/peripheral/timer2.cpp **** //!     all copies or substantial portions of the Software.
  30:funsape/peripheral/timer2.cpp **** //!
  31:funsape/peripheral/timer2.cpp **** //! THE SOFTWARE IS PROVIDED "AS IS", WITHOUT WARRANTY OF ANY KIND, EXPRESS OR
  32:funsape/peripheral/timer2.cpp **** //!     IMPLIED, INCLUDING BUT NOT LIMITED TO THE WARRANTIES OF MERCHANTABILITY,
  33:funsape/peripheral/timer2.cpp **** //!     FITNESS FOR A PARTICULAR PURPOSE AND NONINFRINGEMENT. IN NO EVENT SHALL
  34:funsape/peripheral/timer2.cpp **** //!     THE AUTHORS OR COPYRIGHT HOLDERS BE LIABLE FOR ANY CLAIM, DAMAGES OR
  35:funsape/peripheral/timer2.cpp **** //!     OTHER LIABILITY, WHETHER IN AN ACTION OF CONTRACT, TORT OR OTHERWISE,
  36:funsape/peripheral/timer2.cpp **** //!     ARISING FROM, OUT OF OR IN CONNECTION WITH THE SOFTWARE OR THE USE OR
  37:funsape/peripheral/timer2.cpp **** //!     OTHER DEALINGS IN THE SOFTWARE.
  38:funsape/peripheral/timer2.cpp **** //!
  39:funsape/peripheral/timer2.cpp **** //! ****************************************************************************
  40:funsape/peripheral/timer2.cpp **** //!
  41:funsape/peripheral/timer2.cpp **** 
  42:funsape/peripheral/timer2.cpp **** // =============================================================================
GAS LISTING /tmp/ccsecC98.s 			page 2


  43:funsape/peripheral/timer2.cpp **** // System file dependencies
  44:funsape/peripheral/timer2.cpp **** // =============================================================================
  45:funsape/peripheral/timer2.cpp **** 
  46:funsape/peripheral/timer2.cpp **** #include "timer2.hpp"
  47:funsape/peripheral/timer2.cpp **** #if !defined(__TIMER2_HPP)
  48:funsape/peripheral/timer2.cpp **** #    error Error 1 - Header file (timer2.hpp) is missing or corrupted!
  49:funsape/peripheral/timer2.cpp **** #elif __TIMER2_HPP != 2604
  50:funsape/peripheral/timer2.cpp **** #    error Error 6 - Build mismatch between header file (timer2.hpp) and source file (timer2.cpp)!
  51:funsape/peripheral/timer2.cpp **** #endif
  52:funsape/peripheral/timer2.cpp **** 
  53:funsape/peripheral/timer2.cpp **** // =============================================================================
  54:funsape/peripheral/timer2.cpp **** // File exclusive - Constants
  55:funsape/peripheral/timer2.cpp **** // =============================================================================
  56:funsape/peripheral/timer2.cpp **** 
  57:funsape/peripheral/timer2.cpp **** // NONE
  58:funsape/peripheral/timer2.cpp **** 
  59:funsape/peripheral/timer2.cpp **** // =============================================================================
  60:funsape/peripheral/timer2.cpp **** // File exclusive - New data types
  61:funsape/peripheral/timer2.cpp **** // =============================================================================
  62:funsape/peripheral/timer2.cpp **** 
  63:funsape/peripheral/timer2.cpp **** // NONE
  64:funsape/peripheral/timer2.cpp **** 
  65:funsape/peripheral/timer2.cpp **** // =============================================================================
  66:funsape/peripheral/timer2.cpp **** // File exclusive - Macro-functions
  67:funsape/peripheral/timer2.cpp **** // =============================================================================
  68:funsape/peripheral/timer2.cpp **** 
  69:funsape/peripheral/timer2.cpp **** // NONE
  70:funsape/peripheral/timer2.cpp **** 
  71:funsape/peripheral/timer2.cpp **** // =============================================================================
  72:funsape/peripheral/timer2.cpp **** // Global variables
  73:funsape/peripheral/timer2.cpp **** // =============================================================================
  74:funsape/peripheral/timer2.cpp **** 
  75:funsape/peripheral/timer2.cpp **** Timer2 Timer2::_instance;
  76:funsape/peripheral/timer2.cpp **** 
  77:funsape/peripheral/timer2.cpp **** // =============================================================================
  78:funsape/peripheral/timer2.cpp **** // Static functions declarations
  79:funsape/peripheral/timer2.cpp **** // =============================================================================
  80:funsape/peripheral/timer2.cpp **** 
  81:funsape/peripheral/timer2.cpp **** // NONE
  82:funsape/peripheral/timer2.cpp **** 
  83:funsape/peripheral/timer2.cpp **** // =============================================================================
  84:funsape/peripheral/timer2.cpp **** // Public function definitions
  85:funsape/peripheral/timer2.cpp **** // =============================================================================
  86:funsape/peripheral/timer2.cpp **** 
  87:funsape/peripheral/timer2.cpp **** // NONE
  88:funsape/peripheral/timer2.cpp **** 
  89:funsape/peripheral/timer2.cpp **** // =============================================================================
  90:funsape/peripheral/timer2.cpp **** // Class constructors
  91:funsape/peripheral/timer2.cpp **** // =============================================================================
  92:funsape/peripheral/timer2.cpp **** 
  93:funsape/peripheral/timer2.cpp **** Timer2::Timer2() :
  17               		.loc 1 93 1 view -0
  18               		.cfi_startproc
  19               	/* prologue: function */
  20               	/* frame size = 0 */
  21               	/* stack size = 0 */
  22               	.L__stack_usage = 0
GAS LISTING /tmp/ccsecC98.s 			page 3


  23               		.loc 1 93 1 is_stmt 0 view .LVU1
  24 0000 FC01      		movw r30,r24
  25               	.LBB2:
  94:funsape/peripheral/timer2.cpp ****     _isInitialized(false),
  26               		.loc 1 94 5 view .LVU2
  27 0002 8081      		ld r24,Z
  28               	.LVL1:
  29               		.loc 1 94 5 view .LVU3
  30 0004 8E7F      		andi r24,lo8(~(1<<0))
  31 0006 8083      		st Z,r24
  95:funsape/peripheral/timer2.cpp ****     _lastError(Error::NONE),
  32               		.loc 1 95 5 view .LVU4
  33 0008 1282      		std Z+2,__zero_reg__
  34 000a 1182      		std Z+1,__zero_reg__
  96:funsape/peripheral/timer2.cpp ****     _clockSource(Timer2::ClockSource::DISABLED),
  35               		.loc 1 96 5 view .LVU5
  36 000c 1382      		std Z+3,__zero_reg__
  97:funsape/peripheral/timer2.cpp ****     _mode(Timer2::Mode::NORMAL)
  37               		.loc 1 97 5 view .LVU6
  38 000e 1482      		std Z+4,__zero_reg__
  98:funsape/peripheral/timer2.cpp **** {
  99:funsape/peripheral/timer2.cpp ****     // Mark passage for debugging purpose
 100:funsape/peripheral/timer2.cpp ****     debugMark(PSTR("Timer2::Timer2(void)"), Debug::CodeIndex::TIMER2_MODULE);
  39               		.loc 1 100 5 is_stmt 1 view .LVU7
 101:funsape/peripheral/timer2.cpp **** 
 102:funsape/peripheral/timer2.cpp ****     // Returns successfully
 103:funsape/peripheral/timer2.cpp ****     this->_lastError = Error::NONE;
  40               		.loc 1 103 5 view .LVU8
 104:funsape/peripheral/timer2.cpp ****     debugMessage(Error::NONE, Debug::CodeIndex::TIMER2_MODULE);
  41               		.loc 1 104 5 view .LVU9
 105:funsape/peripheral/timer2.cpp ****     return;
  42               		.loc 1 105 5 view .LVU10
  43               	/* epilogue start */
  44               	.LBE2:
 106:funsape/peripheral/timer2.cpp **** }
  45               		.loc 1 106 1 is_stmt 0 view .LVU11
  46 0010 0895      		ret
  47               		.cfi_endproc
  48               	.LFE145:
  50               	.global	_ZN6Timer2C1Ev
  51               		.set	_ZN6Timer2C1Ev,_ZN6Timer2C2Ev
  52               		.section	.text._Z41__static_initialization_and_destruction_0v,"ax",@progbits
  54               	_Z41__static_initialization_and_destruction_0v:
  55               	.LFB160:
 107:funsape/peripheral/timer2.cpp **** 
 108:funsape/peripheral/timer2.cpp **** Timer2::~Timer2()
 109:funsape/peripheral/timer2.cpp **** {
 110:funsape/peripheral/timer2.cpp ****     // Mark passage for debugging purpose
 111:funsape/peripheral/timer2.cpp ****     debugMark(PSTR("Timer2::~Timer2(void)"), Debug::CodeIndex::TIMER2_MODULE);
 112:funsape/peripheral/timer2.cpp **** 
 113:funsape/peripheral/timer2.cpp ****     // Returns successfully
 114:funsape/peripheral/timer2.cpp ****     debugMessage(Error::NONE, Debug::CodeIndex::TIMER2_MODULE);
 115:funsape/peripheral/timer2.cpp ****     return;
 116:funsape/peripheral/timer2.cpp **** }
 117:funsape/peripheral/timer2.cpp **** 
 118:funsape/peripheral/timer2.cpp **** // =============================================================================
 119:funsape/peripheral/timer2.cpp **** // Class own methods - Public
GAS LISTING /tmp/ccsecC98.s 			page 4


 120:funsape/peripheral/timer2.cpp **** // =============================================================================
 121:funsape/peripheral/timer2.cpp **** 
 122:funsape/peripheral/timer2.cpp **** //     ///////////////////     CONTROL AND STATUS     ///////////////////     //
 123:funsape/peripheral/timer2.cpp **** 
 124:funsape/peripheral/timer2.cpp **** bool_t Timer2::init(const Timer2::Mode mode_p, const Timer2::ClockSource clockSource_p)
 125:funsape/peripheral/timer2.cpp **** {
 126:funsape/peripheral/timer2.cpp ****     // Mark passage for debugging purpose
 127:funsape/peripheral/timer2.cpp ****     debugMark(PSTR("Timer2::init(const Timer2::Mode, const Timer2::ClockSource)"), Debug::CodeIndex
 128:funsape/peripheral/timer2.cpp **** 
 129:funsape/peripheral/timer2.cpp ****     // Local variables
 130:funsape/peripheral/timer2.cpp ****     uint8_t auxTccr2A   = MCU_TIMER2_CTRL_A_REG;
 131:funsape/peripheral/timer2.cpp ****     uint8_t auxTccr2B   = MCU_TIMER2_CTRL_B_REG;
 132:funsape/peripheral/timer2.cpp ****     uint8_t aux8        = 0;
 133:funsape/peripheral/timer2.cpp **** 
 134:funsape/peripheral/timer2.cpp ****     // Configure mode
 135:funsape/peripheral/timer2.cpp ****     aux8 = (uint8_t)mode_p;
 136:funsape/peripheral/timer2.cpp ****     clrMaskOffset(auxTccr2A, MCU_TIMER2_MODE_BIT_0_MASK, MCU_TIMER2_MODE_BIT_0_POS);
 137:funsape/peripheral/timer2.cpp ****     clrMaskOffset(auxTccr2B, MCU_TIMER2_MODE_BIT_2_MASK, MCU_TIMER2_MODE_BIT_2_POS);
 138:funsape/peripheral/timer2.cpp ****     setMaskOffset(auxTccr2A, (aux8 & 0x03), MCU_TIMER2_MODE_BIT_0_POS);
 139:funsape/peripheral/timer2.cpp ****     setMaskOffset(auxTccr2B, (aux8 >> 2), MCU_TIMER2_MODE_BIT_2_POS);
 140:funsape/peripheral/timer2.cpp ****     // Configure clock source
 141:funsape/peripheral/timer2.cpp ****     clrMaskOffset(auxTccr2B, MCU_TIMER2_CLOCK_BIT_MASK, MCU_TIMER2_CLOCK_BIT_POS);
 142:funsape/peripheral/timer2.cpp ****     setMaskOffset(auxTccr2B, ((uint8_t)clockSource_p), MCU_TIMER2_CLOCK_BIT_POS);
 143:funsape/peripheral/timer2.cpp **** 
 144:funsape/peripheral/timer2.cpp ****     // Update registers
 145:funsape/peripheral/timer2.cpp ****     MCU_TIMER2_CTRL_A_REG          = auxTccr2A;
 146:funsape/peripheral/timer2.cpp ****     MCU_TIMER2_CTRL_B_REG          = auxTccr2B;
 147:funsape/peripheral/timer2.cpp **** 
 148:funsape/peripheral/timer2.cpp ****     // Update class members
 149:funsape/peripheral/timer2.cpp ****     this->_mode             = mode_p;
 150:funsape/peripheral/timer2.cpp ****     this->_clockSource      = clockSource_p;
 151:funsape/peripheral/timer2.cpp ****     this->_isInitialized    = true;
 152:funsape/peripheral/timer2.cpp **** 
 153:funsape/peripheral/timer2.cpp ****     // Returns successfully
 154:funsape/peripheral/timer2.cpp ****     this->_lastError = Error::NONE;
 155:funsape/peripheral/timer2.cpp ****     debugMessage(Error::NONE, Debug::CodeIndex::TIMER2_MODULE);
 156:funsape/peripheral/timer2.cpp ****     return true;
 157:funsape/peripheral/timer2.cpp **** }
 158:funsape/peripheral/timer2.cpp **** 
 159:funsape/peripheral/timer2.cpp **** bool_t Timer2::setClockSource(const Timer2::ClockSource clockSource_p)
 160:funsape/peripheral/timer2.cpp **** {
 161:funsape/peripheral/timer2.cpp ****     // Mark passage for debugging purpose
 162:funsape/peripheral/timer2.cpp ****     debugMark(PSTR("Timer2::setClockSource(const Timer2::ClockSource)"), Debug::CodeIndex::TIMER2_M
 163:funsape/peripheral/timer2.cpp **** 
 164:funsape/peripheral/timer2.cpp ****     // Local variables
 165:funsape/peripheral/timer2.cpp ****     uint8_t auxTccr2B = MCU_TIMER2_CTRL_B_REG;
 166:funsape/peripheral/timer2.cpp **** 
 167:funsape/peripheral/timer2.cpp ****     // Configure clock source
 168:funsape/peripheral/timer2.cpp ****     clrMaskOffset(auxTccr2B, MCU_TIMER2_CLOCK_BIT_MASK, MCU_TIMER2_CLOCK_BIT_POS);
 169:funsape/peripheral/timer2.cpp ****     setMaskOffset(auxTccr2B, ((uint8_t)clockSource_p), MCU_TIMER2_CLOCK_BIT_POS);
 170:funsape/peripheral/timer2.cpp **** 
 171:funsape/peripheral/timer2.cpp ****     // Update registers
 172:funsape/peripheral/timer2.cpp ****     MCU_TIMER2_CTRL_B_REG          = auxTccr2B;
 173:funsape/peripheral/timer2.cpp **** 
 174:funsape/peripheral/timer2.cpp ****     // Update class members
 175:funsape/peripheral/timer2.cpp ****     this->_clockSource      = clockSource_p;
 176:funsape/peripheral/timer2.cpp **** 
GAS LISTING /tmp/ccsecC98.s 			page 5


 177:funsape/peripheral/timer2.cpp ****     // Returns successfully
 178:funsape/peripheral/timer2.cpp ****     this->_lastError = Error::NONE;
 179:funsape/peripheral/timer2.cpp ****     debugMessage(Error::NONE, Debug::CodeIndex::TIMER2_MODULE);
 180:funsape/peripheral/timer2.cpp ****     return true;
 181:funsape/peripheral/timer2.cpp **** }
 182:funsape/peripheral/timer2.cpp **** 
 183:funsape/peripheral/timer2.cpp **** bool_t Timer2::setMode(const Timer2::Mode mode_p)
 184:funsape/peripheral/timer2.cpp **** {
 185:funsape/peripheral/timer2.cpp ****     // Mark passage for debugging purpose
 186:funsape/peripheral/timer2.cpp ****     debugMark(PSTR("Timer2::setMode(const Timer2::Mode)"), Debug::CodeIndex::TIMER2_MODULE);
 187:funsape/peripheral/timer2.cpp **** 
 188:funsape/peripheral/timer2.cpp ****     // Local variables
 189:funsape/peripheral/timer2.cpp ****     uint8_t auxTccr2A = MCU_TIMER2_CTRL_A_REG;
 190:funsape/peripheral/timer2.cpp ****     uint8_t auxTccr2B = MCU_TIMER2_CTRL_B_REG;
 191:funsape/peripheral/timer2.cpp ****     uint8_t aux8 = 0;
 192:funsape/peripheral/timer2.cpp **** 
 193:funsape/peripheral/timer2.cpp ****     // Configure mode
 194:funsape/peripheral/timer2.cpp ****     aux8 = (uint8_t)mode_p;
 195:funsape/peripheral/timer2.cpp ****     clrMaskOffset(auxTccr2A, MCU_TIMER2_MODE_BIT_0_MASK, MCU_TIMER2_MODE_BIT_0_POS);
 196:funsape/peripheral/timer2.cpp ****     clrMaskOffset(auxTccr2B, MCU_TIMER2_MODE_BIT_2_MASK, MCU_TIMER2_MODE_BIT_2_POS);
 197:funsape/peripheral/timer2.cpp ****     setMaskOffset(auxTccr2A, (aux8 & 0x03), MCU_TIMER2_MODE_BIT_0_POS);
 198:funsape/peripheral/timer2.cpp ****     setMaskOffset(auxTccr2B, (aux8 >> 2), MCU_TIMER2_MODE_BIT_2_POS);
 199:funsape/peripheral/timer2.cpp **** 
 200:funsape/peripheral/timer2.cpp ****     // Update registers
 201:funsape/peripheral/timer2.cpp ****     MCU_TIMER2_CTRL_A_REG          = auxTccr2A;
 202:funsape/peripheral/timer2.cpp ****     MCU_TIMER2_CTRL_B_REG          = auxTccr2B;
 203:funsape/peripheral/timer2.cpp **** 
 204:funsape/peripheral/timer2.cpp ****     // Update class members
 205:funsape/peripheral/timer2.cpp ****     this->_mode     = mode_p;
 206:funsape/peripheral/timer2.cpp **** 
 207:funsape/peripheral/timer2.cpp ****     // Returns successfully
 208:funsape/peripheral/timer2.cpp ****     this->_lastError = Error::NONE;
 209:funsape/peripheral/timer2.cpp ****     debugMessage(Error::NONE, Debug::CodeIndex::TIMER2_MODULE);
 210:funsape/peripheral/timer2.cpp ****     return true;
 211:funsape/peripheral/timer2.cpp **** }
 212:funsape/peripheral/timer2.cpp **** 
 213:funsape/peripheral/timer2.cpp **** bool_t Timer2::setOutputMode(const Timer2::OutputMode compA_p, const Timer2::OutputMode compB_p)
 214:funsape/peripheral/timer2.cpp **** {
 215:funsape/peripheral/timer2.cpp ****     // Mark passage for debugging purpose
 216:funsape/peripheral/timer2.cpp ****     debugMark(PSTR("Timer2::setOutputMode(const Timer2::OutputMode, const Timer2::OutputMode)"),
 217:funsape/peripheral/timer2.cpp ****             Debug::CodeIndex::TIMER2_MODULE);
 218:funsape/peripheral/timer2.cpp **** 
 219:funsape/peripheral/timer2.cpp ****     // Local variables
 220:funsape/peripheral/timer2.cpp ****     uint8_t auxTccr2A = MCU_TIMER2_CTRL_A_REG;
 221:funsape/peripheral/timer2.cpp **** 
 222:funsape/peripheral/timer2.cpp ****     // Configure outputs
 223:funsape/peripheral/timer2.cpp ****     clrMaskOffset(auxTccr2A, MCU_TIMER2_OUTPUT_A_MODE_BIT_MASK, MCU_TIMER2_OUTPUT_A_MODE_BIT_POS);
 224:funsape/peripheral/timer2.cpp ****     setMaskOffset(auxTccr2A, ((uint8_t)compA_p), MCU_TIMER2_OUTPUT_A_MODE_BIT_POS);
 225:funsape/peripheral/timer2.cpp ****     clrMaskOffset(auxTccr2A, MCU_TIMER2_OUTPUT_B_MODE_BIT_MASK, MCU_TIMER2_OUTPUT_B_MODE_BIT_POS);
 226:funsape/peripheral/timer2.cpp ****     setMaskOffset(auxTccr2A, ((uint8_t)compB_p), MCU_TIMER2_OUTPUT_B_MODE_BIT_POS);
 227:funsape/peripheral/timer2.cpp **** 
 228:funsape/peripheral/timer2.cpp ****     // Update registers
 229:funsape/peripheral/timer2.cpp ****     MCU_TIMER2_CTRL_A_REG          = auxTccr2A;
 230:funsape/peripheral/timer2.cpp **** 
 231:funsape/peripheral/timer2.cpp ****     // Returns successfully
 232:funsape/peripheral/timer2.cpp ****     this->_lastError = Error::NONE;
 233:funsape/peripheral/timer2.cpp ****     debugMessage(Error::NONE, Debug::CodeIndex::TIMER2_MODULE);
GAS LISTING /tmp/ccsecC98.s 			page 6


 234:funsape/peripheral/timer2.cpp ****     return true;
 235:funsape/peripheral/timer2.cpp **** }
 236:funsape/peripheral/timer2.cpp **** 
 237:funsape/peripheral/timer2.cpp **** // =============================================================================
 238:funsape/peripheral/timer2.cpp **** // Class own methods - Private
 239:funsape/peripheral/timer2.cpp **** // =============================================================================
 240:funsape/peripheral/timer2.cpp **** 
 241:funsape/peripheral/timer2.cpp **** // NONE
 242:funsape/peripheral/timer2.cpp **** 
 243:funsape/peripheral/timer2.cpp **** // =============================================================================
 244:funsape/peripheral/timer2.cpp **** // Class own methods - Protected
 245:funsape/peripheral/timer2.cpp **** // =============================================================================
 246:funsape/peripheral/timer2.cpp **** 
 247:funsape/peripheral/timer2.cpp **** // NONE
 248:funsape/peripheral/timer2.cpp **** 
 249:funsape/peripheral/timer2.cpp **** // =============================================================================
 250:funsape/peripheral/timer2.cpp **** // Static functions definitions
 251:funsape/peripheral/timer2.cpp **** // =============================================================================
 252:funsape/peripheral/timer2.cpp **** 
 253:funsape/peripheral/timer2.cpp **** // NONE
 254:funsape/peripheral/timer2.cpp **** 
 255:funsape/peripheral/timer2.cpp **** // =============================================================================
 256:funsape/peripheral/timer2.cpp **** // Interrupt callback functions
 257:funsape/peripheral/timer2.cpp **** // =============================================================================
 258:funsape/peripheral/timer2.cpp **** 
 259:funsape/peripheral/timer2.cpp **** void weakened timer2CompareACallback(void)
 260:funsape/peripheral/timer2.cpp **** {
 261:funsape/peripheral/timer2.cpp ****     return;
 262:funsape/peripheral/timer2.cpp **** }
 263:funsape/peripheral/timer2.cpp **** 
 264:funsape/peripheral/timer2.cpp **** void weakened timer2CompareBCallback(void)
 265:funsape/peripheral/timer2.cpp **** {
 266:funsape/peripheral/timer2.cpp ****     return;
 267:funsape/peripheral/timer2.cpp **** }
 268:funsape/peripheral/timer2.cpp **** 
 269:funsape/peripheral/timer2.cpp **** void weakened timer2OverflowCallback(void)
 270:funsape/peripheral/timer2.cpp **** {
 271:funsape/peripheral/timer2.cpp ****     return;
 272:funsape/peripheral/timer2.cpp **** }
 273:funsape/peripheral/timer2.cpp **** 
 274:funsape/peripheral/timer2.cpp **** // =============================================================================
 275:funsape/peripheral/timer2.cpp **** // Interrupt handlers
 276:funsape/peripheral/timer2.cpp **** // =============================================================================
 277:funsape/peripheral/timer2.cpp **** 
 278:funsape/peripheral/timer2.cpp **** //!
 279:funsape/peripheral/timer2.cpp **** //! @cond
 280:funsape/peripheral/timer2.cpp **** //!
 281:funsape/peripheral/timer2.cpp **** 
 282:funsape/peripheral/timer2.cpp **** ISR(TIMER2_COMPA_vect)
 283:funsape/peripheral/timer2.cpp **** {
 284:funsape/peripheral/timer2.cpp ****     timer2CompareACallback();
 285:funsape/peripheral/timer2.cpp **** }
 286:funsape/peripheral/timer2.cpp **** 
 287:funsape/peripheral/timer2.cpp **** ISR(TIMER2_COMPB_vect)
 288:funsape/peripheral/timer2.cpp **** {
 289:funsape/peripheral/timer2.cpp ****     timer2CompareBCallback();
 290:funsape/peripheral/timer2.cpp **** }
GAS LISTING /tmp/ccsecC98.s 			page 7


 291:funsape/peripheral/timer2.cpp **** 
 292:funsape/peripheral/timer2.cpp **** ISR(TIMER2_OVF_vect)
 293:funsape/peripheral/timer2.cpp **** {
 294:funsape/peripheral/timer2.cpp ****     timer2OverflowCallback();
 295:funsape/peripheral/timer2.cpp **** }
  56               		.loc 1 295 1 is_stmt 1 view -0
  57               		.cfi_startproc
  58               	/* prologue: function */
  59               	/* frame size = 0 */
  60               	/* stack size = 0 */
  61               	.L__stack_usage = 0
  75:funsape/peripheral/timer2.cpp **** 
  62               		.loc 1 75 16 is_stmt 0 view .LVU13
  63 0000 80E0      		ldi r24,lo8(_ZN6Timer29_instanceE)
  64 0002 90E0      		ldi r25,hi8(_ZN6Timer29_instanceE)
  65 0004 0E94 0000 		call _ZN6Timer2C1Ev
  66               	.LVL2:
  67               	/* epilogue start */
  68               		.loc 1 295 1 view .LVU14
  69 0008 0895      		ret
  70               		.cfi_endproc
  71               	.LFE160:
  73               		.section	.text._ZN6Timer2D2Ev,"ax",@progbits
  74               	.global	_ZN6Timer2D2Ev
  76               	_ZN6Timer2D2Ev:
  77               	.LVL3:
  78               	.LFB148:
 108:funsape/peripheral/timer2.cpp **** {
  79               		.loc 1 108 1 is_stmt 1 view -0
  80               		.cfi_startproc
  81               	/* prologue: function */
  82               	/* frame size = 0 */
  83               	/* stack size = 0 */
  84               	.L__stack_usage = 0
  85               	.LBB3:
 111:funsape/peripheral/timer2.cpp **** 
  86               		.loc 1 111 5 view .LVU16
 114:funsape/peripheral/timer2.cpp ****     return;
  87               		.loc 1 114 5 view .LVU17
 115:funsape/peripheral/timer2.cpp **** }
  88               		.loc 1 115 5 view .LVU18
  89               	/* epilogue start */
  90               	.LBE3:
 116:funsape/peripheral/timer2.cpp **** 
  91               		.loc 1 116 1 is_stmt 0 view .LVU19
  92 0000 0895      		ret
  93               		.cfi_endproc
  94               	.LFE148:
  96               	.global	_ZN6Timer2D1Ev
  97               		.set	_ZN6Timer2D1Ev,_ZN6Timer2D2Ev
  98               		.section	.text._ZN6Timer24initENS_4ModeENS_11ClockSourceE,"ax",@progbits
  99               	.global	_ZN6Timer24initENS_4ModeENS_11ClockSourceE
 101               	_ZN6Timer24initENS_4ModeENS_11ClockSourceE:
 102               	.LVL4:
 103               	.LFB150:
 125:funsape/peripheral/timer2.cpp ****     // Mark passage for debugging purpose
 104               		.loc 1 125 1 is_stmt 1 view -0
GAS LISTING /tmp/ccsecC98.s 			page 8


 105               		.cfi_startproc
 125:funsape/peripheral/timer2.cpp ****     // Mark passage for debugging purpose
 106               		.loc 1 125 1 is_stmt 0 view .LVU21
 107 0000 CF93      		push r28
 108               	.LCFI0:
 109               		.cfi_def_cfa_offset 3
 110               		.cfi_offset 28, -2
 111 0002 DF93      		push r29
 112               	.LCFI1:
 113               		.cfi_def_cfa_offset 4
 114               		.cfi_offset 29, -3
 115               	/* prologue: function */
 116               	/* frame size = 0 */
 117               	/* stack size = 2 */
 118               	.L__stack_usage = 2
 119 0004 FC01      		movw r30,r24
 127:funsape/peripheral/timer2.cpp **** 
 120               		.loc 1 127 5 is_stmt 1 view .LVU22
 130:funsape/peripheral/timer2.cpp ****     uint8_t auxTccr2B   = MCU_TIMER2_CTRL_B_REG;
 121               		.loc 1 130 5 view .LVU23
 130:funsape/peripheral/timer2.cpp ****     uint8_t auxTccr2B   = MCU_TIMER2_CTRL_B_REG;
 122               		.loc 1 130 27 is_stmt 0 view .LVU24
 123 0006 C0EB      		ldi r28,lo8(-80)
 124 0008 D0E0      		ldi r29,0
 125 000a 9881      		ld r25,Y
 126               	.LVL5:
 131:funsape/peripheral/timer2.cpp ****     uint8_t aux8        = 0;
 127               		.loc 1 131 5 is_stmt 1 view .LVU25
 131:funsape/peripheral/timer2.cpp ****     uint8_t aux8        = 0;
 128               		.loc 1 131 27 is_stmt 0 view .LVU26
 129 000c A1EB      		ldi r26,lo8(-79)
 130 000e B0E0      		ldi r27,0
 131 0010 2C91      		ld r18,X
 132               	.LVL6:
 132:funsape/peripheral/timer2.cpp **** 
 133               		.loc 1 132 5 is_stmt 1 view .LVU27
 135:funsape/peripheral/timer2.cpp ****     clrMaskOffset(auxTccr2A, MCU_TIMER2_MODE_BIT_0_MASK, MCU_TIMER2_MODE_BIT_0_POS);
 134               		.loc 1 135 5 view .LVU28
 136:funsape/peripheral/timer2.cpp ****     clrMaskOffset(auxTccr2B, MCU_TIMER2_MODE_BIT_2_MASK, MCU_TIMER2_MODE_BIT_2_POS);
 135               		.loc 1 136 5 view .LVU29
 136:funsape/peripheral/timer2.cpp ****     clrMaskOffset(auxTccr2B, MCU_TIMER2_MODE_BIT_2_MASK, MCU_TIMER2_MODE_BIT_2_POS);
 136               		.loc 1 136 5 view .LVU30
 137 0012 9C7F      		andi r25,lo8(-4)
 138               	.LVL7:
 136:funsape/peripheral/timer2.cpp ****     clrMaskOffset(auxTccr2B, MCU_TIMER2_MODE_BIT_2_MASK, MCU_TIMER2_MODE_BIT_2_POS);
 139               		.loc 1 136 5 view .LVU31
 137:funsape/peripheral/timer2.cpp ****     setMaskOffset(auxTccr2A, (aux8 & 0x03), MCU_TIMER2_MODE_BIT_0_POS);
 140               		.loc 1 137 5 view .LVU32
 137:funsape/peripheral/timer2.cpp ****     setMaskOffset(auxTccr2A, (aux8 & 0x03), MCU_TIMER2_MODE_BIT_0_POS);
 141               		.loc 1 137 5 view .LVU33
 142 0014 277F      		andi r18,lo8(-9)
 143               	.LVL8:
 137:funsape/peripheral/timer2.cpp ****     setMaskOffset(auxTccr2A, (aux8 & 0x03), MCU_TIMER2_MODE_BIT_0_POS);
 144               		.loc 1 137 5 view .LVU34
 138:funsape/peripheral/timer2.cpp ****     setMaskOffset(auxTccr2B, (aux8 >> 2), MCU_TIMER2_MODE_BIT_2_POS);
 145               		.loc 1 138 5 view .LVU35
 138:funsape/peripheral/timer2.cpp ****     setMaskOffset(auxTccr2B, (aux8 >> 2), MCU_TIMER2_MODE_BIT_2_POS);
GAS LISTING /tmp/ccsecC98.s 			page 9


 146               		.loc 1 138 5 view .LVU36
 147 0016 862F      		mov r24,r22
 148               	.LVL9:
 138:funsape/peripheral/timer2.cpp ****     setMaskOffset(auxTccr2B, (aux8 >> 2), MCU_TIMER2_MODE_BIT_2_POS);
 149               		.loc 1 138 5 is_stmt 0 view .LVU37
 150 0018 8370      		andi r24,lo8(3)
 151 001a 892B      		or r24,r25
 152               	.LVL10:
 138:funsape/peripheral/timer2.cpp ****     setMaskOffset(auxTccr2B, (aux8 >> 2), MCU_TIMER2_MODE_BIT_2_POS);
 153               		.loc 1 138 5 is_stmt 1 view .LVU38
 139:funsape/peripheral/timer2.cpp ****     // Configure clock source
 154               		.loc 1 139 5 view .LVU39
 139:funsape/peripheral/timer2.cpp ****     // Configure clock source
 155               		.loc 1 139 5 view .LVU40
 156 001c 962F      		mov r25,r22
 157 001e 9695      		lsr r25
 158 0020 9695      		lsr r25
 159 0022 990F      		lsl r25
 160 0024 990F      		lsl r25
 161 0026 990F      		lsl r25
 162 0028 922B      		or r25,r18
 163               	.LVL11:
 139:funsape/peripheral/timer2.cpp ****     // Configure clock source
 164               		.loc 1 139 5 view .LVU41
 141:funsape/peripheral/timer2.cpp ****     setMaskOffset(auxTccr2B, ((uint8_t)clockSource_p), MCU_TIMER2_CLOCK_BIT_POS);
 165               		.loc 1 141 5 view .LVU42
 141:funsape/peripheral/timer2.cpp ****     setMaskOffset(auxTccr2B, ((uint8_t)clockSource_p), MCU_TIMER2_CLOCK_BIT_POS);
 166               		.loc 1 141 5 view .LVU43
 167 002a 987F      		andi r25,lo8(-8)
 168               	.LVL12:
 141:funsape/peripheral/timer2.cpp ****     setMaskOffset(auxTccr2B, ((uint8_t)clockSource_p), MCU_TIMER2_CLOCK_BIT_POS);
 169               		.loc 1 141 5 view .LVU44
 142:funsape/peripheral/timer2.cpp **** 
 170               		.loc 1 142 5 view .LVU45
 142:funsape/peripheral/timer2.cpp **** 
 171               		.loc 1 142 5 view .LVU46
 172 002c 942B      		or r25,r20
 173               	.LVL13:
 142:funsape/peripheral/timer2.cpp **** 
 174               		.loc 1 142 5 view .LVU47
 145:funsape/peripheral/timer2.cpp ****     MCU_TIMER2_CTRL_B_REG          = auxTccr2B;
 175               		.loc 1 145 5 view .LVU48
 145:funsape/peripheral/timer2.cpp ****     MCU_TIMER2_CTRL_B_REG          = auxTccr2B;
 176               		.loc 1 145 36 is_stmt 0 view .LVU49
 177 002e 8883      		st Y,r24
 146:funsape/peripheral/timer2.cpp **** 
 178               		.loc 1 146 5 is_stmt 1 view .LVU50
 146:funsape/peripheral/timer2.cpp **** 
 179               		.loc 1 146 36 is_stmt 0 view .LVU51
 180 0030 9C93      		st X,r25
 149:funsape/peripheral/timer2.cpp ****     this->_clockSource      = clockSource_p;
 181               		.loc 1 149 5 is_stmt 1 view .LVU52
 149:funsape/peripheral/timer2.cpp ****     this->_clockSource      = clockSource_p;
 182               		.loc 1 149 29 is_stmt 0 view .LVU53
 183 0032 6483      		std Z+4,r22
 150:funsape/peripheral/timer2.cpp ****     this->_isInitialized    = true;
 184               		.loc 1 150 5 is_stmt 1 view .LVU54
GAS LISTING /tmp/ccsecC98.s 			page 10


 150:funsape/peripheral/timer2.cpp ****     this->_isInitialized    = true;
 185               		.loc 1 150 29 is_stmt 0 view .LVU55
 186 0034 4383      		std Z+3,r20
 151:funsape/peripheral/timer2.cpp **** 
 187               		.loc 1 151 5 is_stmt 1 view .LVU56
 151:funsape/peripheral/timer2.cpp **** 
 188               		.loc 1 151 29 is_stmt 0 view .LVU57
 189 0036 8081      		ld r24,Z
 190               	.LVL14:
 151:funsape/peripheral/timer2.cpp **** 
 191               		.loc 1 151 29 view .LVU58
 192 0038 8160      		ori r24,lo8(1<<0)
 193 003a 8083      		st Z,r24
 154:funsape/peripheral/timer2.cpp ****     debugMessage(Error::NONE, Debug::CodeIndex::TIMER2_MODULE);
 194               		.loc 1 154 5 is_stmt 1 view .LVU59
 154:funsape/peripheral/timer2.cpp ****     debugMessage(Error::NONE, Debug::CodeIndex::TIMER2_MODULE);
 195               		.loc 1 154 22 is_stmt 0 view .LVU60
 196 003c 1282      		std Z+2,__zero_reg__
 197 003e 1182      		std Z+1,__zero_reg__
 155:funsape/peripheral/timer2.cpp ****     return true;
 198               		.loc 1 155 5 is_stmt 1 view .LVU61
 156:funsape/peripheral/timer2.cpp **** }
 199               		.loc 1 156 5 view .LVU62
 157:funsape/peripheral/timer2.cpp **** 
 200               		.loc 1 157 1 is_stmt 0 view .LVU63
 201 0040 81E0      		ldi r24,lo8(1)
 202               	/* epilogue start */
 203 0042 DF91      		pop r29
 204 0044 CF91      		pop r28
 205 0046 0895      		ret
 206               		.cfi_endproc
 207               	.LFE150:
 209               		.section	.text._ZN6Timer214setClockSourceENS_11ClockSourceE,"ax",@progbits
 210               	.global	_ZN6Timer214setClockSourceENS_11ClockSourceE
 212               	_ZN6Timer214setClockSourceENS_11ClockSourceE:
 213               	.LVL15:
 214               	.LFB151:
 160:funsape/peripheral/timer2.cpp ****     // Mark passage for debugging purpose
 215               		.loc 1 160 1 is_stmt 1 view -0
 216               		.cfi_startproc
 217               	/* prologue: function */
 218               	/* frame size = 0 */
 219               	/* stack size = 0 */
 220               	.L__stack_usage = 0
 160:funsape/peripheral/timer2.cpp ****     // Mark passage for debugging purpose
 221               		.loc 1 160 1 is_stmt 0 view .LVU65
 222 0000 FC01      		movw r30,r24
 162:funsape/peripheral/timer2.cpp **** 
 223               		.loc 1 162 5 is_stmt 1 view .LVU66
 165:funsape/peripheral/timer2.cpp **** 
 224               		.loc 1 165 5 view .LVU67
 165:funsape/peripheral/timer2.cpp **** 
 225               		.loc 1 165 25 is_stmt 0 view .LVU68
 226 0002 A1EB      		ldi r26,lo8(-79)
 227 0004 B0E0      		ldi r27,0
 228 0006 9C91      		ld r25,X
 229               	.LVL16:
GAS LISTING /tmp/ccsecC98.s 			page 11


 168:funsape/peripheral/timer2.cpp ****     setMaskOffset(auxTccr2B, ((uint8_t)clockSource_p), MCU_TIMER2_CLOCK_BIT_POS);
 230               		.loc 1 168 5 is_stmt 1 view .LVU69
 168:funsape/peripheral/timer2.cpp ****     setMaskOffset(auxTccr2B, ((uint8_t)clockSource_p), MCU_TIMER2_CLOCK_BIT_POS);
 231               		.loc 1 168 5 view .LVU70
 232 0008 987F      		andi r25,lo8(-8)
 233               	.LVL17:
 168:funsape/peripheral/timer2.cpp ****     setMaskOffset(auxTccr2B, ((uint8_t)clockSource_p), MCU_TIMER2_CLOCK_BIT_POS);
 234               		.loc 1 168 5 view .LVU71
 169:funsape/peripheral/timer2.cpp **** 
 235               		.loc 1 169 5 view .LVU72
 169:funsape/peripheral/timer2.cpp **** 
 236               		.loc 1 169 5 view .LVU73
 237 000a 892F      		mov r24,r25
 238               	.LVL18:
 169:funsape/peripheral/timer2.cpp **** 
 239               		.loc 1 169 5 is_stmt 0 view .LVU74
 240 000c 862B      		or r24,r22
 241               	.LVL19:
 169:funsape/peripheral/timer2.cpp **** 
 242               		.loc 1 169 5 is_stmt 1 view .LVU75
 172:funsape/peripheral/timer2.cpp **** 
 243               		.loc 1 172 5 view .LVU76
 172:funsape/peripheral/timer2.cpp **** 
 244               		.loc 1 172 36 is_stmt 0 view .LVU77
 245 000e 8C93      		st X,r24
 175:funsape/peripheral/timer2.cpp **** 
 246               		.loc 1 175 5 is_stmt 1 view .LVU78
 175:funsape/peripheral/timer2.cpp **** 
 247               		.loc 1 175 29 is_stmt 0 view .LVU79
 248 0010 6383      		std Z+3,r22
 178:funsape/peripheral/timer2.cpp ****     debugMessage(Error::NONE, Debug::CodeIndex::TIMER2_MODULE);
 249               		.loc 1 178 5 is_stmt 1 view .LVU80
 178:funsape/peripheral/timer2.cpp ****     debugMessage(Error::NONE, Debug::CodeIndex::TIMER2_MODULE);
 250               		.loc 1 178 22 is_stmt 0 view .LVU81
 251 0012 1282      		std Z+2,__zero_reg__
 252 0014 1182      		std Z+1,__zero_reg__
 179:funsape/peripheral/timer2.cpp ****     return true;
 253               		.loc 1 179 5 is_stmt 1 view .LVU82
 180:funsape/peripheral/timer2.cpp **** }
 254               		.loc 1 180 5 view .LVU83
 181:funsape/peripheral/timer2.cpp **** 
 255               		.loc 1 181 1 is_stmt 0 view .LVU84
 256 0016 81E0      		ldi r24,lo8(1)
 257               	.LVL20:
 258               	/* epilogue start */
 181:funsape/peripheral/timer2.cpp **** 
 259               		.loc 1 181 1 view .LVU85
 260 0018 0895      		ret
 261               		.cfi_endproc
 262               	.LFE151:
 264               		.section	.text._ZN6Timer27setModeENS_4ModeE,"ax",@progbits
 265               	.global	_ZN6Timer27setModeENS_4ModeE
 267               	_ZN6Timer27setModeENS_4ModeE:
 268               	.LVL21:
 269               	.LFB152:
 184:funsape/peripheral/timer2.cpp ****     // Mark passage for debugging purpose
 270               		.loc 1 184 1 is_stmt 1 view -0
GAS LISTING /tmp/ccsecC98.s 			page 12


 271               		.cfi_startproc
 184:funsape/peripheral/timer2.cpp ****     // Mark passage for debugging purpose
 272               		.loc 1 184 1 is_stmt 0 view .LVU87
 273 0000 CF93      		push r28
 274               	.LCFI2:
 275               		.cfi_def_cfa_offset 3
 276               		.cfi_offset 28, -2
 277 0002 DF93      		push r29
 278               	.LCFI3:
 279               		.cfi_def_cfa_offset 4
 280               		.cfi_offset 29, -3
 281               	/* prologue: function */
 282               	/* frame size = 0 */
 283               	/* stack size = 2 */
 284               	.L__stack_usage = 2
 285 0004 FC01      		movw r30,r24
 186:funsape/peripheral/timer2.cpp **** 
 286               		.loc 1 186 5 is_stmt 1 view .LVU88
 189:funsape/peripheral/timer2.cpp ****     uint8_t auxTccr2B = MCU_TIMER2_CTRL_B_REG;
 287               		.loc 1 189 5 view .LVU89
 189:funsape/peripheral/timer2.cpp ****     uint8_t auxTccr2B = MCU_TIMER2_CTRL_B_REG;
 288               		.loc 1 189 25 is_stmt 0 view .LVU90
 289 0006 40EB      		ldi r20,lo8(-80)
 290 0008 50E0      		ldi r21,0
 291 000a DA01      		movw r26,r20
 292 000c 9C91      		ld r25,X
 293               	.LVL22:
 190:funsape/peripheral/timer2.cpp ****     uint8_t aux8 = 0;
 294               		.loc 1 190 5 is_stmt 1 view .LVU91
 190:funsape/peripheral/timer2.cpp ****     uint8_t aux8 = 0;
 295               		.loc 1 190 25 is_stmt 0 view .LVU92
 296 000e A1EB      		ldi r26,lo8(-79)
 297 0010 B0E0      		ldi r27,0
 298 0012 3C91      		ld r19,X
 299               	.LVL23:
 191:funsape/peripheral/timer2.cpp **** 
 300               		.loc 1 191 5 is_stmt 1 view .LVU93
 194:funsape/peripheral/timer2.cpp ****     clrMaskOffset(auxTccr2A, MCU_TIMER2_MODE_BIT_0_MASK, MCU_TIMER2_MODE_BIT_0_POS);
 301               		.loc 1 194 5 view .LVU94
 195:funsape/peripheral/timer2.cpp ****     clrMaskOffset(auxTccr2B, MCU_TIMER2_MODE_BIT_2_MASK, MCU_TIMER2_MODE_BIT_2_POS);
 302               		.loc 1 195 5 view .LVU95
 195:funsape/peripheral/timer2.cpp ****     clrMaskOffset(auxTccr2B, MCU_TIMER2_MODE_BIT_2_MASK, MCU_TIMER2_MODE_BIT_2_POS);
 303               		.loc 1 195 5 view .LVU96
 304 0014 9C7F      		andi r25,lo8(-4)
 305               	.LVL24:
 195:funsape/peripheral/timer2.cpp ****     clrMaskOffset(auxTccr2B, MCU_TIMER2_MODE_BIT_2_MASK, MCU_TIMER2_MODE_BIT_2_POS);
 306               		.loc 1 195 5 view .LVU97
 196:funsape/peripheral/timer2.cpp ****     setMaskOffset(auxTccr2A, (aux8 & 0x03), MCU_TIMER2_MODE_BIT_0_POS);
 307               		.loc 1 196 5 view .LVU98
 196:funsape/peripheral/timer2.cpp ****     setMaskOffset(auxTccr2A, (aux8 & 0x03), MCU_TIMER2_MODE_BIT_0_POS);
 308               		.loc 1 196 5 view .LVU99
 309 0016 377F      		andi r19,lo8(-9)
 310               	.LVL25:
 196:funsape/peripheral/timer2.cpp ****     setMaskOffset(auxTccr2A, (aux8 & 0x03), MCU_TIMER2_MODE_BIT_0_POS);
 311               		.loc 1 196 5 view .LVU100
 197:funsape/peripheral/timer2.cpp ****     setMaskOffset(auxTccr2B, (aux8 >> 2), MCU_TIMER2_MODE_BIT_2_POS);
 312               		.loc 1 197 5 view .LVU101
GAS LISTING /tmp/ccsecC98.s 			page 13


 197:funsape/peripheral/timer2.cpp ****     setMaskOffset(auxTccr2B, (aux8 >> 2), MCU_TIMER2_MODE_BIT_2_POS);
 313               		.loc 1 197 5 view .LVU102
 314 0018 262F      		mov r18,r22
 315 001a 2370      		andi r18,lo8(3)
 316 001c 292B      		or r18,r25
 317               	.LVL26:
 197:funsape/peripheral/timer2.cpp ****     setMaskOffset(auxTccr2B, (aux8 >> 2), MCU_TIMER2_MODE_BIT_2_POS);
 318               		.loc 1 197 5 view .LVU103
 198:funsape/peripheral/timer2.cpp **** 
 319               		.loc 1 198 5 view .LVU104
 198:funsape/peripheral/timer2.cpp **** 
 320               		.loc 1 198 5 view .LVU105
 321 001e 962F      		mov r25,r22
 322 0020 9695      		lsr r25
 323 0022 9695      		lsr r25
 324 0024 990F      		lsl r25
 325 0026 990F      		lsl r25
 326 0028 990F      		lsl r25
 327 002a 932B      		or r25,r19
 328               	.LVL27:
 198:funsape/peripheral/timer2.cpp **** 
 329               		.loc 1 198 5 view .LVU106
 201:funsape/peripheral/timer2.cpp ****     MCU_TIMER2_CTRL_B_REG          = auxTccr2B;
 330               		.loc 1 201 5 view .LVU107
 201:funsape/peripheral/timer2.cpp ****     MCU_TIMER2_CTRL_B_REG          = auxTccr2B;
 331               		.loc 1 201 36 is_stmt 0 view .LVU108
 332 002c EA01      		movw r28,r20
 333 002e 2883      		st Y,r18
 202:funsape/peripheral/timer2.cpp **** 
 334               		.loc 1 202 5 is_stmt 1 view .LVU109
 202:funsape/peripheral/timer2.cpp **** 
 335               		.loc 1 202 36 is_stmt 0 view .LVU110
 336 0030 9C93      		st X,r25
 205:funsape/peripheral/timer2.cpp **** 
 337               		.loc 1 205 5 is_stmt 1 view .LVU111
 205:funsape/peripheral/timer2.cpp **** 
 338               		.loc 1 205 21 is_stmt 0 view .LVU112
 339 0032 6483      		std Z+4,r22
 208:funsape/peripheral/timer2.cpp ****     debugMessage(Error::NONE, Debug::CodeIndex::TIMER2_MODULE);
 340               		.loc 1 208 5 is_stmt 1 view .LVU113
 208:funsape/peripheral/timer2.cpp ****     debugMessage(Error::NONE, Debug::CodeIndex::TIMER2_MODULE);
 341               		.loc 1 208 22 is_stmt 0 view .LVU114
 342 0034 1282      		std Z+2,__zero_reg__
 343 0036 1182      		std Z+1,__zero_reg__
 209:funsape/peripheral/timer2.cpp ****     return true;
 344               		.loc 1 209 5 is_stmt 1 view .LVU115
 210:funsape/peripheral/timer2.cpp **** }
 345               		.loc 1 210 5 view .LVU116
 211:funsape/peripheral/timer2.cpp **** 
 346               		.loc 1 211 1 is_stmt 0 view .LVU117
 347 0038 81E0      		ldi r24,lo8(1)
 348               	.LVL28:
 349               	/* epilogue start */
 211:funsape/peripheral/timer2.cpp **** 
 350               		.loc 1 211 1 view .LVU118
 351 003a DF91      		pop r29
 352 003c CF91      		pop r28
GAS LISTING /tmp/ccsecC98.s 			page 14


 353 003e 0895      		ret
 354               		.cfi_endproc
 355               	.LFE152:
 357               		.section	.text._ZN6Timer213setOutputModeENS_10OutputModeES0_,"ax",@progbits
 358               	.global	_ZN6Timer213setOutputModeENS_10OutputModeES0_
 360               	_ZN6Timer213setOutputModeENS_10OutputModeES0_:
 361               	.LVL29:
 362               	.LFB153:
 214:funsape/peripheral/timer2.cpp ****     // Mark passage for debugging purpose
 363               		.loc 1 214 1 is_stmt 1 view -0
 364               		.cfi_startproc
 365               	/* prologue: function */
 366               	/* frame size = 0 */
 367               	/* stack size = 0 */
 368               	.L__stack_usage = 0
 214:funsape/peripheral/timer2.cpp ****     // Mark passage for debugging purpose
 369               		.loc 1 214 1 is_stmt 0 view .LVU120
 370 0000 DC01      		movw r26,r24
 216:funsape/peripheral/timer2.cpp ****             Debug::CodeIndex::TIMER2_MODULE);
 371               		.loc 1 216 5 is_stmt 1 view .LVU121
 220:funsape/peripheral/timer2.cpp **** 
 372               		.loc 1 220 5 view .LVU122
 220:funsape/peripheral/timer2.cpp **** 
 373               		.loc 1 220 25 is_stmt 0 view .LVU123
 374 0002 E0EB      		ldi r30,lo8(-80)
 375 0004 F0E0      		ldi r31,0
 376 0006 9081      		ld r25,Z
 377               	.LVL30:
 223:funsape/peripheral/timer2.cpp ****     setMaskOffset(auxTccr2A, ((uint8_t)compA_p), MCU_TIMER2_OUTPUT_A_MODE_BIT_POS);
 378               		.loc 1 223 5 is_stmt 1 view .LVU124
 223:funsape/peripheral/timer2.cpp ****     setMaskOffset(auxTccr2A, ((uint8_t)compA_p), MCU_TIMER2_OUTPUT_A_MODE_BIT_POS);
 379               		.loc 1 223 5 view .LVU125
 380 0008 9F73      		andi r25,lo8(63)
 381               	.LVL31:
 223:funsape/peripheral/timer2.cpp ****     setMaskOffset(auxTccr2A, ((uint8_t)compA_p), MCU_TIMER2_OUTPUT_A_MODE_BIT_POS);
 382               		.loc 1 223 5 view .LVU126
 224:funsape/peripheral/timer2.cpp ****     clrMaskOffset(auxTccr2A, MCU_TIMER2_OUTPUT_B_MODE_BIT_MASK, MCU_TIMER2_OUTPUT_B_MODE_BIT_POS);
 383               		.loc 1 224 5 view .LVU127
 224:funsape/peripheral/timer2.cpp ****     clrMaskOffset(auxTccr2A, MCU_TIMER2_OUTPUT_B_MODE_BIT_MASK, MCU_TIMER2_OUTPUT_B_MODE_BIT_POS);
 384               		.loc 1 224 5 view .LVU128
 385 000a 6295      		swap r22
 386               	.LVL32:
 224:funsape/peripheral/timer2.cpp ****     clrMaskOffset(auxTccr2A, MCU_TIMER2_OUTPUT_B_MODE_BIT_MASK, MCU_TIMER2_OUTPUT_B_MODE_BIT_POS);
 387               		.loc 1 224 5 is_stmt 0 view .LVU129
 388 000c 660F      		lsl r22
 389 000e 660F      		lsl r22
 390 0010 607C      		andi r22,lo8(-64)
 391 0012 692B      		or r22,r25
 392               	.LVL33:
 224:funsape/peripheral/timer2.cpp ****     clrMaskOffset(auxTccr2A, MCU_TIMER2_OUTPUT_B_MODE_BIT_MASK, MCU_TIMER2_OUTPUT_B_MODE_BIT_POS);
 393               		.loc 1 224 5 is_stmt 1 view .LVU130
 225:funsape/peripheral/timer2.cpp ****     setMaskOffset(auxTccr2A, ((uint8_t)compB_p), MCU_TIMER2_OUTPUT_B_MODE_BIT_POS);
 394               		.loc 1 225 5 view .LVU131
 225:funsape/peripheral/timer2.cpp ****     setMaskOffset(auxTccr2A, ((uint8_t)compB_p), MCU_TIMER2_OUTPUT_B_MODE_BIT_POS);
 395               		.loc 1 225 5 view .LVU132
 396 0014 6F7C      		andi r22,lo8(-49)
 397               	.LVL34:
GAS LISTING /tmp/ccsecC98.s 			page 15


 225:funsape/peripheral/timer2.cpp ****     setMaskOffset(auxTccr2A, ((uint8_t)compB_p), MCU_TIMER2_OUTPUT_B_MODE_BIT_POS);
 398               		.loc 1 225 5 view .LVU133
 226:funsape/peripheral/timer2.cpp **** 
 399               		.loc 1 226 5 view .LVU134
 226:funsape/peripheral/timer2.cpp **** 
 400               		.loc 1 226 5 view .LVU135
 401 0016 4295      		swap r20
 402               	.LVL35:
 226:funsape/peripheral/timer2.cpp **** 
 403               		.loc 1 226 5 is_stmt 0 view .LVU136
 404 0018 407F      		andi r20,lo8(-16)
 405 001a 462B      		or r20,r22
 406               	.LVL36:
 226:funsape/peripheral/timer2.cpp **** 
 407               		.loc 1 226 5 is_stmt 1 view .LVU137
 229:funsape/peripheral/timer2.cpp **** 
 408               		.loc 1 229 5 view .LVU138
 229:funsape/peripheral/timer2.cpp **** 
 409               		.loc 1 229 36 is_stmt 0 view .LVU139
 410 001c 4083      		st Z,r20
 232:funsape/peripheral/timer2.cpp ****     debugMessage(Error::NONE, Debug::CodeIndex::TIMER2_MODULE);
 411               		.loc 1 232 5 is_stmt 1 view .LVU140
 232:funsape/peripheral/timer2.cpp ****     debugMessage(Error::NONE, Debug::CodeIndex::TIMER2_MODULE);
 412               		.loc 1 232 22 is_stmt 0 view .LVU141
 413 001e 1196      		adiw r26,1
 414 0020 1D92      		st X+,__zero_reg__
 415 0022 1D92      		st X+,__zero_reg__
 233:funsape/peripheral/timer2.cpp ****     return true;
 416               		.loc 1 233 5 is_stmt 1 view .LVU142
 234:funsape/peripheral/timer2.cpp **** }
 417               		.loc 1 234 5 view .LVU143
 235:funsape/peripheral/timer2.cpp **** 
 418               		.loc 1 235 1 is_stmt 0 view .LVU144
 419 0024 81E0      		ldi r24,lo8(1)
 420               	.LVL37:
 421               	/* epilogue start */
 235:funsape/peripheral/timer2.cpp **** 
 422               		.loc 1 235 1 view .LVU145
 423 0026 0895      		ret
 424               		.cfi_endproc
 425               	.LFE153:
 427               		.section	.text._Z22timer2CompareACallbackv,"ax",@progbits
 428               		.weak	_Z22timer2CompareACallbackv
 430               	_Z22timer2CompareACallbackv:
 431               	.LFB154:
 260:funsape/peripheral/timer2.cpp ****     return;
 432               		.loc 1 260 1 is_stmt 1 view -0
 433               		.cfi_startproc
 434               	/* prologue: function */
 435               	/* frame size = 0 */
 436               	/* stack size = 0 */
 437               	.L__stack_usage = 0
 261:funsape/peripheral/timer2.cpp **** }
 438               		.loc 1 261 5 view .LVU147
 439               	/* epilogue start */
 262:funsape/peripheral/timer2.cpp **** 
 440               		.loc 1 262 1 is_stmt 0 view .LVU148
GAS LISTING /tmp/ccsecC98.s 			page 16


 441 0000 0895      		ret
 442               		.cfi_endproc
 443               	.LFE154:
 445               		.section	.text._Z22timer2CompareBCallbackv,"ax",@progbits
 446               		.weak	_Z22timer2CompareBCallbackv
 448               	_Z22timer2CompareBCallbackv:
 449               	.LFB155:
 265:funsape/peripheral/timer2.cpp ****     return;
 450               		.loc 1 265 1 is_stmt 1 view -0
 451               		.cfi_startproc
 452               	/* prologue: function */
 453               	/* frame size = 0 */
 454               	/* stack size = 0 */
 455               	.L__stack_usage = 0
 266:funsape/peripheral/timer2.cpp **** }
 456               		.loc 1 266 5 view .LVU150
 457               	/* epilogue start */
 267:funsape/peripheral/timer2.cpp **** 
 458               		.loc 1 267 1 is_stmt 0 view .LVU151
 459 0000 0895      		ret
 460               		.cfi_endproc
 461               	.LFE155:
 463               		.section	.text._Z22timer2OverflowCallbackv,"ax",@progbits
 464               		.weak	_Z22timer2OverflowCallbackv
 466               	_Z22timer2OverflowCallbackv:
 467               	.LFB156:
 270:funsape/peripheral/timer2.cpp ****     return;
 468               		.loc 1 270 1 is_stmt 1 view -0
 469               		.cfi_startproc
 470               	/* prologue: function */
 471               	/* frame size = 0 */
 472               	/* stack size = 0 */
 473               	.L__stack_usage = 0
 271:funsape/peripheral/timer2.cpp **** }
 474               		.loc 1 271 5 view .LVU153
 475               	/* epilogue start */
 272:funsape/peripheral/timer2.cpp **** 
 476               		.loc 1 272 1 is_stmt 0 view .LVU154
 477 0000 0895      		ret
 478               		.cfi_endproc
 479               	.LFE156:
 481               		.section	.text.__vector_7,"ax",@progbits
 482               	.global	__vector_7
 484               	__vector_7:
 485               	.LFB157:
 283:funsape/peripheral/timer2.cpp ****     timer2CompareACallback();
 486               		.loc 1 283 1 is_stmt 1 view -0
 487               		.cfi_startproc
 488 0000 1F92      		push r1
 489               	.LCFI4:
 490               		.cfi_def_cfa_offset 3
 491               		.cfi_offset 1, -2
 492 0002 0F92      		push r0
 493               	.LCFI5:
 494               		.cfi_def_cfa_offset 4
 495               		.cfi_offset 0, -3
 496 0004 0FB6      		in r0,__SREG__
GAS LISTING /tmp/ccsecC98.s 			page 17


 497 0006 0F92      		push r0
 498 0008 1124      		clr __zero_reg__
 499 000a 2F93      		push r18
 500               	.LCFI6:
 501               		.cfi_def_cfa_offset 5
 502               		.cfi_offset 18, -4
 503 000c 3F93      		push r19
 504               	.LCFI7:
 505               		.cfi_def_cfa_offset 6
 506               		.cfi_offset 19, -5
 507 000e 4F93      		push r20
 508               	.LCFI8:
 509               		.cfi_def_cfa_offset 7
 510               		.cfi_offset 20, -6
 511 0010 5F93      		push r21
 512               	.LCFI9:
 513               		.cfi_def_cfa_offset 8
 514               		.cfi_offset 21, -7
 515 0012 6F93      		push r22
 516               	.LCFI10:
 517               		.cfi_def_cfa_offset 9
 518               		.cfi_offset 22, -8
 519 0014 7F93      		push r23
 520               	.LCFI11:
 521               		.cfi_def_cfa_offset 10
 522               		.cfi_offset 23, -9
 523 0016 8F93      		push r24
 524               	.LCFI12:
 525               		.cfi_def_cfa_offset 11
 526               		.cfi_offset 24, -10
 527 0018 9F93      		push r25
 528               	.LCFI13:
 529               		.cfi_def_cfa_offset 12
 530               		.cfi_offset 25, -11
 531 001a AF93      		push r26
 532               	.LCFI14:
 533               		.cfi_def_cfa_offset 13
 534               		.cfi_offset 26, -12
 535 001c BF93      		push r27
 536               	.LCFI15:
 537               		.cfi_def_cfa_offset 14
 538               		.cfi_offset 27, -13
 539 001e EF93      		push r30
 540               	.LCFI16:
 541               		.cfi_def_cfa_offset 15
 542               		.cfi_offset 30, -14
 543 0020 FF93      		push r31
 544               	.LCFI17:
 545               		.cfi_def_cfa_offset 16
 546               		.cfi_offset 31, -15
 547               	/* prologue: Signal */
 548               	/* frame size = 0 */
 549               	/* stack size = 15 */
 550               	.L__stack_usage = 15
 284:funsape/peripheral/timer2.cpp **** }
 551               		.loc 1 284 5 view .LVU156
 284:funsape/peripheral/timer2.cpp **** }
GAS LISTING /tmp/ccsecC98.s 			page 18


 552               		.loc 1 284 27 is_stmt 0 view .LVU157
 553 0022 0E94 0000 		call _Z22timer2CompareACallbackv
 554               	.LVL38:
 555               	/* epilogue start */
 285:funsape/peripheral/timer2.cpp **** 
 556               		.loc 1 285 1 view .LVU158
 557 0026 FF91      		pop r31
 558 0028 EF91      		pop r30
 559 002a BF91      		pop r27
 560 002c AF91      		pop r26
 561 002e 9F91      		pop r25
 562 0030 8F91      		pop r24
 563 0032 7F91      		pop r23
 564 0034 6F91      		pop r22
 565 0036 5F91      		pop r21
 566 0038 4F91      		pop r20
 567 003a 3F91      		pop r19
 568 003c 2F91      		pop r18
 569 003e 0F90      		pop r0
 570 0040 0FBE      		out __SREG__,r0
 571 0042 0F90      		pop r0
 572 0044 1F90      		pop r1
 573 0046 1895      		reti
 574               		.cfi_endproc
 575               	.LFE157:
 577               		.section	.text.__vector_8,"ax",@progbits
 578               	.global	__vector_8
 580               	__vector_8:
 581               	.LFB158:
 288:funsape/peripheral/timer2.cpp ****     timer2CompareBCallback();
 582               		.loc 1 288 1 is_stmt 1 view -0
 583               		.cfi_startproc
 584 0000 1F92      		push r1
 585               	.LCFI18:
 586               		.cfi_def_cfa_offset 3
 587               		.cfi_offset 1, -2
 588 0002 0F92      		push r0
 589               	.LCFI19:
 590               		.cfi_def_cfa_offset 4
 591               		.cfi_offset 0, -3
 592 0004 0FB6      		in r0,__SREG__
 593 0006 0F92      		push r0
 594 0008 1124      		clr __zero_reg__
 595 000a 2F93      		push r18
 596               	.LCFI20:
 597               		.cfi_def_cfa_offset 5
 598               		.cfi_offset 18, -4
 599 000c 3F93      		push r19
 600               	.LCFI21:
 601               		.cfi_def_cfa_offset 6
 602               		.cfi_offset 19, -5
 603 000e 4F93      		push r20
 604               	.LCFI22:
 605               		.cfi_def_cfa_offset 7
 606               		.cfi_offset 20, -6
 607 0010 5F93      		push r21
 608               	.LCFI23:
GAS LISTING /tmp/ccsecC98.s 			page 19


 609               		.cfi_def_cfa_offset 8
 610               		.cfi_offset 21, -7
 611 0012 6F93      		push r22
 612               	.LCFI24:
 613               		.cfi_def_cfa_offset 9
 614               		.cfi_offset 22, -8
 615 0014 7F93      		push r23
 616               	.LCFI25:
 617               		.cfi_def_cfa_offset 10
 618               		.cfi_offset 23, -9
 619 0016 8F93      		push r24
 620               	.LCFI26:
 621               		.cfi_def_cfa_offset 11
 622               		.cfi_offset 24, -10
 623 0018 9F93      		push r25
 624               	.LCFI27:
 625               		.cfi_def_cfa_offset 12
 626               		.cfi_offset 25, -11
 627 001a AF93      		push r26
 628               	.LCFI28:
 629               		.cfi_def_cfa_offset 13
 630               		.cfi_offset 26, -12
 631 001c BF93      		push r27
 632               	.LCFI29:
 633               		.cfi_def_cfa_offset 14
 634               		.cfi_offset 27, -13
 635 001e EF93      		push r30
 636               	.LCFI30:
 637               		.cfi_def_cfa_offset 15
 638               		.cfi_offset 30, -14
 639 0020 FF93      		push r31
 640               	.LCFI31:
 641               		.cfi_def_cfa_offset 16
 642               		.cfi_offset 31, -15
 643               	/* prologue: Signal */
 644               	/* frame size = 0 */
 645               	/* stack size = 15 */
 646               	.L__stack_usage = 15
 289:funsape/peripheral/timer2.cpp **** }
 647               		.loc 1 289 5 view .LVU160
 289:funsape/peripheral/timer2.cpp **** }
 648               		.loc 1 289 27 is_stmt 0 view .LVU161
 649 0022 0E94 0000 		call _Z22timer2CompareBCallbackv
 650               	.LVL39:
 651               	/* epilogue start */
 290:funsape/peripheral/timer2.cpp **** 
 652               		.loc 1 290 1 view .LVU162
 653 0026 FF91      		pop r31
 654 0028 EF91      		pop r30
 655 002a BF91      		pop r27
 656 002c AF91      		pop r26
 657 002e 9F91      		pop r25
 658 0030 8F91      		pop r24
 659 0032 7F91      		pop r23
 660 0034 6F91      		pop r22
 661 0036 5F91      		pop r21
 662 0038 4F91      		pop r20
GAS LISTING /tmp/ccsecC98.s 			page 20


 663 003a 3F91      		pop r19
 664 003c 2F91      		pop r18
 665 003e 0F90      		pop r0
 666 0040 0FBE      		out __SREG__,r0
 667 0042 0F90      		pop r0
 668 0044 1F90      		pop r1
 669 0046 1895      		reti
 670               		.cfi_endproc
 671               	.LFE158:
 673               		.section	.text.__vector_9,"ax",@progbits
 674               	.global	__vector_9
 676               	__vector_9:
 677               	.LFB159:
 293:funsape/peripheral/timer2.cpp ****     timer2OverflowCallback();
 678               		.loc 1 293 1 is_stmt 1 view -0
 679               		.cfi_startproc
 680 0000 1F92      		push r1
 681               	.LCFI32:
 682               		.cfi_def_cfa_offset 3
 683               		.cfi_offset 1, -2
 684 0002 0F92      		push r0
 685               	.LCFI33:
 686               		.cfi_def_cfa_offset 4
 687               		.cfi_offset 0, -3
 688 0004 0FB6      		in r0,__SREG__
 689 0006 0F92      		push r0
 690 0008 1124      		clr __zero_reg__
 691 000a 2F93      		push r18
 692               	.LCFI34:
 693               		.cfi_def_cfa_offset 5
 694               		.cfi_offset 18, -4
 695 000c 3F93      		push r19
 696               	.LCFI35:
 697               		.cfi_def_cfa_offset 6
 698               		.cfi_offset 19, -5
 699 000e 4F93      		push r20
 700               	.LCFI36:
 701               		.cfi_def_cfa_offset 7
 702               		.cfi_offset 20, -6
 703 0010 5F93      		push r21
 704               	.LCFI37:
 705               		.cfi_def_cfa_offset 8
 706               		.cfi_offset 21, -7
 707 0012 6F93      		push r22
 708               	.LCFI38:
 709               		.cfi_def_cfa_offset 9
 710               		.cfi_offset 22, -8
 711 0014 7F93      		push r23
 712               	.LCFI39:
 713               		.cfi_def_cfa_offset 10
 714               		.cfi_offset 23, -9
 715 0016 8F93      		push r24
 716               	.LCFI40:
 717               		.cfi_def_cfa_offset 11
 718               		.cfi_offset 24, -10
 719 0018 9F93      		push r25
 720               	.LCFI41:
GAS LISTING /tmp/ccsecC98.s 			page 21


 721               		.cfi_def_cfa_offset 12
 722               		.cfi_offset 25, -11
 723 001a AF93      		push r26
 724               	.LCFI42:
 725               		.cfi_def_cfa_offset 13
 726               		.cfi_offset 26, -12
 727 001c BF93      		push r27
 728               	.LCFI43:
 729               		.cfi_def_cfa_offset 14
 730               		.cfi_offset 27, -13
 731 001e EF93      		push r30
 732               	.LCFI44:
 733               		.cfi_def_cfa_offset 15
 734               		.cfi_offset 30, -14
 735 0020 FF93      		push r31
 736               	.LCFI45:
 737               		.cfi_def_cfa_offset 16
 738               		.cfi_offset 31, -15
 739               	/* prologue: Signal */
 740               	/* frame size = 0 */
 741               	/* stack size = 15 */
 742               	.L__stack_usage = 15
 294:funsape/peripheral/timer2.cpp **** }
 743               		.loc 1 294 5 view .LVU164
 294:funsape/peripheral/timer2.cpp **** }
 744               		.loc 1 294 27 is_stmt 0 view .LVU165
 745 0022 0E94 0000 		call _Z22timer2OverflowCallbackv
 746               	.LVL40:
 747               	/* epilogue start */
 748               		.loc 1 295 1 view .LVU166
 749 0026 FF91      		pop r31
 750 0028 EF91      		pop r30
 751 002a BF91      		pop r27
 752 002c AF91      		pop r26
 753 002e 9F91      		pop r25
 754 0030 8F91      		pop r24
 755 0032 7F91      		pop r23
 756 0034 6F91      		pop r22
 757 0036 5F91      		pop r21
 758 0038 4F91      		pop r20
 759 003a 3F91      		pop r19
 760 003c 2F91      		pop r18
 761 003e 0F90      		pop r0
 762 0040 0FBE      		out __SREG__,r0
 763 0042 0F90      		pop r0
 764 0044 1F90      		pop r1
 765 0046 1895      		reti
 766               		.cfi_endproc
 767               	.LFE159:
 769               		.section	.text._GLOBAL__sub_I__ZN6Timer29_instanceE,"ax",@progbits
 771               	_GLOBAL__sub_I__ZN6Timer29_instanceE:
 772               	.LFB162:
 773               		.loc 1 295 1 is_stmt 1 view -0
 774               		.cfi_startproc
 775               	/* prologue: function */
 776               	/* frame size = 0 */
 777               	/* stack size = 0 */
GAS LISTING /tmp/ccsecC98.s 			page 22


 778               	.L__stack_usage = 0
 779               		.loc 1 295 1 is_stmt 0 view .LVU168
 780 0000 0E94 0000 		call _Z41__static_initialization_and_destruction_0v
 781               	.LVL41:
 782               	/* epilogue start */
 783 0004 0895      		ret
 784               		.cfi_endproc
 785               	.LFE162:
 787               		.global __do_global_ctors
 788               		.section .ctors,"a",@progbits
 789               		.p2align	1
 790 0000 0000      		.word	gs(_GLOBAL__sub_I__ZN6Timer29_instanceE)
 791               	.global	_ZN6Timer29_instanceE
 792               		.section	.bss._ZN6Timer29_instanceE,"aw",@nobits
 795               	_ZN6Timer29_instanceE:
 796 0000 0000 0000 		.zero	5
 796      00
 797               		.text
 798               	.Letext0:
 799               		.file 2 "/usr/avr/include/stdint.h"
 800               		.file 3 "funsape/peripheral/../config/atmega328p.hpp"
 801               		.file 4 "funsape/peripheral/../globalDefines.hpp"
 802               		.file 5 "funsape/peripheral/timer2.hpp"
GAS LISTING /tmp/ccsecC98.s 			page 23


DEFINED SYMBOLS
                            *ABS*:00000000 timer2.cpp
     /tmp/ccsecC98.s:2      *ABS*:0000003e __SP_H__
     /tmp/ccsecC98.s:3      *ABS*:0000003d __SP_L__
     /tmp/ccsecC98.s:4      *ABS*:0000003f __SREG__
     /tmp/ccsecC98.s:5      *ABS*:00000000 __tmp_reg__
     /tmp/ccsecC98.s:6      *ABS*:00000001 __zero_reg__
     /tmp/ccsecC98.s:14     .text._ZN6Timer2C2Ev:00000000 _ZN6Timer2C2Ev
     /tmp/ccsecC98.s:17     .text._ZN6Timer2C2Ev:00000000 .Loc.0
     /tmp/ccsecC98.s:18     .text._ZN6Timer2C2Ev:00000000 L0
     /tmp/ccsecC98.s:23     .text._ZN6Timer2C2Ev:00000000 .Loc.1
     /tmp/ccsecC98.s:26     .text._ZN6Timer2C2Ev:00000002 .Loc.2
     /tmp/ccsecC98.s:29     .text._ZN6Timer2C2Ev:00000004 .Loc.3
     /tmp/ccsecC98.s:32     .text._ZN6Timer2C2Ev:00000008 .Loc.4
     /tmp/ccsecC98.s:35     .text._ZN6Timer2C2Ev:0000000c .Loc.5
     /tmp/ccsecC98.s:37     .text._ZN6Timer2C2Ev:0000000e .Loc.6
     /tmp/ccsecC98.s:39     .text._ZN6Timer2C2Ev:00000010 .Loc.7
     /tmp/ccsecC98.s:40     .text._ZN6Timer2C2Ev:00000010 .Loc.8
     /tmp/ccsecC98.s:41     .text._ZN6Timer2C2Ev:00000010 .Loc.9
     /tmp/ccsecC98.s:42     .text._ZN6Timer2C2Ev:00000010 .Loc.10
     /tmp/ccsecC98.s:45     .text._ZN6Timer2C2Ev:00000010 .Loc.11
     /tmp/ccsecC98.s:47     .text._ZN6Timer2C2Ev:00000012 L0
     /tmp/ccsecC98.s:14     .text._ZN6Timer2C2Ev:00000000 _ZN6Timer2C1Ev
     /tmp/ccsecC98.s:54     .text._Z41__static_initialization_and_destruction_0v:00000000 _Z41__static_initialization_and_destruction_0v
     /tmp/ccsecC98.s:56     .text._Z41__static_initialization_and_destruction_0v:00000000 .Loc.12
     /tmp/ccsecC98.s:57     .text._Z41__static_initialization_and_destruction_0v:00000000 L0
     /tmp/ccsecC98.s:62     .text._Z41__static_initialization_and_destruction_0v:00000000 .Loc.13
     /tmp/ccsecC98.s:795    .bss._ZN6Timer29_instanceE:00000000 _ZN6Timer29_instanceE
     /tmp/ccsecC98.s:68     .text._Z41__static_initialization_and_destruction_0v:00000008 .Loc.14
     /tmp/ccsecC98.s:70     .text._Z41__static_initialization_and_destruction_0v:0000000a L0
     /tmp/ccsecC98.s:76     .text._ZN6Timer2D2Ev:00000000 _ZN6Timer2D2Ev
     /tmp/ccsecC98.s:79     .text._ZN6Timer2D2Ev:00000000 .Loc.15
     /tmp/ccsecC98.s:80     .text._ZN6Timer2D2Ev:00000000 L0
     /tmp/ccsecC98.s:86     .text._ZN6Timer2D2Ev:00000000 .Loc.16
     /tmp/ccsecC98.s:87     .text._ZN6Timer2D2Ev:00000000 .Loc.17
     /tmp/ccsecC98.s:88     .text._ZN6Timer2D2Ev:00000000 .Loc.18
     /tmp/ccsecC98.s:91     .text._ZN6Timer2D2Ev:00000000 .Loc.19
     /tmp/ccsecC98.s:93     .text._ZN6Timer2D2Ev:00000002 L0
     /tmp/ccsecC98.s:76     .text._ZN6Timer2D2Ev:00000000 _ZN6Timer2D1Ev
     /tmp/ccsecC98.s:101    .text._ZN6Timer24initENS_4ModeENS_11ClockSourceE:00000000 _ZN6Timer24initENS_4ModeENS_11ClockSourceE
     /tmp/ccsecC98.s:104    .text._ZN6Timer24initENS_4ModeENS_11ClockSourceE:00000000 .Loc.20
     /tmp/ccsecC98.s:105    .text._ZN6Timer24initENS_4ModeENS_11ClockSourceE:00000000 L0
     /tmp/ccsecC98.s:106    .text._ZN6Timer24initENS_4ModeENS_11ClockSourceE:00000000 .Loc.21
     /tmp/ccsecC98.s:120    .text._ZN6Timer24initENS_4ModeENS_11ClockSourceE:00000006 .Loc.22
     /tmp/ccsecC98.s:121    .text._ZN6Timer24initENS_4ModeENS_11ClockSourceE:00000006 .Loc.23
     /tmp/ccsecC98.s:122    .text._ZN6Timer24initENS_4ModeENS_11ClockSourceE:00000006 .Loc.24
     /tmp/ccsecC98.s:127    .text._ZN6Timer24initENS_4ModeENS_11ClockSourceE:0000000c .Loc.25
     /tmp/ccsecC98.s:128    .text._ZN6Timer24initENS_4ModeENS_11ClockSourceE:0000000c .Loc.26
     /tmp/ccsecC98.s:133    .text._ZN6Timer24initENS_4ModeENS_11ClockSourceE:00000012 .Loc.27
     /tmp/ccsecC98.s:134    .text._ZN6Timer24initENS_4ModeENS_11ClockSourceE:00000012 .Loc.28
     /tmp/ccsecC98.s:135    .text._ZN6Timer24initENS_4ModeENS_11ClockSourceE:00000012 .Loc.29
     /tmp/ccsecC98.s:136    .text._ZN6Timer24initENS_4ModeENS_11ClockSourceE:00000012 .Loc.30
     /tmp/ccsecC98.s:139    .text._ZN6Timer24initENS_4ModeENS_11ClockSourceE:00000014 .Loc.31
     /tmp/ccsecC98.s:140    .text._ZN6Timer24initENS_4ModeENS_11ClockSourceE:00000014 .Loc.32
     /tmp/ccsecC98.s:141    .text._ZN6Timer24initENS_4ModeENS_11ClockSourceE:00000014 .Loc.33
     /tmp/ccsecC98.s:144    .text._ZN6Timer24initENS_4ModeENS_11ClockSourceE:00000016 .Loc.34
     /tmp/ccsecC98.s:145    .text._ZN6Timer24initENS_4ModeENS_11ClockSourceE:00000016 .Loc.35
GAS LISTING /tmp/ccsecC98.s 			page 24


     /tmp/ccsecC98.s:146    .text._ZN6Timer24initENS_4ModeENS_11ClockSourceE:00000016 .Loc.36
     /tmp/ccsecC98.s:149    .text._ZN6Timer24initENS_4ModeENS_11ClockSourceE:00000018 .Loc.37
     /tmp/ccsecC98.s:153    .text._ZN6Timer24initENS_4ModeENS_11ClockSourceE:0000001c .Loc.38
     /tmp/ccsecC98.s:154    .text._ZN6Timer24initENS_4ModeENS_11ClockSourceE:0000001c .Loc.39
     /tmp/ccsecC98.s:155    .text._ZN6Timer24initENS_4ModeENS_11ClockSourceE:0000001c .Loc.40
     /tmp/ccsecC98.s:164    .text._ZN6Timer24initENS_4ModeENS_11ClockSourceE:0000002a .Loc.41
     /tmp/ccsecC98.s:165    .text._ZN6Timer24initENS_4ModeENS_11ClockSourceE:0000002a .Loc.42
     /tmp/ccsecC98.s:166    .text._ZN6Timer24initENS_4ModeENS_11ClockSourceE:0000002a .Loc.43
     /tmp/ccsecC98.s:169    .text._ZN6Timer24initENS_4ModeENS_11ClockSourceE:0000002c .Loc.44
     /tmp/ccsecC98.s:170    .text._ZN6Timer24initENS_4ModeENS_11ClockSourceE:0000002c .Loc.45
     /tmp/ccsecC98.s:171    .text._ZN6Timer24initENS_4ModeENS_11ClockSourceE:0000002c .Loc.46
     /tmp/ccsecC98.s:174    .text._ZN6Timer24initENS_4ModeENS_11ClockSourceE:0000002e .Loc.47
     /tmp/ccsecC98.s:175    .text._ZN6Timer24initENS_4ModeENS_11ClockSourceE:0000002e .Loc.48
     /tmp/ccsecC98.s:176    .text._ZN6Timer24initENS_4ModeENS_11ClockSourceE:0000002e .Loc.49
     /tmp/ccsecC98.s:178    .text._ZN6Timer24initENS_4ModeENS_11ClockSourceE:00000030 .Loc.50
     /tmp/ccsecC98.s:179    .text._ZN6Timer24initENS_4ModeENS_11ClockSourceE:00000030 .Loc.51
     /tmp/ccsecC98.s:181    .text._ZN6Timer24initENS_4ModeENS_11ClockSourceE:00000032 .Loc.52
     /tmp/ccsecC98.s:182    .text._ZN6Timer24initENS_4ModeENS_11ClockSourceE:00000032 .Loc.53
     /tmp/ccsecC98.s:184    .text._ZN6Timer24initENS_4ModeENS_11ClockSourceE:00000034 .Loc.54
     /tmp/ccsecC98.s:185    .text._ZN6Timer24initENS_4ModeENS_11ClockSourceE:00000034 .Loc.55
     /tmp/ccsecC98.s:187    .text._ZN6Timer24initENS_4ModeENS_11ClockSourceE:00000036 .Loc.56
     /tmp/ccsecC98.s:188    .text._ZN6Timer24initENS_4ModeENS_11ClockSourceE:00000036 .Loc.57
     /tmp/ccsecC98.s:191    .text._ZN6Timer24initENS_4ModeENS_11ClockSourceE:00000038 .Loc.58
     /tmp/ccsecC98.s:194    .text._ZN6Timer24initENS_4ModeENS_11ClockSourceE:0000003c .Loc.59
     /tmp/ccsecC98.s:195    .text._ZN6Timer24initENS_4ModeENS_11ClockSourceE:0000003c .Loc.60
     /tmp/ccsecC98.s:198    .text._ZN6Timer24initENS_4ModeENS_11ClockSourceE:00000040 .Loc.61
     /tmp/ccsecC98.s:199    .text._ZN6Timer24initENS_4ModeENS_11ClockSourceE:00000040 .Loc.62
     /tmp/ccsecC98.s:200    .text._ZN6Timer24initENS_4ModeENS_11ClockSourceE:00000040 .Loc.63
     /tmp/ccsecC98.s:206    .text._ZN6Timer24initENS_4ModeENS_11ClockSourceE:00000048 L0
     /tmp/ccsecC98.s:212    .text._ZN6Timer214setClockSourceENS_11ClockSourceE:00000000 _ZN6Timer214setClockSourceENS_11ClockSourceE
     /tmp/ccsecC98.s:215    .text._ZN6Timer214setClockSourceENS_11ClockSourceE:00000000 .Loc.64
     /tmp/ccsecC98.s:216    .text._ZN6Timer214setClockSourceENS_11ClockSourceE:00000000 L0
     /tmp/ccsecC98.s:221    .text._ZN6Timer214setClockSourceENS_11ClockSourceE:00000000 .Loc.65
     /tmp/ccsecC98.s:223    .text._ZN6Timer214setClockSourceENS_11ClockSourceE:00000002 .Loc.66
     /tmp/ccsecC98.s:224    .text._ZN6Timer214setClockSourceENS_11ClockSourceE:00000002 .Loc.67
     /tmp/ccsecC98.s:225    .text._ZN6Timer214setClockSourceENS_11ClockSourceE:00000002 .Loc.68
     /tmp/ccsecC98.s:230    .text._ZN6Timer214setClockSourceENS_11ClockSourceE:00000008 .Loc.69
     /tmp/ccsecC98.s:231    .text._ZN6Timer214setClockSourceENS_11ClockSourceE:00000008 .Loc.70
     /tmp/ccsecC98.s:234    .text._ZN6Timer214setClockSourceENS_11ClockSourceE:0000000a .Loc.71
     /tmp/ccsecC98.s:235    .text._ZN6Timer214setClockSourceENS_11ClockSourceE:0000000a .Loc.72
     /tmp/ccsecC98.s:236    .text._ZN6Timer214setClockSourceENS_11ClockSourceE:0000000a .Loc.73
     /tmp/ccsecC98.s:239    .text._ZN6Timer214setClockSourceENS_11ClockSourceE:0000000c .Loc.74
     /tmp/ccsecC98.s:242    .text._ZN6Timer214setClockSourceENS_11ClockSourceE:0000000e .Loc.75
     /tmp/ccsecC98.s:243    .text._ZN6Timer214setClockSourceENS_11ClockSourceE:0000000e .Loc.76
     /tmp/ccsecC98.s:244    .text._ZN6Timer214setClockSourceENS_11ClockSourceE:0000000e .Loc.77
     /tmp/ccsecC98.s:246    .text._ZN6Timer214setClockSourceENS_11ClockSourceE:00000010 .Loc.78
     /tmp/ccsecC98.s:247    .text._ZN6Timer214setClockSourceENS_11ClockSourceE:00000010 .Loc.79
     /tmp/ccsecC98.s:249    .text._ZN6Timer214setClockSourceENS_11ClockSourceE:00000012 .Loc.80
     /tmp/ccsecC98.s:250    .text._ZN6Timer214setClockSourceENS_11ClockSourceE:00000012 .Loc.81
     /tmp/ccsecC98.s:253    .text._ZN6Timer214setClockSourceENS_11ClockSourceE:00000016 .Loc.82
     /tmp/ccsecC98.s:254    .text._ZN6Timer214setClockSourceENS_11ClockSourceE:00000016 .Loc.83
     /tmp/ccsecC98.s:255    .text._ZN6Timer214setClockSourceENS_11ClockSourceE:00000016 .Loc.84
     /tmp/ccsecC98.s:259    .text._ZN6Timer214setClockSourceENS_11ClockSourceE:00000018 .Loc.85
     /tmp/ccsecC98.s:261    .text._ZN6Timer214setClockSourceENS_11ClockSourceE:0000001a L0
     /tmp/ccsecC98.s:267    .text._ZN6Timer27setModeENS_4ModeE:00000000 _ZN6Timer27setModeENS_4ModeE
     /tmp/ccsecC98.s:270    .text._ZN6Timer27setModeENS_4ModeE:00000000 .Loc.86
     /tmp/ccsecC98.s:271    .text._ZN6Timer27setModeENS_4ModeE:00000000 L0
GAS LISTING /tmp/ccsecC98.s 			page 25


     /tmp/ccsecC98.s:272    .text._ZN6Timer27setModeENS_4ModeE:00000000 .Loc.87
     /tmp/ccsecC98.s:286    .text._ZN6Timer27setModeENS_4ModeE:00000006 .Loc.88
     /tmp/ccsecC98.s:287    .text._ZN6Timer27setModeENS_4ModeE:00000006 .Loc.89
     /tmp/ccsecC98.s:288    .text._ZN6Timer27setModeENS_4ModeE:00000006 .Loc.90
     /tmp/ccsecC98.s:294    .text._ZN6Timer27setModeENS_4ModeE:0000000e .Loc.91
     /tmp/ccsecC98.s:295    .text._ZN6Timer27setModeENS_4ModeE:0000000e .Loc.92
     /tmp/ccsecC98.s:300    .text._ZN6Timer27setModeENS_4ModeE:00000014 .Loc.93
     /tmp/ccsecC98.s:301    .text._ZN6Timer27setModeENS_4ModeE:00000014 .Loc.94
     /tmp/ccsecC98.s:302    .text._ZN6Timer27setModeENS_4ModeE:00000014 .Loc.95
     /tmp/ccsecC98.s:303    .text._ZN6Timer27setModeENS_4ModeE:00000014 .Loc.96
     /tmp/ccsecC98.s:306    .text._ZN6Timer27setModeENS_4ModeE:00000016 .Loc.97
     /tmp/ccsecC98.s:307    .text._ZN6Timer27setModeENS_4ModeE:00000016 .Loc.98
     /tmp/ccsecC98.s:308    .text._ZN6Timer27setModeENS_4ModeE:00000016 .Loc.99
     /tmp/ccsecC98.s:311    .text._ZN6Timer27setModeENS_4ModeE:00000018 .Loc.100
     /tmp/ccsecC98.s:312    .text._ZN6Timer27setModeENS_4ModeE:00000018 .Loc.101
     /tmp/ccsecC98.s:313    .text._ZN6Timer27setModeENS_4ModeE:00000018 .Loc.102
     /tmp/ccsecC98.s:318    .text._ZN6Timer27setModeENS_4ModeE:0000001e .Loc.103
     /tmp/ccsecC98.s:319    .text._ZN6Timer27setModeENS_4ModeE:0000001e .Loc.104
     /tmp/ccsecC98.s:320    .text._ZN6Timer27setModeENS_4ModeE:0000001e .Loc.105
     /tmp/ccsecC98.s:329    .text._ZN6Timer27setModeENS_4ModeE:0000002c .Loc.106
     /tmp/ccsecC98.s:330    .text._ZN6Timer27setModeENS_4ModeE:0000002c .Loc.107
     /tmp/ccsecC98.s:331    .text._ZN6Timer27setModeENS_4ModeE:0000002c .Loc.108
     /tmp/ccsecC98.s:334    .text._ZN6Timer27setModeENS_4ModeE:00000030 .Loc.109
     /tmp/ccsecC98.s:335    .text._ZN6Timer27setModeENS_4ModeE:00000030 .Loc.110
     /tmp/ccsecC98.s:337    .text._ZN6Timer27setModeENS_4ModeE:00000032 .Loc.111
     /tmp/ccsecC98.s:338    .text._ZN6Timer27setModeENS_4ModeE:00000032 .Loc.112
     /tmp/ccsecC98.s:340    .text._ZN6Timer27setModeENS_4ModeE:00000034 .Loc.113
     /tmp/ccsecC98.s:341    .text._ZN6Timer27setModeENS_4ModeE:00000034 .Loc.114
     /tmp/ccsecC98.s:344    .text._ZN6Timer27setModeENS_4ModeE:00000038 .Loc.115
     /tmp/ccsecC98.s:345    .text._ZN6Timer27setModeENS_4ModeE:00000038 .Loc.116
     /tmp/ccsecC98.s:346    .text._ZN6Timer27setModeENS_4ModeE:00000038 .Loc.117
     /tmp/ccsecC98.s:350    .text._ZN6Timer27setModeENS_4ModeE:0000003a .Loc.118
     /tmp/ccsecC98.s:354    .text._ZN6Timer27setModeENS_4ModeE:00000040 L0
     /tmp/ccsecC98.s:360    .text._ZN6Timer213setOutputModeENS_10OutputModeES0_:00000000 _ZN6Timer213setOutputModeENS_10OutputModeES0_
     /tmp/ccsecC98.s:363    .text._ZN6Timer213setOutputModeENS_10OutputModeES0_:00000000 .Loc.119
     /tmp/ccsecC98.s:364    .text._ZN6Timer213setOutputModeENS_10OutputModeES0_:00000000 L0
     /tmp/ccsecC98.s:369    .text._ZN6Timer213setOutputModeENS_10OutputModeES0_:00000000 .Loc.120
     /tmp/ccsecC98.s:371    .text._ZN6Timer213setOutputModeENS_10OutputModeES0_:00000002 .Loc.121
     /tmp/ccsecC98.s:372    .text._ZN6Timer213setOutputModeENS_10OutputModeES0_:00000002 .Loc.122
     /tmp/ccsecC98.s:373    .text._ZN6Timer213setOutputModeENS_10OutputModeES0_:00000002 .Loc.123
     /tmp/ccsecC98.s:378    .text._ZN6Timer213setOutputModeENS_10OutputModeES0_:00000008 .Loc.124
     /tmp/ccsecC98.s:379    .text._ZN6Timer213setOutputModeENS_10OutputModeES0_:00000008 .Loc.125
     /tmp/ccsecC98.s:382    .text._ZN6Timer213setOutputModeENS_10OutputModeES0_:0000000a .Loc.126
     /tmp/ccsecC98.s:383    .text._ZN6Timer213setOutputModeENS_10OutputModeES0_:0000000a .Loc.127
     /tmp/ccsecC98.s:384    .text._ZN6Timer213setOutputModeENS_10OutputModeES0_:0000000a .Loc.128
     /tmp/ccsecC98.s:387    .text._ZN6Timer213setOutputModeENS_10OutputModeES0_:0000000c .Loc.129
     /tmp/ccsecC98.s:393    .text._ZN6Timer213setOutputModeENS_10OutputModeES0_:00000014 .Loc.130
     /tmp/ccsecC98.s:394    .text._ZN6Timer213setOutputModeENS_10OutputModeES0_:00000014 .Loc.131
     /tmp/ccsecC98.s:395    .text._ZN6Timer213setOutputModeENS_10OutputModeES0_:00000014 .Loc.132
     /tmp/ccsecC98.s:398    .text._ZN6Timer213setOutputModeENS_10OutputModeES0_:00000016 .Loc.133
     /tmp/ccsecC98.s:399    .text._ZN6Timer213setOutputModeENS_10OutputModeES0_:00000016 .Loc.134
     /tmp/ccsecC98.s:400    .text._ZN6Timer213setOutputModeENS_10OutputModeES0_:00000016 .Loc.135
     /tmp/ccsecC98.s:403    .text._ZN6Timer213setOutputModeENS_10OutputModeES0_:00000018 .Loc.136
     /tmp/ccsecC98.s:407    .text._ZN6Timer213setOutputModeENS_10OutputModeES0_:0000001c .Loc.137
     /tmp/ccsecC98.s:408    .text._ZN6Timer213setOutputModeENS_10OutputModeES0_:0000001c .Loc.138
     /tmp/ccsecC98.s:409    .text._ZN6Timer213setOutputModeENS_10OutputModeES0_:0000001c .Loc.139
     /tmp/ccsecC98.s:411    .text._ZN6Timer213setOutputModeENS_10OutputModeES0_:0000001e .Loc.140
GAS LISTING /tmp/ccsecC98.s 			page 26


     /tmp/ccsecC98.s:412    .text._ZN6Timer213setOutputModeENS_10OutputModeES0_:0000001e .Loc.141
     /tmp/ccsecC98.s:416    .text._ZN6Timer213setOutputModeENS_10OutputModeES0_:00000024 .Loc.142
     /tmp/ccsecC98.s:417    .text._ZN6Timer213setOutputModeENS_10OutputModeES0_:00000024 .Loc.143
     /tmp/ccsecC98.s:418    .text._ZN6Timer213setOutputModeENS_10OutputModeES0_:00000024 .Loc.144
     /tmp/ccsecC98.s:422    .text._ZN6Timer213setOutputModeENS_10OutputModeES0_:00000026 .Loc.145
     /tmp/ccsecC98.s:424    .text._ZN6Timer213setOutputModeENS_10OutputModeES0_:00000028 L0
     /tmp/ccsecC98.s:430    .text._Z22timer2CompareACallbackv:00000000 _Z22timer2CompareACallbackv
     /tmp/ccsecC98.s:432    .text._Z22timer2CompareACallbackv:00000000 .Loc.146
     /tmp/ccsecC98.s:433    .text._Z22timer2CompareACallbackv:00000000 L0
     /tmp/ccsecC98.s:438    .text._Z22timer2CompareACallbackv:00000000 .Loc.147
     /tmp/ccsecC98.s:440    .text._Z22timer2CompareACallbackv:00000000 .Loc.148
     /tmp/ccsecC98.s:442    .text._Z22timer2CompareACallbackv:00000002 L0
     /tmp/ccsecC98.s:448    .text._Z22timer2CompareBCallbackv:00000000 _Z22timer2CompareBCallbackv
     /tmp/ccsecC98.s:450    .text._Z22timer2CompareBCallbackv:00000000 .Loc.149
     /tmp/ccsecC98.s:451    .text._Z22timer2CompareBCallbackv:00000000 L0
     /tmp/ccsecC98.s:456    .text._Z22timer2CompareBCallbackv:00000000 .Loc.150
     /tmp/ccsecC98.s:458    .text._Z22timer2CompareBCallbackv:00000000 .Loc.151
     /tmp/ccsecC98.s:460    .text._Z22timer2CompareBCallbackv:00000002 L0
     /tmp/ccsecC98.s:466    .text._Z22timer2OverflowCallbackv:00000000 _Z22timer2OverflowCallbackv
     /tmp/ccsecC98.s:468    .text._Z22timer2OverflowCallbackv:00000000 .Loc.152
     /tmp/ccsecC98.s:469    .text._Z22timer2OverflowCallbackv:00000000 L0
     /tmp/ccsecC98.s:474    .text._Z22timer2OverflowCallbackv:00000000 .Loc.153
     /tmp/ccsecC98.s:476    .text._Z22timer2OverflowCallbackv:00000000 .Loc.154
     /tmp/ccsecC98.s:478    .text._Z22timer2OverflowCallbackv:00000002 L0
     /tmp/ccsecC98.s:484    .text.__vector_7:00000000 __vector_7
     /tmp/ccsecC98.s:486    .text.__vector_7:00000000 .Loc.155
     /tmp/ccsecC98.s:487    .text.__vector_7:00000000 L0
     /tmp/ccsecC98.s:551    .text.__vector_7:00000022 .Loc.156
     /tmp/ccsecC98.s:552    .text.__vector_7:00000022 .Loc.157
     /tmp/ccsecC98.s:556    .text.__vector_7:00000026 .Loc.158
     /tmp/ccsecC98.s:574    .text.__vector_7:00000048 L0
     /tmp/ccsecC98.s:580    .text.__vector_8:00000000 __vector_8
     /tmp/ccsecC98.s:582    .text.__vector_8:00000000 .Loc.159
     /tmp/ccsecC98.s:583    .text.__vector_8:00000000 L0
     /tmp/ccsecC98.s:647    .text.__vector_8:00000022 .Loc.160
     /tmp/ccsecC98.s:648    .text.__vector_8:00000022 .Loc.161
     /tmp/ccsecC98.s:652    .text.__vector_8:00000026 .Loc.162
     /tmp/ccsecC98.s:670    .text.__vector_8:00000048 L0
     /tmp/ccsecC98.s:676    .text.__vector_9:00000000 __vector_9
     /tmp/ccsecC98.s:678    .text.__vector_9:00000000 .Loc.163
     /tmp/ccsecC98.s:679    .text.__vector_9:00000000 L0
     /tmp/ccsecC98.s:743    .text.__vector_9:00000022 .Loc.164
     /tmp/ccsecC98.s:744    .text.__vector_9:00000022 .Loc.165
     /tmp/ccsecC98.s:748    .text.__vector_9:00000026 .Loc.166
     /tmp/ccsecC98.s:766    .text.__vector_9:00000048 L0
     /tmp/ccsecC98.s:771    .text._GLOBAL__sub_I__ZN6Timer29_instanceE:00000000 _GLOBAL__sub_I__ZN6Timer29_instanceE
     /tmp/ccsecC98.s:773    .text._GLOBAL__sub_I__ZN6Timer29_instanceE:00000000 .Loc.167
     /tmp/ccsecC98.s:774    .text._GLOBAL__sub_I__ZN6Timer29_instanceE:00000000 L0
     /tmp/ccsecC98.s:779    .text._GLOBAL__sub_I__ZN6Timer29_instanceE:00000000 .Loc.168
     /tmp/ccsecC98.s:784    .text._GLOBAL__sub_I__ZN6Timer29_instanceE:00000006 L0
     /tmp/ccsecC98.s:52     .text._ZN6Timer2C2Ev:00000012 L0
     /tmp/ccsecC98.s:73     .text._Z41__static_initialization_and_destruction_0v:0000000a L0
     /tmp/ccsecC98.s:98     .text._ZN6Timer2D2Ev:00000002 L0
     /tmp/ccsecC98.s:209    .text._ZN6Timer24initENS_4ModeENS_11ClockSourceE:00000048 L0
     /tmp/ccsecC98.s:264    .text._ZN6Timer214setClockSourceENS_11ClockSourceE:0000001a L0
     /tmp/ccsecC98.s:357    .text._ZN6Timer27setModeENS_4ModeE:00000040 L0
     /tmp/ccsecC98.s:427    .text._ZN6Timer213setOutputModeENS_10OutputModeES0_:00000028 L0
GAS LISTING /tmp/ccsecC98.s 			page 27


     /tmp/ccsecC98.s:445    .text._Z22timer2CompareACallbackv:00000002 L0
     /tmp/ccsecC98.s:463    .text._Z22timer2CompareBCallbackv:00000002 L0
     /tmp/ccsecC98.s:481    .text._Z22timer2OverflowCallbackv:00000002 L0
     /tmp/ccsecC98.s:577    .text.__vector_7:00000048 L0
     /tmp/ccsecC98.s:673    .text.__vector_8:00000048 L0
     /tmp/ccsecC98.s:769    .text.__vector_9:00000048 L0
     /tmp/ccsecC98.s:788    .text._GLOBAL__sub_I__ZN6Timer29_instanceE:00000006 L0
                     .debug_frame:00000000 L0
     /tmp/ccsecC98.s:2096   .debug_abbrev:00000000 .Ldebug_abbrev0
     /tmp/ccsecC98.s:3576   .debug_ranges:00000000 .Ldebug_ranges0
     /tmp/ccsecC98.s:3608   .debug_line:00000000 .Ldebug_line0
     /tmp/ccsecC98.s:772    .text._GLOBAL__sub_I__ZN6Timer29_instanceE:00000000 .LFB162
     /tmp/ccsecC98.s:785    .text._GLOBAL__sub_I__ZN6Timer29_instanceE:00000006 .LFE162
     /tmp/ccsecC98.s:781    .text._GLOBAL__sub_I__ZN6Timer29_instanceE:00000004 .LVL41
     /tmp/ccsecC98.s:55     .text._Z41__static_initialization_and_destruction_0v:00000000 .LFB160
     /tmp/ccsecC98.s:71     .text._Z41__static_initialization_and_destruction_0v:0000000a .LFE160
     /tmp/ccsecC98.s:66     .text._Z41__static_initialization_and_destruction_0v:00000008 .LVL2
     /tmp/ccsecC98.s:677    .text.__vector_9:00000000 .LFB159
     /tmp/ccsecC98.s:767    .text.__vector_9:00000048 .LFE159
     /tmp/ccsecC98.s:2906   .debug_loc:00000000 .LLST19
     /tmp/ccsecC98.s:746    .text.__vector_9:00000026 .LVL40
     /tmp/ccsecC98.s:581    .text.__vector_8:00000000 .LFB158
     /tmp/ccsecC98.s:671    .text.__vector_8:00000048 .LFE158
     /tmp/ccsecC98.s:2999   .debug_loc:000000cb .LLST18
     /tmp/ccsecC98.s:650    .text.__vector_8:00000026 .LVL39
     /tmp/ccsecC98.s:485    .text.__vector_7:00000000 .LFB157
     /tmp/ccsecC98.s:575    .text.__vector_7:00000048 .LFE157
     /tmp/ccsecC98.s:3092   .debug_loc:00000196 .LLST17
     /tmp/ccsecC98.s:554    .text.__vector_7:00000026 .LVL38
     /tmp/ccsecC98.s:467    .text._Z22timer2OverflowCallbackv:00000000 .LFB156
     /tmp/ccsecC98.s:479    .text._Z22timer2OverflowCallbackv:00000002 .LFE156
     /tmp/ccsecC98.s:449    .text._Z22timer2CompareBCallbackv:00000000 .LFB155
     /tmp/ccsecC98.s:461    .text._Z22timer2CompareBCallbackv:00000002 .LFE155
     /tmp/ccsecC98.s:431    .text._Z22timer2CompareACallbackv:00000000 .LFB154
     /tmp/ccsecC98.s:443    .text._Z22timer2CompareACallbackv:00000002 .LFE154
     /tmp/ccsecC98.s:362    .text._ZN6Timer213setOutputModeENS_10OutputModeES0_:00000000 .LFB153
     /tmp/ccsecC98.s:425    .text._ZN6Timer213setOutputModeENS_10OutputModeES0_:00000028 .LFE153
     /tmp/ccsecC98.s:3190   .debug_loc:00000265 .LLST13
     /tmp/ccsecC98.s:3185   .debug_loc:00000261 .LVUS13
     /tmp/ccsecC98.s:3213   .debug_loc:0000028e .LLST14
     /tmp/ccsecC98.s:3208   .debug_loc:0000028a .LVUS14
     /tmp/ccsecC98.s:3238   .debug_loc:000002b9 .LLST15
     /tmp/ccsecC98.s:3233   .debug_loc:000002b5 .LVUS15
     /tmp/ccsecC98.s:3265   .debug_loc:000002e6 .LLST16
     /tmp/ccsecC98.s:3258   .debug_loc:000002e0 .LVUS16
     /tmp/ccsecC98.s:269    .text._ZN6Timer27setModeENS_4ModeE:00000000 .LFB152
     /tmp/ccsecC98.s:355    .text._ZN6Timer27setModeENS_4ModeE:00000040 .LFE152
     /tmp/ccsecC98.s:3280   .debug_loc:0000030f .LLST8
     /tmp/ccsecC98.s:3306   .debug_loc:00000342 .LLST9
     /tmp/ccsecC98.s:3301   .debug_loc:0000033e .LVUS9
     /tmp/ccsecC98.s:3332   .debug_loc:0000036e .LLST10
     /tmp/ccsecC98.s:3327   .debug_loc:0000036a .LVUS10
     /tmp/ccsecC98.s:3348   .debug_loc:00000390 .LLST11
     /tmp/ccsecC98.s:3343   .debug_loc:0000038c .LVUS11
     /tmp/ccsecC98.s:3362   .debug_loc:000003b0 .LLST12
     /tmp/ccsecC98.s:3359   .debug_loc:000003ae .LVUS12
     /tmp/ccsecC98.s:214    .text._ZN6Timer214setClockSourceENS_11ClockSourceE:00000000 .LFB151
GAS LISTING /tmp/ccsecC98.s 			page 28


     /tmp/ccsecC98.s:262    .text._ZN6Timer214setClockSourceENS_11ClockSourceE:0000001a .LFE151
     /tmp/ccsecC98.s:3374   .debug_loc:000003c7 .LLST6
     /tmp/ccsecC98.s:3369   .debug_loc:000003c3 .LVUS6
     /tmp/ccsecC98.s:3402   .debug_loc:000003f5 .LLST7
     /tmp/ccsecC98.s:3395   .debug_loc:000003ef .LVUS7
     /tmp/ccsecC98.s:103    .text._ZN6Timer24initENS_4ModeENS_11ClockSourceE:00000000 .LFB150
     /tmp/ccsecC98.s:207    .text._ZN6Timer24initENS_4ModeENS_11ClockSourceE:00000048 .LFE150
     /tmp/ccsecC98.s:3422   .debug_loc:00000423 .LLST1
     /tmp/ccsecC98.s:3448   .debug_loc:00000456 .LLST2
     /tmp/ccsecC98.s:3443   .debug_loc:00000452 .LVUS2
     /tmp/ccsecC98.s:3474   .debug_loc:00000482 .LLST3
     /tmp/ccsecC98.s:3469   .debug_loc:0000047e .LVUS3
     /tmp/ccsecC98.s:3490   .debug_loc:000004a4 .LLST4
     /tmp/ccsecC98.s:3485   .debug_loc:000004a0 .LVUS4
     /tmp/ccsecC98.s:3504   .debug_loc:000004c4 .LLST5
     /tmp/ccsecC98.s:3501   .debug_loc:000004c2 .LVUS5
     /tmp/ccsecC98.s:78     .text._ZN6Timer2D2Ev:00000000 .LFB148
     /tmp/ccsecC98.s:94     .text._ZN6Timer2D2Ev:00000002 .LFE148
     /tmp/ccsecC98.s:16     .text._ZN6Timer2C2Ev:00000000 .LFB145
     /tmp/ccsecC98.s:48     .text._ZN6Timer2C2Ev:00000012 .LFE145
     /tmp/ccsecC98.s:3516   .debug_loc:000004db .LLST0
     /tmp/ccsecC98.s:3511   .debug_loc:000004d7 .LVUS0
     /tmp/ccsecC98.s:681    .text.__vector_9:00000002 .LCFI32
     /tmp/ccsecC98.s:685    .text.__vector_9:00000004 .LCFI33
     /tmp/ccsecC98.s:692    .text.__vector_9:0000000c .LCFI34
     /tmp/ccsecC98.s:696    .text.__vector_9:0000000e .LCFI35
     /tmp/ccsecC98.s:700    .text.__vector_9:00000010 .LCFI36
     /tmp/ccsecC98.s:704    .text.__vector_9:00000012 .LCFI37
     /tmp/ccsecC98.s:708    .text.__vector_9:00000014 .LCFI38
     /tmp/ccsecC98.s:712    .text.__vector_9:00000016 .LCFI39
     /tmp/ccsecC98.s:716    .text.__vector_9:00000018 .LCFI40
     /tmp/ccsecC98.s:720    .text.__vector_9:0000001a .LCFI41
     /tmp/ccsecC98.s:724    .text.__vector_9:0000001c .LCFI42
     /tmp/ccsecC98.s:728    .text.__vector_9:0000001e .LCFI43
     /tmp/ccsecC98.s:732    .text.__vector_9:00000020 .LCFI44
     /tmp/ccsecC98.s:736    .text.__vector_9:00000022 .LCFI45
     /tmp/ccsecC98.s:585    .text.__vector_8:00000002 .LCFI18
     /tmp/ccsecC98.s:589    .text.__vector_8:00000004 .LCFI19
     /tmp/ccsecC98.s:596    .text.__vector_8:0000000c .LCFI20
     /tmp/ccsecC98.s:600    .text.__vector_8:0000000e .LCFI21
     /tmp/ccsecC98.s:604    .text.__vector_8:00000010 .LCFI22
     /tmp/ccsecC98.s:608    .text.__vector_8:00000012 .LCFI23
     /tmp/ccsecC98.s:612    .text.__vector_8:00000014 .LCFI24
     /tmp/ccsecC98.s:616    .text.__vector_8:00000016 .LCFI25
     /tmp/ccsecC98.s:620    .text.__vector_8:00000018 .LCFI26
     /tmp/ccsecC98.s:624    .text.__vector_8:0000001a .LCFI27
     /tmp/ccsecC98.s:628    .text.__vector_8:0000001c .LCFI28
     /tmp/ccsecC98.s:632    .text.__vector_8:0000001e .LCFI29
     /tmp/ccsecC98.s:636    .text.__vector_8:00000020 .LCFI30
     /tmp/ccsecC98.s:640    .text.__vector_8:00000022 .LCFI31
     /tmp/ccsecC98.s:489    .text.__vector_7:00000002 .LCFI4
     /tmp/ccsecC98.s:493    .text.__vector_7:00000004 .LCFI5
     /tmp/ccsecC98.s:500    .text.__vector_7:0000000c .LCFI6
     /tmp/ccsecC98.s:504    .text.__vector_7:0000000e .LCFI7
     /tmp/ccsecC98.s:508    .text.__vector_7:00000010 .LCFI8
     /tmp/ccsecC98.s:512    .text.__vector_7:00000012 .LCFI9
     /tmp/ccsecC98.s:516    .text.__vector_7:00000014 .LCFI10
GAS LISTING /tmp/ccsecC98.s 			page 29


     /tmp/ccsecC98.s:520    .text.__vector_7:00000016 .LCFI11
     /tmp/ccsecC98.s:524    .text.__vector_7:00000018 .LCFI12
     /tmp/ccsecC98.s:528    .text.__vector_7:0000001a .LCFI13
     /tmp/ccsecC98.s:532    .text.__vector_7:0000001c .LCFI14
     /tmp/ccsecC98.s:536    .text.__vector_7:0000001e .LCFI15
     /tmp/ccsecC98.s:540    .text.__vector_7:00000020 .LCFI16
     /tmp/ccsecC98.s:544    .text.__vector_7:00000022 .LCFI17
     /tmp/ccsecC98.s:361    .text._ZN6Timer213setOutputModeENS_10OutputModeES0_:00000000 .LVL29
     /tmp/ccsecC98.s:420    .text._ZN6Timer213setOutputModeENS_10OutputModeES0_:00000026 .LVL37
     /tmp/ccsecC98.s:386    .text._ZN6Timer213setOutputModeENS_10OutputModeES0_:0000000c .LVL32
     /tmp/ccsecC98.s:402    .text._ZN6Timer213setOutputModeENS_10OutputModeES0_:00000018 .LVL35
     /tmp/ccsecC98.s:377    .text._ZN6Timer213setOutputModeENS_10OutputModeES0_:00000008 .LVL30
     /tmp/ccsecC98.s:392    .text._ZN6Timer213setOutputModeENS_10OutputModeES0_:00000014 .LVL33
     /tmp/ccsecC98.s:406    .text._ZN6Timer213setOutputModeENS_10OutputModeES0_:0000001c .LVL36
     /tmp/ccsecC98.s:274    .text._ZN6Timer27setModeENS_4ModeE:00000002 .LCFI2
     /tmp/ccsecC98.s:278    .text._ZN6Timer27setModeENS_4ModeE:00000004 .LCFI3
     /tmp/ccsecC98.s:268    .text._ZN6Timer27setModeENS_4ModeE:00000000 .LVL21
     /tmp/ccsecC98.s:348    .text._ZN6Timer27setModeENS_4ModeE:0000003a .LVL28
     /tmp/ccsecC98.s:293    .text._ZN6Timer27setModeENS_4ModeE:0000000e .LVL22
     /tmp/ccsecC98.s:317    .text._ZN6Timer27setModeENS_4ModeE:0000001e .LVL26
     /tmp/ccsecC98.s:299    .text._ZN6Timer27setModeENS_4ModeE:00000014 .LVL23
     /tmp/ccsecC98.s:328    .text._ZN6Timer27setModeENS_4ModeE:0000002c .LVL27
     /tmp/ccsecC98.s:213    .text._ZN6Timer214setClockSourceENS_11ClockSourceE:00000000 .LVL15
     /tmp/ccsecC98.s:238    .text._ZN6Timer214setClockSourceENS_11ClockSourceE:0000000c .LVL18
     /tmp/ccsecC98.s:229    .text._ZN6Timer214setClockSourceENS_11ClockSourceE:00000008 .LVL16
     /tmp/ccsecC98.s:241    .text._ZN6Timer214setClockSourceENS_11ClockSourceE:0000000e .LVL19
     /tmp/ccsecC98.s:257    .text._ZN6Timer214setClockSourceENS_11ClockSourceE:00000018 .LVL20
     /tmp/ccsecC98.s:108    .text._ZN6Timer24initENS_4ModeENS_11ClockSourceE:00000002 .LCFI0
     /tmp/ccsecC98.s:112    .text._ZN6Timer24initENS_4ModeENS_11ClockSourceE:00000004 .LCFI1
     /tmp/ccsecC98.s:102    .text._ZN6Timer24initENS_4ModeENS_11ClockSourceE:00000000 .LVL4
     /tmp/ccsecC98.s:148    .text._ZN6Timer24initENS_4ModeENS_11ClockSourceE:00000018 .LVL9
     /tmp/ccsecC98.s:126    .text._ZN6Timer24initENS_4ModeENS_11ClockSourceE:0000000c .LVL5
     /tmp/ccsecC98.s:152    .text._ZN6Timer24initENS_4ModeENS_11ClockSourceE:0000001c .LVL10
     /tmp/ccsecC98.s:190    .text._ZN6Timer24initENS_4ModeENS_11ClockSourceE:00000038 .LVL14
     /tmp/ccsecC98.s:132    .text._ZN6Timer24initENS_4ModeENS_11ClockSourceE:00000012 .LVL6
     /tmp/ccsecC98.s:163    .text._ZN6Timer24initENS_4ModeENS_11ClockSourceE:0000002a .LVL11
     /tmp/ccsecC98.s:15     .text._ZN6Timer2C2Ev:00000000 .LVL0
     /tmp/ccsecC98.s:28     .text._ZN6Timer2C2Ev:00000004 .LVL1
     /tmp/ccsecC98.s:804    .debug_info:00000000 .Ldebug_info0

UNDEFINED SYMBOLS
__do_global_ctors
__do_clear_bss
